running egg_info
creating ../../build/pinky_simple_navigator/pinky_simple_navigator.egg-info
writing ../../build/pinky_simple_navigator/pinky_simple_navigator.egg-info/PKG-INFO
writing dependency_links to ../../build/pinky_simple_navigator/pinky_simple_navigator.egg-info/dependency_links.txt
writing entry points to ../../build/pinky_simple_navigator/pinky_simple_navigator.egg-info/entry_points.txt
writing requirements to ../../build/pinky_simple_navigator/pinky_simple_navigator.egg-info/requires.txt
writing top-level names to ../../build/pinky_simple_navigator/pinky_simple_navigator.egg-info/top_level.txt
writing manifest file '../../build/pinky_simple_navigator/pinky_simple_navigator.egg-info/SOURCES.txt'
reading manifest file '../../build/pinky_simple_navigator/pinky_simple_navigator.egg-info/SOURCES.txt'
writing manifest file '../../build/pinky_simple_navigator/pinky_simple_navigator.egg-info/SOURCES.txt'
running build
running build_py
creating /home/addinedu/pinky/src/build/pinky_simple_navigator/build
creating /home/addinedu/pinky/src/build/pinky_simple_navigator/build/lib
creating /home/addinedu/pinky/src/build/pinky_simple_navigator/build/lib/pinky_simple_navigator
copying pinky_simple_navigator/__init__.py -> /home/addinedu/pinky/src/build/pinky_simple_navigator/build/lib/pinky_simple_navigator
copying pinky_simple_navigator/simple_navigator.py -> /home/addinedu/pinky/src/build/pinky_simple_navigator/build/lib/pinky_simple_navigator
running install
running install_lib
creating /home/addinedu/pinky/src/install/pinky_simple_navigator/lib/python3.12/site-packages/pinky_simple_navigator
copying /home/addinedu/pinky/src/build/pinky_simple_navigator/build/lib/pinky_simple_navigator/__init__.py -> /home/addinedu/pinky/src/install/pinky_simple_navigator/lib/python3.12/site-packages/pinky_simple_navigator
copying /home/addinedu/pinky/src/build/pinky_simple_navigator/build/lib/pinky_simple_navigator/simple_navigator.py -> /home/addinedu/pinky/src/install/pinky_simple_navigator/lib/python3.12/site-packages/pinky_simple_navigator
byte-compiling /home/addinedu/pinky/src/install/pinky_simple_navigator/lib/python3.12/site-packages/pinky_simple_navigator/__init__.py to __init__.cpython-312.pyc
byte-compiling /home/addinedu/pinky/src/install/pinky_simple_navigator/lib/python3.12/site-packages/pinky_simple_navigator/simple_navigator.py to simple_navigator.cpython-312.pyc
running install_data
creating /home/addinedu/pinky/src/install/pinky_simple_navigator/share/ament_index
creating /home/addinedu/pinky/src/install/pinky_simple_navigator/share/ament_index/resource_index
creating /home/addinedu/pinky/src/install/pinky_simple_navigator/share/ament_index/resource_index/packages
copying resource/pinky_simple_navigator -> /home/addinedu/pinky/src/install/pinky_simple_navigator/share/ament_index/resource_index/packages
copying package.xml -> /home/addinedu/pinky/src/install/pinky_simple_navigator/share/pinky_simple_navigator
creating /home/addinedu/pinky/src/install/pinky_simple_navigator/share/pinky_simple_navigator/launch
copying launch/simple_drive.launch.xml -> /home/addinedu/pinky/src/install/pinky_simple_navigator/share/pinky_simple_navigator/launch
running install_egg_info
Copying ../../build/pinky_simple_navigator/pinky_simple_navigator.egg-info to /home/addinedu/pinky/src/install/pinky_simple_navigator/lib/python3.12/site-packages/pinky_simple_navigator-0.0.0-py3.12.egg-info
running install_scripts
Installing simple_navigator script to /home/addinedu/pinky/src/install/pinky_simple_navigator/lib/pinky_simple_navigator
writing list of installed files to '/home/addinedu/pinky/src/build/pinky_simple_navigator/install.log'
