-- The C compiler identification is GNU 13.3.0
-- The CXX compiler identification is GNU 13.3.0
-- Detecting C compiler ABI info
-- Detecting C compiler ABI info - done
-- Check for working C compiler: /usr/bin/cc - skipped
-- Detecting C compile features
-- Detecting C compile features - done
-- Detecting CXX compiler ABI info
-- Detecting CXX compiler ABI info - done
-- Check for working CXX compiler: /usr/bin/c++ - skipped
-- Detecting CXX compile features
-- Detecting CXX compile features - done
-- Found ament_cmake: 2.5.4 (/opt/ros/jazzy/share/ament_cmake/cmake)
-- Found Python3: /usr/bin/python3 (found version "3.12.3") found components: Interpreter 
-- Override CMake install command with custom implementation using symlinks instead of copying resources
-- Found ament_lint_auto: 0.17.3 (/opt/ros/jazzy/share/ament_lint_auto/cmake)
-- Added test 'lint_cmake' to check CMake code style
-- Added test 'xmllint' to check XML markup files
-- Configuring done (1.4s)
-- Generating done (0.0s)
-- Build files have been written to: /home/addinedu/pinky/build/pinky_gazebo
-- Install configuration: ""
-- Execute custom install script
-- Symlinking: /home/addinedu/pinky/install/pinky_gazebo/share/pinky_gazebo/launch/launch_sim.launch.xml
-- Symlinking: /home/addinedu/pinky/install/pinky_gazebo/share/pinky_gazebo/launch/launch_sim_empty.launch.xml
-- Symlinking: /home/addinedu/pinky/install/pinky_gazebo/share/pinky_gazebo/launch/launch_sim_resto.launch.xml
-- Symlinking: /home/addinedu/pinky/install/pinky_gazebo/share/pinky_gazebo/worlds/empty.world
-- Symlinking: /home/addinedu/pinky/install/pinky_gazebo/share/pinky_gazebo/worlds/pinky_factory.world
-- Symlinking: /home/addinedu/pinky/install/pinky_gazebo/share/pinky_gazebo/worlds/pinky_factory_with_arm.world
-- Symlinking: /home/addinedu/pinky/install/pinky_gazebo/share/pinky_gazebo/worlds/pinky_map.world
-- Symlinking: /home/addinedu/pinky/install/pinky_gazebo/share/pinky_gazebo/worlds/pinky_restaurant.world
-- Symlinking: /home/addinedu/pinky/install/pinky_gazebo/share/pinky_gazebo/worlds/pinky_restaurant_.world
-- Symlinking: /home/addinedu/pinky/install/pinky_gazebo/share/pinky_gazebo/models/img/pinklab.jpg
-- Symlinking: /home/addinedu/pinky/install/pinky_gazebo/share/pinky_gazebo/models/img/pinklab_half.jpg
-- Symlinking: /home/addinedu/pinky/install/pinky_gazebo/share/pinky_gazebo/models/obj/arm_block.obj
-- Symlinking: /home/addinedu/pinky/install/pinky_gazebo/share/pinky_gazebo/models/obj/obj.obj
-- Symlinking: /home/addinedu/pinky/install/pinky_gazebo/share/pinky_gazebo/models/obj/station.dae
-- Symlinking: /home/addinedu/pinky/install/pinky_gazebo/share/pinky_gazebo/models/obj/table.dae
-- Symlinking: /home/addinedu/pinky/install/pinky_gazebo/share/pinky_gazebo/models/obj/table2.dae
-- Symlinking: /home/addinedu/pinky/install/pinky_gazebo/share/pinky_gazebo/models/robot/jetcobot.dae
-- Symlinking: /home/addinedu/pinky/install/pinky_gazebo/share/pinky_gazebo/models/shelf/meshes/Box_paper_04_1_Base_Color.png
-- Symlinking: /home/addinedu/pinky/install/pinky_gazebo/share/pinky_gazebo/models/shelf/meshes/shelf_big_movai.dae
-- Symlinking: /home/addinedu/pinky/install/pinky_gazebo/share/pinky_gazebo/models/shelf/model.config
-- Symlinking: /home/addinedu/pinky/install/pinky_gazebo/share/pinky_gazebo/models/shelf/model.sdf
-- Symlinking: /home/addinedu/pinky/install/pinky_gazebo/share/pinky_gazebo/models/shelf/original_modl.sdf
-- Symlinking: /home/addinedu/pinky/install/pinky_gazebo/share/pinky_gazebo/models/shelf/thumbnails/1.png
-- Symlinking: /home/addinedu/pinky/install/pinky_gazebo/share/pinky_gazebo/params/pinky_bridge.yaml
-- Symlinking: /home/addinedu/pinky/install/pinky_gazebo/share/ament_index/resource_index/package_run_dependencies/pinky_gazebo
-- Symlinking: /home/addinedu/pinky/install/pinky_gazebo/share/ament_index/resource_index/parent_prefix_path/pinky_gazebo
-- Symlinking: /home/addinedu/pinky/install/pinky_gazebo/share/pinky_gazebo/environment/ament_prefix_path.sh
-- Symlinking: /home/addinedu/pinky/install/pinky_gazebo/share/pinky_gazebo/environment/ament_prefix_path.dsv
-- Symlinking: /home/addinedu/pinky/install/pinky_gazebo/share/pinky_gazebo/environment/path.sh
-- Symlinking: /home/addinedu/pinky/install/pinky_gazebo/share/pinky_gazebo/environment/path.dsv
-- Symlinking: /home/addinedu/pinky/install/pinky_gazebo/share/pinky_gazebo/local_setup.bash
-- Symlinking: /home/addinedu/pinky/install/pinky_gazebo/share/pinky_gazebo/local_setup.sh
-- Symlinking: /home/addinedu/pinky/install/pinky_gazebo/share/pinky_gazebo/local_setup.zsh
-- Symlinking: /home/addinedu/pinky/install/pinky_gazebo/share/pinky_gazebo/local_setup.dsv
-- Symlinking: /home/addinedu/pinky/install/pinky_gazebo/share/pinky_gazebo/package.dsv
-- Symlinking: /home/addinedu/pinky/install/pinky_gazebo/share/ament_index/resource_index/packages/pinky_gazebo
-- Symlinking: /home/addinedu/pinky/install/pinky_gazebo/share/pinky_gazebo/cmake/pinky_gazeboConfig.cmake
-- Symlinking: /home/addinedu/pinky/install/pinky_gazebo/share/pinky_gazebo/cmake/pinky_gazeboConfig-version.cmake
-- Symlinking: /home/addinedu/pinky/install/pinky_gazebo/share/pinky_gazebo/package.xml
