[2.880s] Invoking command in '/home/addinedu/pinky/src/pinky_for_edu/pinky_simple_navigator': DEBUGINFOD_URLS=https://debuginfod.ubuntu.com PYTHONPATH=/home/addinedu/pinky/build/pinky_simple_navigator/prefix_override:/usr/lib/python3/dist-packages/colcon_core/task/python/colcon_distutils_commands:/home/addinedu/pinky/install/pinky_simple_navigator/lib/python3.12/site-packages:${PYTHONPATH} /usr/bin/python3 -W ignore:setup.py install is deprecated -W ignore:easy_install command is deprecated setup.py egg_info --egg-base ../../../build/pinky_simple_navigator build --build-base /home/addinedu/pinky/build/pinky_simple_navigator/build install --record /home/addinedu/pinky/build/pinky_simple_navigator/install.log --single-version-externally-managed install_data
[3.439s] running egg_info
[3.490s] writing ../../../build/pinky_simple_navigator/pinky_simple_navigator.egg-info/PKG-INFO
[3.491s] writing dependency_links to ../../../build/pinky_simple_navigator/pinky_simple_navigator.egg-info/dependency_links.txt
[3.492s] writing entry points to ../../../build/pinky_simple_navigator/pinky_simple_navigator.egg-info/entry_points.txt
[3.492s] writing requirements to ../../../build/pinky_simple_navigator/pinky_simple_navigator.egg-info/requires.txt
[3.492s] writing top-level names to ../../../build/pinky_simple_navigator/pinky_simple_navigator.egg-info/top_level.txt
[3.591s] reading manifest file '../../../build/pinky_simple_navigator/pinky_simple_navigator.egg-info/SOURCES.txt'
[3.592s] writing manifest file '../../../build/pinky_simple_navigator/pinky_simple_navigator.egg-info/SOURCES.txt'
[3.592s] running build
[3.592s] running build_py
[3.592s] running install
[3.607s] running install_lib
[3.655s] running install_data
[3.655s] running install_egg_info
[3.706s] removing '/home/addinedu/pinky/install/pinky_simple_navigator/lib/python3.12/site-packages/pinky_simple_navigator-0.0.0-py3.12.egg-info' (and everything under it)
[3.706s] Copying ../../../build/pinky_simple_navigator/pinky_simple_navigator.egg-info to /home/addinedu/pinky/install/pinky_simple_navigator/lib/python3.12/site-packages/pinky_simple_navigator-0.0.0-py3.12.egg-info
[3.710s] running install_scripts
[3.984s] Installing simple_navigator script to /home/addinedu/pinky/install/pinky_simple_navigator/lib/pinky_simple_navigator
[3.984s] writing list of installed files to '/home/addinedu/pinky/build/pinky_simple_navigator/install.log'
[4.100s] Invoked command in '/home/addinedu/pinky/src/pinky_for_edu/pinky_simple_navigator' returned '0': DEBUGINFOD_URLS=https://debuginfod.ubuntu.com PYTHONPATH=/home/addinedu/pinky/build/pinky_simple_navigator/prefix_override:/usr/lib/python3/dist-packages/colcon_core/task/python/colcon_distutils_commands:/home/addinedu/pinky/install/pinky_simple_navigator/lib/python3.12/site-packages:${PYTHONPATH} /usr/bin/python3 -W ignore:setup.py install is deprecated -W ignore:easy_install command is deprecated setup.py egg_info --egg-base ../../../build/pinky_simple_navigator build --build-base /home/addinedu/pinky/build/pinky_simple_navigator/build install --record /home/addinedu/pinky/build/pinky_simple_navigator/install.log --single-version-externally-managed install_data
