[0.013s] Invoking command in '/home/addinedu/pinky/src/build/pinky_navigation': CMAKE_PREFIX_PATH=${CMAKE_PREFIX_PATH}:/home/addinedu/dev_ws/ros/install/my_tf:/home/addinedu/dev_ws/ros/install/my_first_package:/home/addinedu/dev_ws/ros/install/controller_tutorials:/opt/ros/jazzy DEBUGINFOD_URLS=https://debuginfod.ubuntu.com /usr/bin/cmake /home/addinedu/pinky/src/pinky_for_edu/pinky_navigation -DCMAKE_INSTALL_PREFIX=/home/addinedu/pinky/src/install/pinky_navigation
[0.141s] -- The C compiler identification is GNU 13.3.0
[0.231s] -- The CXX compiler identification is GNU 13.3.0
[0.247s] -- Detecting C compiler ABI info
[0.320s] -- Detecting C compiler ABI info - done
[0.328s] -- Check for working C compiler: /usr/bin/cc - skipped
[0.328s] -- Detecting C compile features
[0.329s] -- Detecting C compile features - done
[0.338s] -- Detecting CXX compiler ABI info
[0.413s] -- Detecting CXX compiler ABI info - done
[0.421s] -- Check for working CXX compiler: /usr/bin/c++ - skipped
[0.421s] -- Detecting CXX compile features
[0.422s] -- Detecting CXX compile features - done
[0.428s] -- Found ament_cmake: 2.5.4 (/opt/ros/jazzy/share/ament_cmake/cmake)
[0.557s] -- Found Python3: /usr/bin/python3 (found version "3.12.3") found components: Interpreter 
[0.672s] -- Found ament_lint_auto: 0.17.3 (/opt/ros/jazzy/share/ament_lint_auto/cmake)
[0.771s] -- Added test 'lint_cmake' to check CMake code style
[0.773s] -- Added test 'xmllint' to check XML markup files
[0.775s] -- Configuring done (0.7s)
[0.777s] -- Generating done (0.0s)
[0.778s] -- Build files have been written to: /home/addinedu/pinky/src/build/pinky_navigation
[0.782s] Invoked command in '/home/addinedu/pinky/src/build/pinky_navigation' returned '0': CMAKE_PREFIX_PATH=${CMAKE_PREFIX_PATH}:/home/addinedu/dev_ws/ros/install/my_tf:/home/addinedu/dev_ws/ros/install/my_first_package:/home/addinedu/dev_ws/ros/install/controller_tutorials:/opt/ros/jazzy DEBUGINFOD_URLS=https://debuginfod.ubuntu.com /usr/bin/cmake /home/addinedu/pinky/src/pinky_for_edu/pinky_navigation -DCMAKE_INSTALL_PREFIX=/home/addinedu/pinky/src/install/pinky_navigation
[0.783s] Invoking command in '/home/addinedu/pinky/src/build/pinky_navigation': CMAKE_PREFIX_PATH=${CMAKE_PREFIX_PATH}:/home/addinedu/dev_ws/ros/install/my_tf:/home/addinedu/dev_ws/ros/install/my_first_package:/home/addinedu/dev_ws/ros/install/controller_tutorials:/opt/ros/jazzy DEBUGINFOD_URLS=https://debuginfod.ubuntu.com /usr/bin/cmake --build /home/addinedu/pinky/src/build/pinky_navigation -- -j12 -l12
[0.822s] Invoked command in '/home/addinedu/pinky/src/build/pinky_navigation' returned '0': CMAKE_PREFIX_PATH=${CMAKE_PREFIX_PATH}:/home/addinedu/dev_ws/ros/install/my_tf:/home/addinedu/dev_ws/ros/install/my_first_package:/home/addinedu/dev_ws/ros/install/controller_tutorials:/opt/ros/jazzy DEBUGINFOD_URLS=https://debuginfod.ubuntu.com /usr/bin/cmake --build /home/addinedu/pinky/src/build/pinky_navigation -- -j12 -l12
[0.823s] Invoking command in '/home/addinedu/pinky/src/build/pinky_navigation': CMAKE_PREFIX_PATH=${CMAKE_PREFIX_PATH}:/home/addinedu/dev_ws/ros/install/my_tf:/home/addinedu/dev_ws/ros/install/my_first_package:/home/addinedu/dev_ws/ros/install/controller_tutorials:/opt/ros/jazzy DEBUGINFOD_URLS=https://debuginfod.ubuntu.com /usr/bin/cmake --install /home/addinedu/pinky/src/build/pinky_navigation
[0.829s] -- Install configuration: ""
[0.829s] -- Installing: /home/addinedu/pinky/src/install/pinky_navigation/share/pinky_navigation/launch
[0.829s] -- Installing: /home/addinedu/pinky/src/install/pinky_navigation/share/pinky_navigation/launch/nav2_view.launch.xml
[0.829s] -- Installing: /home/addinedu/pinky/src/install/pinky_navigation/share/pinky_navigation/launch/navigation_launch.xml
[0.829s] -- Installing: /home/addinedu/pinky/src/install/pinky_navigation/share/pinky_navigation/launch/map_building.launch.xml
[0.830s] -- Installing: /home/addinedu/pinky/src/install/pinky_navigation/share/pinky_navigation/launch/bringup_launch.xml
[0.830s] -- Installing: /home/addinedu/pinky/src/install/pinky_navigation/share/pinky_navigation/launch/localization_only_launch.xml
[0.830s] -- Installing: /home/addinedu/pinky/src/install/pinky_navigation/share/pinky_navigation/launch/localization_launch.xml
[0.830s] -- Installing: /home/addinedu/pinky/src/install/pinky_navigation/share/pinky_navigation/launch/map_view.launch.xml
[0.830s] -- Installing: /home/addinedu/pinky/src/install/pinky_navigation/share/pinky_navigation/launch/cartographer.launch.xml
[0.830s] -- Installing: /home/addinedu/pinky/src/install/pinky_navigation/share/pinky_navigation/params
[0.830s] -- Installing: /home/addinedu/pinky/src/install/pinky_navigation/share/pinky_navigation/params/amcl_params.yaml
[0.830s] -- Installing: /home/addinedu/pinky/src/install/pinky_navigation/share/pinky_navigation/params/nav2_params.yaml
[0.831s] -- Installing: /home/addinedu/pinky/src/install/pinky_navigation/share/pinky_navigation/params/mapper_params.yaml
[0.831s] -- Installing: /home/addinedu/pinky/src/install/pinky_navigation/share/pinky_navigation/params/cartographer_params.lua
[0.831s] -- Installing: /home/addinedu/pinky/src/install/pinky_navigation/share/pinky_navigation/rviz
[0.831s] -- Installing: /home/addinedu/pinky/src/install/pinky_navigation/share/pinky_navigation/rviz/map_view.rviz
[0.831s] -- Installing: /home/addinedu/pinky/src/install/pinky_navigation/share/pinky_navigation/rviz/nav2_view.rviz
[0.831s] -- Installing: /home/addinedu/pinky/src/install/pinky_navigation/share/ament_index/resource_index/package_run_dependencies/pinky_navigation
[0.831s] -- Installing: /home/addinedu/pinky/src/install/pinky_navigation/share/ament_index/resource_index/parent_prefix_path/pinky_navigation
[0.832s] -- Installing: /home/addinedu/pinky/src/install/pinky_navigation/share/pinky_navigation/environment/ament_prefix_path.sh
[0.832s] -- Installing: /home/addinedu/pinky/src/install/pinky_navigation/share/pinky_navigation/environment/ament_prefix_path.dsv
[0.832s] -- Installing: /home/addinedu/pinky/src/install/pinky_navigation/share/pinky_navigation/environment/path.sh
[0.832s] -- Installing: /home/addinedu/pinky/src/install/pinky_navigation/share/pinky_navigation/environment/path.dsv
[0.832s] -- Installing: /home/addinedu/pinky/src/install/pinky_navigation/share/pinky_navigation/local_setup.bash
[0.832s] -- Installing: /home/addinedu/pinky/src/install/pinky_navigation/share/pinky_navigation/local_setup.sh
[0.832s] -- Installing: /home/addinedu/pinky/src/install/pinky_navigation/share/pinky_navigation/local_setup.zsh
[0.832s] -- Installing: /home/addinedu/pinky/src/install/pinky_navigation/share/pinky_navigation/local_setup.dsv
[0.832s] -- Installing: /home/addinedu/pinky/src/install/pinky_navigation/share/pinky_navigation/package.dsv
[0.832s] -- Installing: /home/addinedu/pinky/src/install/pinky_navigation/share/ament_index/resource_index/packages/pinky_navigation
[0.832s] -- Installing: /home/addinedu/pinky/src/install/pinky_navigation/share/pinky_navigation/cmake/pinky_navigationConfig.cmake
[0.833s] -- Installing: /home/addinedu/pinky/src/install/pinky_navigation/share/pinky_navigation/cmake/pinky_navigationConfig-version.cmake
[0.833s] -- Installing: /home/addinedu/pinky/src/install/pinky_navigation/share/pinky_navigation/package.xml
[0.834s] Invoked command in '/home/addinedu/pinky/src/build/pinky_navigation' returned '0': CMAKE_PREFIX_PATH=${CMAKE_PREFIX_PATH}:/home/addinedu/dev_ws/ros/install/my_tf:/home/addinedu/dev_ws/ros/install/my_first_package:/home/addinedu/dev_ws/ros/install/controller_tutorials:/opt/ros/jazzy DEBUGINFOD_URLS=https://debuginfod.ubuntu.com /usr/bin/cmake --install /home/addinedu/pinky/src/build/pinky_navigation
