[0.236s] DEBUG:colcon:Command line arguments: ['/usr/bin/colcon', 'build']
[0.236s] DEBUG:colcon:Parsed command line arguments: Namespace(log_base=None, log_level=None, verb_name='build', build_base='build', install_base='install', merge_install=False, symlink_install=False, test_result_base=None, continue_on_error=False, executor='parallel', parallel_workers=12, event_handlers=None, ignore_user_meta=False, metas=['./colcon.meta'], base_paths=['.'], packages_ignore=None, packages_ignore_regex=None, paths=None, packages_up_to=None, packages_up_to_regex=None, packages_above=None, packages_above_and_dependencies=None, packages_above_depth=None, packages_select_by_dep=None, packages_skip_by_dep=None, packages_skip_up_to=None, packages_select_build_failed=False, packages_skip_build_finished=False, packages_select_test_failures=False, packages_skip_test_passed=False, packages_select=None, packages_skip=None, packages_select_regex=None, packages_skip_regex=None, packages_start=None, packages_end=None, allow_overriding=[], cmake_args=None, cmake_target=None, cmake_target_skip_unavailable=False, cmake_clean_cache=False, cmake_clean_first=False, cmake_force_configure=False, ament_cmake_args=None, catkin_cmake_args=None, catkin_skip_building_tests=False, mixin_files=None, mixin=None, verb_parser=<colcon_mixin.mixin.mixin_argument.MixinArgumentDecorator object at 0x7081d7ac8e00>, verb_extension=<colcon_core.verb.build.BuildVerb object at 0x7081d7ac8b00>, main=<bound method BuildVerb.main of <colcon_core.verb.build.BuildVerb object at 0x7081d7ac8b00>>, mixin_verb=('build',))
[0.282s] Level 1:colcon.colcon_core.package_discovery:discover_packages(colcon_meta) check parameters
[0.282s] Level 1:colcon.colcon_core.package_discovery:discover_packages(recursive) check parameters
[0.282s] Level 1:colcon.colcon_core.package_discovery:discover_packages(ignore) check parameters
[0.282s] Level 1:colcon.colcon_core.package_discovery:discover_packages(path) check parameters
[0.282s] Level 1:colcon.colcon_core.package_discovery:discover_packages(colcon_meta) discover
[0.282s] Level 1:colcon.colcon_core.package_discovery:discover_packages(recursive) discover
[0.282s] INFO:colcon.colcon_core.package_discovery:Crawling recursively for packages in '/home/addinedu/pinky'
[0.283s] Level 1:colcon.colcon_core.package_identification:_identify(.) by extensions ['ignore', 'ignore_ament_install']
[0.283s] Level 1:colcon.colcon_core.package_identification:_identify(.) by extension 'ignore'
[0.283s] Level 1:colcon.colcon_core.package_identification:_identify(.) by extension 'ignore_ament_install'
[0.283s] Level 1:colcon.colcon_core.package_identification:_identify(.) by extensions ['colcon_pkg']
[0.283s] Level 1:colcon.colcon_core.package_identification:_identify(.) by extension 'colcon_pkg'
[0.283s] Level 1:colcon.colcon_core.package_identification:_identify(.) by extensions ['colcon_meta']
[0.283s] Level 1:colcon.colcon_core.package_identification:_identify(.) by extension 'colcon_meta'
[0.283s] Level 1:colcon.colcon_core.package_identification:_identify(.) by extensions ['ros']
[0.283s] Level 1:colcon.colcon_core.package_identification:_identify(.) by extension 'ros'
[0.305s] Level 1:colcon.colcon_core.package_identification:_identify(.) by extensions ['cmake', 'python']
[0.305s] Level 1:colcon.colcon_core.package_identification:_identify(.) by extension 'cmake'
[0.305s] Level 1:colcon.colcon_core.package_identification:_identify(.) by extension 'python'
[0.305s] Level 1:colcon.colcon_core.package_identification:_identify(.) by extensions ['python_setup_py']
[0.305s] Level 1:colcon.colcon_core.package_identification:_identify(.) by extension 'python_setup_py'
[0.306s] Level 1:colcon.colcon_core.package_identification:_identify(build) by extensions ['ignore', 'ignore_ament_install']
[0.306s] Level 1:colcon.colcon_core.package_identification:_identify(build) by extension 'ignore'
[0.306s] Level 1:colcon.colcon_core.package_identification:_identify(build) ignored
[0.306s] Level 1:colcon.colcon_core.package_identification:_identify(install) by extensions ['ignore', 'ignore_ament_install']
[0.306s] Level 1:colcon.colcon_core.package_identification:_identify(install) by extension 'ignore'
[0.306s] Level 1:colcon.colcon_core.package_identification:_identify(install) ignored
[0.306s] Level 1:colcon.colcon_core.package_identification:_identify(log) by extensions ['ignore', 'ignore_ament_install']
[0.306s] Level 1:colcon.colcon_core.package_identification:_identify(log) by extension 'ignore'
[0.306s] Level 1:colcon.colcon_core.package_identification:_identify(log) ignored
[0.306s] Level 1:colcon.colcon_core.package_identification:_identify(src) by extensions ['ignore', 'ignore_ament_install']
[0.306s] Level 1:colcon.colcon_core.package_identification:_identify(src) by extension 'ignore'
[0.306s] Level 1:colcon.colcon_core.package_identification:_identify(src) by extension 'ignore_ament_install'
[0.306s] Level 1:colcon.colcon_core.package_identification:_identify(src) by extensions ['colcon_pkg']
[0.306s] Level 1:colcon.colcon_core.package_identification:_identify(src) by extension 'colcon_pkg'
[0.306s] Level 1:colcon.colcon_core.package_identification:_identify(src) by extensions ['colcon_meta']
[0.306s] Level 1:colcon.colcon_core.package_identification:_identify(src) by extension 'colcon_meta'
[0.306s] Level 1:colcon.colcon_core.package_identification:_identify(src) by extensions ['ros']
[0.306s] Level 1:colcon.colcon_core.package_identification:_identify(src) by extension 'ros'
[0.307s] Level 1:colcon.colcon_core.package_identification:_identify(src) by extensions ['cmake', 'python']
[0.307s] Level 1:colcon.colcon_core.package_identification:_identify(src) by extension 'cmake'
[0.307s] Level 1:colcon.colcon_core.package_identification:_identify(src) by extension 'python'
[0.307s] Level 1:colcon.colcon_core.package_identification:_identify(src) by extensions ['python_setup_py']
[0.307s] Level 1:colcon.colcon_core.package_identification:_identify(src) by extension 'python_setup_py'
[0.307s] Level 1:colcon.colcon_core.package_identification:_identify(src/build) by extensions ['ignore', 'ignore_ament_install']
[0.307s] Level 1:colcon.colcon_core.package_identification:_identify(src/build) by extension 'ignore'
[0.308s] Level 1:colcon.colcon_core.package_identification:_identify(src/build) ignored
[0.308s] Level 1:colcon.colcon_core.package_identification:_identify(src/install) by extensions ['ignore', 'ignore_ament_install']
[0.308s] Level 1:colcon.colcon_core.package_identification:_identify(src/install) by extension 'ignore'
[0.308s] Level 1:colcon.colcon_core.package_identification:_identify(src/install) ignored
[0.308s] Level 1:colcon.colcon_core.package_identification:_identify(src/log) by extensions ['ignore', 'ignore_ament_install']
[0.308s] Level 1:colcon.colcon_core.package_identification:_identify(src/log) by extension 'ignore'
[0.308s] Level 1:colcon.colcon_core.package_identification:_identify(src/log) ignored
[0.309s] Level 1:colcon.colcon_core.package_identification:_identify(src/pinky_for_edu) by extensions ['ignore', 'ignore_ament_install']
[0.309s] Level 1:colcon.colcon_core.package_identification:_identify(src/pinky_for_edu) by extension 'ignore'
[0.309s] Level 1:colcon.colcon_core.package_identification:_identify(src/pinky_for_edu) by extension 'ignore_ament_install'
[0.309s] Level 1:colcon.colcon_core.package_identification:_identify(src/pinky_for_edu) by extensions ['colcon_pkg']
[0.309s] Level 1:colcon.colcon_core.package_identification:_identify(src/pinky_for_edu) by extension 'colcon_pkg'
[0.309s] Level 1:colcon.colcon_core.package_identification:_identify(src/pinky_for_edu) by extensions ['colcon_meta']
[0.309s] Level 1:colcon.colcon_core.package_identification:_identify(src/pinky_for_edu) by extension 'colcon_meta'
[0.309s] Level 1:colcon.colcon_core.package_identification:_identify(src/pinky_for_edu) by extensions ['ros']
[0.309s] Level 1:colcon.colcon_core.package_identification:_identify(src/pinky_for_edu) by extension 'ros'
[0.309s] Level 1:colcon.colcon_core.package_identification:_identify(src/pinky_for_edu) by extensions ['cmake', 'python']
[0.309s] Level 1:colcon.colcon_core.package_identification:_identify(src/pinky_for_edu) by extension 'cmake'
[0.309s] Level 1:colcon.colcon_core.package_identification:_identify(src/pinky_for_edu) by extension 'python'
[0.309s] Level 1:colcon.colcon_core.package_identification:_identify(src/pinky_for_edu) by extensions ['python_setup_py']
[0.309s] Level 1:colcon.colcon_core.package_identification:_identify(src/pinky_for_edu) by extension 'python_setup_py'
[0.309s] Level 1:colcon.colcon_core.package_identification:_identify(src/pinky_for_edu/pinky_description) by extensions ['ignore', 'ignore_ament_install']
[0.309s] Level 1:colcon.colcon_core.package_identification:_identify(src/pinky_for_edu/pinky_description) by extension 'ignore'
[0.309s] Level 1:colcon.colcon_core.package_identification:_identify(src/pinky_for_edu/pinky_description) by extension 'ignore_ament_install'
[0.309s] Level 1:colcon.colcon_core.package_identification:_identify(src/pinky_for_edu/pinky_description) by extensions ['colcon_pkg']
[0.310s] Level 1:colcon.colcon_core.package_identification:_identify(src/pinky_for_edu/pinky_description) by extension 'colcon_pkg'
[0.310s] Level 1:colcon.colcon_core.package_identification:_identify(src/pinky_for_edu/pinky_description) by extensions ['colcon_meta']
[0.310s] Level 1:colcon.colcon_core.package_identification:_identify(src/pinky_for_edu/pinky_description) by extension 'colcon_meta'
[0.310s] Level 1:colcon.colcon_core.package_identification:_identify(src/pinky_for_edu/pinky_description) by extensions ['ros']
[0.310s] Level 1:colcon.colcon_core.package_identification:_identify(src/pinky_for_edu/pinky_description) by extension 'ros'
[0.312s] DEBUG:colcon.colcon_core.package_identification:Package 'src/pinky_for_edu/pinky_description' with type 'ros.ament_cmake' and name 'pinky_description'
[0.313s] Level 1:colcon.colcon_core.package_identification:_identify(src/pinky_for_edu/pinky_gazebo) by extensions ['ignore', 'ignore_ament_install']
[0.313s] Level 1:colcon.colcon_core.package_identification:_identify(src/pinky_for_edu/pinky_gazebo) by extension 'ignore'
[0.313s] Level 1:colcon.colcon_core.package_identification:_identify(src/pinky_for_edu/pinky_gazebo) by extension 'ignore_ament_install'
[0.313s] Level 1:colcon.colcon_core.package_identification:_identify(src/pinky_for_edu/pinky_gazebo) by extensions ['colcon_pkg']
[0.313s] Level 1:colcon.colcon_core.package_identification:_identify(src/pinky_for_edu/pinky_gazebo) by extension 'colcon_pkg'
[0.313s] Level 1:colcon.colcon_core.package_identification:_identify(src/pinky_for_edu/pinky_gazebo) by extensions ['colcon_meta']
[0.313s] Level 1:colcon.colcon_core.package_identification:_identify(src/pinky_for_edu/pinky_gazebo) by extension 'colcon_meta'
[0.313s] Level 1:colcon.colcon_core.package_identification:_identify(src/pinky_for_edu/pinky_gazebo) by extensions ['ros']
[0.313s] Level 1:colcon.colcon_core.package_identification:_identify(src/pinky_for_edu/pinky_gazebo) by extension 'ros'
[0.314s] DEBUG:colcon.colcon_core.package_identification:Package 'src/pinky_for_edu/pinky_gazebo' with type 'ros.ament_cmake' and name 'pinky_gazebo'
[0.314s] Level 1:colcon.colcon_core.package_identification:_identify(src/pinky_for_edu/pinky_navigation) by extensions ['ignore', 'ignore_ament_install']
[0.314s] Level 1:colcon.colcon_core.package_identification:_identify(src/pinky_for_edu/pinky_navigation) by extension 'ignore'
[0.314s] Level 1:colcon.colcon_core.package_identification:_identify(src/pinky_for_edu/pinky_navigation) by extension 'ignore_ament_install'
[0.314s] Level 1:colcon.colcon_core.package_identification:_identify(src/pinky_for_edu/pinky_navigation) by extensions ['colcon_pkg']
[0.314s] Level 1:colcon.colcon_core.package_identification:_identify(src/pinky_for_edu/pinky_navigation) by extension 'colcon_pkg'
[0.314s] Level 1:colcon.colcon_core.package_identification:_identify(src/pinky_for_edu/pinky_navigation) by extensions ['colcon_meta']
[0.314s] Level 1:colcon.colcon_core.package_identification:_identify(src/pinky_for_edu/pinky_navigation) by extension 'colcon_meta'
[0.314s] Level 1:colcon.colcon_core.package_identification:_identify(src/pinky_for_edu/pinky_navigation) by extensions ['ros']
[0.314s] Level 1:colcon.colcon_core.package_identification:_identify(src/pinky_for_edu/pinky_navigation) by extension 'ros'
[0.314s] DEBUG:colcon.colcon_core.package_identification:Package 'src/pinky_for_edu/pinky_navigation' with type 'ros.ament_cmake' and name 'pinky_navigation'
[0.315s] Level 1:colcon.colcon_core.package_identification:_identify(src/pinky_for_edu/pinky_simple_navigator) by extensions ['ignore', 'ignore_ament_install']
[0.315s] Level 1:colcon.colcon_core.package_identification:_identify(src/pinky_for_edu/pinky_simple_navigator) by extension 'ignore'
[0.315s] Level 1:colcon.colcon_core.package_identification:_identify(src/pinky_for_edu/pinky_simple_navigator) by extension 'ignore_ament_install'
[0.315s] Level 1:colcon.colcon_core.package_identification:_identify(src/pinky_for_edu/pinky_simple_navigator) by extensions ['colcon_pkg']
[0.315s] Level 1:colcon.colcon_core.package_identification:_identify(src/pinky_for_edu/pinky_simple_navigator) by extension 'colcon_pkg'
[0.315s] Level 1:colcon.colcon_core.package_identification:_identify(src/pinky_for_edu/pinky_simple_navigator) by extensions ['colcon_meta']
[0.315s] Level 1:colcon.colcon_core.package_identification:_identify(src/pinky_for_edu/pinky_simple_navigator) by extension 'colcon_meta'
[0.315s] Level 1:colcon.colcon_core.package_identification:_identify(src/pinky_for_edu/pinky_simple_navigator) by extensions ['ros']
[0.315s] Level 1:colcon.colcon_core.package_identification:_identify(src/pinky_for_edu/pinky_simple_navigator) by extension 'ros'
[0.316s] DEBUG:colcon.colcon_core.package_identification:Package 'src/pinky_for_edu/pinky_simple_navigator' with type 'ros.ament_python' and name 'pinky_simple_navigator'
[0.316s] Level 1:colcon.colcon_core.package_identification:_identify(src/pinky_tmpatrol) by extensions ['ignore', 'ignore_ament_install']
[0.316s] Level 1:colcon.colcon_core.package_identification:_identify(src/pinky_tmpatrol) by extension 'ignore'
[0.316s] Level 1:colcon.colcon_core.package_identification:_identify(src/pinky_tmpatrol) by extension 'ignore_ament_install'
[0.316s] Level 1:colcon.colcon_core.package_identification:_identify(src/pinky_tmpatrol) by extensions ['colcon_pkg']
[0.316s] Level 1:colcon.colcon_core.package_identification:_identify(src/pinky_tmpatrol) by extension 'colcon_pkg'
[0.316s] Level 1:colcon.colcon_core.package_identification:_identify(src/pinky_tmpatrol) by extensions ['colcon_meta']
[0.316s] Level 1:colcon.colcon_core.package_identification:_identify(src/pinky_tmpatrol) by extension 'colcon_meta'
[0.316s] Level 1:colcon.colcon_core.package_identification:_identify(src/pinky_tmpatrol) by extensions ['ros']
[0.316s] Level 1:colcon.colcon_core.package_identification:_identify(src/pinky_tmpatrol) by extension 'ros'
[0.316s] DEBUG:colcon.colcon_core.package_identification:Failed to parse potential ROS package manifest in'src/pinky_tmpatrol': Error(s) in package 'src/pinky_tmpatrol/package.xml':
The manifest contains invalid XML:
XML or text declaration not at start of entity: line 2, column 0
[0.317s] Level 1:colcon.colcon_core.package_identification:_identify(src/pinky_tmpatrol) by extensions ['cmake', 'python']
[0.317s] Level 1:colcon.colcon_core.package_identification:_identify(src/pinky_tmpatrol) by extension 'cmake'
[0.317s] Level 1:colcon.colcon_core.package_identification:_identify(src/pinky_tmpatrol) by extension 'python'
[0.317s] DEBUG:colcon.colcon_core.package_identification:Python package in 'src/pinky_tmpatrol' passes arguments to the setup() function which requires a different identification extension than 'python'
[0.317s] Level 1:colcon.colcon_core.package_identification:_identify(src/pinky_tmpatrol) by extensions ['python_setup_py']
[0.317s] Level 1:colcon.colcon_core.package_identification:_identify(src/pinky_tmpatrol) by extension 'python_setup_py'
[0.506s] DEBUG:colcon.colcon_core.package_identification:Package 'src/pinky_tmpatrol' with type 'python' and name 'pinky_tmpatrol'
[0.506s] Level 1:colcon.colcon_core.package_identification:_identify(src/pinky_tmproject) by extensions ['ignore', 'ignore_ament_install']
[0.506s] Level 1:colcon.colcon_core.package_identification:_identify(src/pinky_tmproject) by extension 'ignore'
[0.506s] Level 1:colcon.colcon_core.package_identification:_identify(src/pinky_tmproject) by extension 'ignore_ament_install'
[0.506s] Level 1:colcon.colcon_core.package_identification:_identify(src/pinky_tmproject) by extensions ['colcon_pkg']
[0.507s] Level 1:colcon.colcon_core.package_identification:_identify(src/pinky_tmproject) by extension 'colcon_pkg'
[0.507s] Level 1:colcon.colcon_core.package_identification:_identify(src/pinky_tmproject) by extensions ['colcon_meta']
[0.507s] Level 1:colcon.colcon_core.package_identification:_identify(src/pinky_tmproject) by extension 'colcon_meta'
[0.507s] Level 1:colcon.colcon_core.package_identification:_identify(src/pinky_tmproject) by extensions ['ros']
[0.507s] Level 1:colcon.colcon_core.package_identification:_identify(src/pinky_tmproject) by extension 'ros'
[0.507s] DEBUG:colcon.colcon_core.package_identification:Package 'src/pinky_tmproject' with type 'ros.ament_python' and name 'pinky_tmproject'
[0.507s] Level 1:colcon.colcon_core.package_discovery:discover_packages(recursive) using defaults
[0.507s] Level 1:colcon.colcon_core.package_discovery:discover_packages(ignore) discover
[0.507s] Level 1:colcon.colcon_core.package_discovery:discover_packages(ignore) using defaults
[0.507s] Level 1:colcon.colcon_core.package_discovery:discover_packages(path) discover
[0.507s] Level 1:colcon.colcon_core.package_discovery:discover_packages(path) using defaults
[0.527s] Level 1:colcon.colcon_core.package_discovery:discover_packages(prefix_path) check parameters
[0.527s] Level 1:colcon.colcon_core.package_discovery:discover_packages(prefix_path) discover
[0.529s] DEBUG:colcon.colcon_installed_package_information.package_discovery:Found 4 installed packages in /home/addinedu/dev_ws/ros/install
[0.531s] DEBUG:colcon.colcon_installed_package_information.package_discovery:Found 411 installed packages in /opt/ros/jazzy
[0.532s] Level 1:colcon.colcon_core.package_discovery:discover_packages(prefix_path) using defaults
[0.583s] Level 5:colcon.colcon_core.verb:set package 'pinky_description' build argument 'cmake_args' from command line to 'None'
[0.583s] Level 5:colcon.colcon_core.verb:set package 'pinky_description' build argument 'cmake_target' from command line to 'None'
[0.583s] Level 5:colcon.colcon_core.verb:set package 'pinky_description' build argument 'cmake_target_skip_unavailable' from command line to 'False'
[0.583s] Level 5:colcon.colcon_core.verb:set package 'pinky_description' build argument 'cmake_clean_cache' from command line to 'False'
[0.583s] Level 5:colcon.colcon_core.verb:set package 'pinky_description' build argument 'cmake_clean_first' from command line to 'False'
[0.583s] Level 5:colcon.colcon_core.verb:set package 'pinky_description' build argument 'cmake_force_configure' from command line to 'False'
[0.583s] Level 5:colcon.colcon_core.verb:set package 'pinky_description' build argument 'ament_cmake_args' from command line to 'None'
[0.583s] Level 5:colcon.colcon_core.verb:set package 'pinky_description' build argument 'catkin_cmake_args' from command line to 'None'
[0.583s] Level 5:colcon.colcon_core.verb:set package 'pinky_description' build argument 'catkin_skip_building_tests' from command line to 'False'
[0.583s] DEBUG:colcon.colcon_core.verb:Building package 'pinky_description' with the following arguments: {'ament_cmake_args': None, 'build_base': '/home/addinedu/pinky/build/pinky_description', 'catkin_cmake_args': None, 'catkin_skip_building_tests': False, 'cmake_args': None, 'cmake_clean_cache': False, 'cmake_clean_first': False, 'cmake_force_configure': False, 'cmake_target': None, 'cmake_target_skip_unavailable': False, 'install_base': '/home/addinedu/pinky/install/pinky_description', 'merge_install': False, 'path': '/home/addinedu/pinky/src/pinky_for_edu/pinky_description', 'symlink_install': False, 'test_result_base': None}
[0.583s] Level 5:colcon.colcon_core.verb:set package 'pinky_navigation' build argument 'cmake_args' from command line to 'None'
[0.583s] Level 5:colcon.colcon_core.verb:set package 'pinky_navigation' build argument 'cmake_target' from command line to 'None'
[0.583s] Level 5:colcon.colcon_core.verb:set package 'pinky_navigation' build argument 'cmake_target_skip_unavailable' from command line to 'False'
[0.583s] Level 5:colcon.colcon_core.verb:set package 'pinky_navigation' build argument 'cmake_clean_cache' from command line to 'False'
[0.583s] Level 5:colcon.colcon_core.verb:set package 'pinky_navigation' build argument 'cmake_clean_first' from command line to 'False'
[0.583s] Level 5:colcon.colcon_core.verb:set package 'pinky_navigation' build argument 'cmake_force_configure' from command line to 'False'
[0.583s] Level 5:colcon.colcon_core.verb:set package 'pinky_navigation' build argument 'ament_cmake_args' from command line to 'None'
[0.583s] Level 5:colcon.colcon_core.verb:set package 'pinky_navigation' build argument 'catkin_cmake_args' from command line to 'None'
[0.583s] Level 5:colcon.colcon_core.verb:set package 'pinky_navigation' build argument 'catkin_skip_building_tests' from command line to 'False'
[0.584s] DEBUG:colcon.colcon_core.verb:Building package 'pinky_navigation' with the following arguments: {'ament_cmake_args': None, 'build_base': '/home/addinedu/pinky/build/pinky_navigation', 'catkin_cmake_args': None, 'catkin_skip_building_tests': False, 'cmake_args': None, 'cmake_clean_cache': False, 'cmake_clean_first': False, 'cmake_force_configure': False, 'cmake_target': None, 'cmake_target_skip_unavailable': False, 'install_base': '/home/addinedu/pinky/install/pinky_navigation', 'merge_install': False, 'path': '/home/addinedu/pinky/src/pinky_for_edu/pinky_navigation', 'symlink_install': False, 'test_result_base': None}
[0.584s] Level 5:colcon.colcon_core.verb:set package 'pinky_simple_navigator' build argument 'cmake_args' from command line to 'None'
[0.584s] Level 5:colcon.colcon_core.verb:set package 'pinky_simple_navigator' build argument 'cmake_target' from command line to 'None'
[0.584s] Level 5:colcon.colcon_core.verb:set package 'pinky_simple_navigator' build argument 'cmake_target_skip_unavailable' from command line to 'False'
[0.584s] Level 5:colcon.colcon_core.verb:set package 'pinky_simple_navigator' build argument 'cmake_clean_cache' from command line to 'False'
[0.584s] Level 5:colcon.colcon_core.verb:set package 'pinky_simple_navigator' build argument 'cmake_clean_first' from command line to 'False'
[0.584s] Level 5:colcon.colcon_core.verb:set package 'pinky_simple_navigator' build argument 'cmake_force_configure' from command line to 'False'
[0.584s] Level 5:colcon.colcon_core.verb:set package 'pinky_simple_navigator' build argument 'ament_cmake_args' from command line to 'None'
[0.584s] Level 5:colcon.colcon_core.verb:set package 'pinky_simple_navigator' build argument 'catkin_cmake_args' from command line to 'None'
[0.584s] Level 5:colcon.colcon_core.verb:set package 'pinky_simple_navigator' build argument 'catkin_skip_building_tests' from command line to 'False'
[0.584s] DEBUG:colcon.colcon_core.verb:Building package 'pinky_simple_navigator' with the following arguments: {'ament_cmake_args': None, 'build_base': '/home/addinedu/pinky/build/pinky_simple_navigator', 'catkin_cmake_args': None, 'catkin_skip_building_tests': False, 'cmake_args': None, 'cmake_clean_cache': False, 'cmake_clean_first': False, 'cmake_force_configure': False, 'cmake_target': None, 'cmake_target_skip_unavailable': False, 'install_base': '/home/addinedu/pinky/install/pinky_simple_navigator', 'merge_install': False, 'path': '/home/addinedu/pinky/src/pinky_for_edu/pinky_simple_navigator', 'symlink_install': False, 'test_result_base': None}
[0.584s] Level 5:colcon.colcon_core.verb:set package 'pinky_tmpatrol' build argument 'cmake_args' from command line to 'None'
[0.584s] Level 5:colcon.colcon_core.verb:set package 'pinky_tmpatrol' build argument 'cmake_target' from command line to 'None'
[0.584s] Level 5:colcon.colcon_core.verb:set package 'pinky_tmpatrol' build argument 'cmake_target_skip_unavailable' from command line to 'False'
[0.584s] Level 5:colcon.colcon_core.verb:set package 'pinky_tmpatrol' build argument 'cmake_clean_cache' from command line to 'False'
[0.584s] Level 5:colcon.colcon_core.verb:set package 'pinky_tmpatrol' build argument 'cmake_clean_first' from command line to 'False'
[0.584s] Level 5:colcon.colcon_core.verb:set package 'pinky_tmpatrol' build argument 'cmake_force_configure' from command line to 'False'
[0.584s] Level 5:colcon.colcon_core.verb:set package 'pinky_tmpatrol' build argument 'ament_cmake_args' from command line to 'None'
[0.584s] Level 5:colcon.colcon_core.verb:set package 'pinky_tmpatrol' build argument 'catkin_cmake_args' from command line to 'None'
[0.584s] Level 5:colcon.colcon_core.verb:set package 'pinky_tmpatrol' build argument 'catkin_skip_building_tests' from command line to 'False'
[0.584s] DEBUG:colcon.colcon_core.verb:Building package 'pinky_tmpatrol' with the following arguments: {'ament_cmake_args': None, 'build_base': '/home/addinedu/pinky/build/pinky_tmpatrol', 'catkin_cmake_args': None, 'catkin_skip_building_tests': False, 'cmake_args': None, 'cmake_clean_cache': False, 'cmake_clean_first': False, 'cmake_force_configure': False, 'cmake_target': None, 'cmake_target_skip_unavailable': False, 'install_base': '/home/addinedu/pinky/install/pinky_tmpatrol', 'merge_install': False, 'path': '/home/addinedu/pinky/src/pinky_tmpatrol', 'symlink_install': False, 'test_result_base': None}
[0.584s] Level 5:colcon.colcon_core.verb:set package 'pinky_tmproject' build argument 'cmake_args' from command line to 'None'
[0.584s] Level 5:colcon.colcon_core.verb:set package 'pinky_tmproject' build argument 'cmake_target' from command line to 'None'
[0.584s] Level 5:colcon.colcon_core.verb:set package 'pinky_tmproject' build argument 'cmake_target_skip_unavailable' from command line to 'False'
[0.584s] Level 5:colcon.colcon_core.verb:set package 'pinky_tmproject' build argument 'cmake_clean_cache' from command line to 'False'
[0.585s] Level 5:colcon.colcon_core.verb:set package 'pinky_tmproject' build argument 'cmake_clean_first' from command line to 'False'
[0.585s] Level 5:colcon.colcon_core.verb:set package 'pinky_tmproject' build argument 'cmake_force_configure' from command line to 'False'
[0.585s] Level 5:colcon.colcon_core.verb:set package 'pinky_tmproject' build argument 'ament_cmake_args' from command line to 'None'
[0.585s] Level 5:colcon.colcon_core.verb:set package 'pinky_tmproject' build argument 'catkin_cmake_args' from command line to 'None'
[0.585s] Level 5:colcon.colcon_core.verb:set package 'pinky_tmproject' build argument 'catkin_skip_building_tests' from command line to 'False'
[0.585s] DEBUG:colcon.colcon_core.verb:Building package 'pinky_tmproject' with the following arguments: {'ament_cmake_args': None, 'build_base': '/home/addinedu/pinky/build/pinky_tmproject', 'catkin_cmake_args': None, 'catkin_skip_building_tests': False, 'cmake_args': None, 'cmake_clean_cache': False, 'cmake_clean_first': False, 'cmake_force_configure': False, 'cmake_target': None, 'cmake_target_skip_unavailable': False, 'install_base': '/home/addinedu/pinky/install/pinky_tmproject', 'merge_install': False, 'path': '/home/addinedu/pinky/src/pinky_tmproject', 'symlink_install': False, 'test_result_base': None}
[0.585s] Level 5:colcon.colcon_core.verb:set package 'pinky_gazebo' build argument 'cmake_args' from command line to 'None'
[0.585s] Level 5:colcon.colcon_core.verb:set package 'pinky_gazebo' build argument 'cmake_target' from command line to 'None'
[0.585s] Level 5:colcon.colcon_core.verb:set package 'pinky_gazebo' build argument 'cmake_target_skip_unavailable' from command line to 'False'
[0.585s] Level 5:colcon.colcon_core.verb:set package 'pinky_gazebo' build argument 'cmake_clean_cache' from command line to 'False'
[0.585s] Level 5:colcon.colcon_core.verb:set package 'pinky_gazebo' build argument 'cmake_clean_first' from command line to 'False'
[0.585s] Level 5:colcon.colcon_core.verb:set package 'pinky_gazebo' build argument 'cmake_force_configure' from command line to 'False'
[0.585s] Level 5:colcon.colcon_core.verb:set package 'pinky_gazebo' build argument 'ament_cmake_args' from command line to 'None'
[0.585s] Level 5:colcon.colcon_core.verb:set package 'pinky_gazebo' build argument 'catkin_cmake_args' from command line to 'None'
[0.585s] Level 5:colcon.colcon_core.verb:set package 'pinky_gazebo' build argument 'catkin_skip_building_tests' from command line to 'False'
[0.585s] DEBUG:colcon.colcon_core.verb:Building package 'pinky_gazebo' with the following arguments: {'ament_cmake_args': None, 'build_base': '/home/addinedu/pinky/build/pinky_gazebo', 'catkin_cmake_args': None, 'catkin_skip_building_tests': False, 'cmake_args': None, 'cmake_clean_cache': False, 'cmake_clean_first': False, 'cmake_force_configure': False, 'cmake_target': None, 'cmake_target_skip_unavailable': False, 'install_base': '/home/addinedu/pinky/install/pinky_gazebo', 'merge_install': False, 'path': '/home/addinedu/pinky/src/pinky_for_edu/pinky_gazebo', 'symlink_install': False, 'test_result_base': None}
[0.585s] INFO:colcon.colcon_core.executor:Executing jobs using 'parallel' executor
[0.586s] DEBUG:colcon.colcon_parallel_executor.executor.parallel:run_until_complete
[0.586s] INFO:colcon.colcon_ros.task.ament_cmake.build:Building ROS package in '/home/addinedu/pinky/src/pinky_for_edu/pinky_description' with build type 'ament_cmake'
[0.586s] INFO:colcon.colcon_cmake.task.cmake.build:Building CMake package in '/home/addinedu/pinky/src/pinky_for_edu/pinky_description'
[0.591s] INFO:colcon.colcon_core.plugin_system:Skipping extension 'colcon_core.shell.bat': Not used on non-Windows systems
[0.591s] INFO:colcon.colcon_core.shell:Skip shell extension 'powershell' for command environment: Not usable outside of PowerShell
[0.591s] DEBUG:colcon.colcon_core.shell:Skip shell extension 'dsv' for command environment
[0.595s] INFO:colcon.colcon_ros.task.ament_cmake.build:Building ROS package in '/home/addinedu/pinky/src/pinky_for_edu/pinky_navigation' with build type 'ament_cmake'
[0.595s] INFO:colcon.colcon_cmake.task.cmake.build:Building CMake package in '/home/addinedu/pinky/src/pinky_for_edu/pinky_navigation'
[0.595s] INFO:colcon.colcon_core.shell:Skip shell extension 'powershell' for command environment: Not usable outside of PowerShell
[0.595s] DEBUG:colcon.colcon_core.shell:Skip shell extension 'dsv' for command environment
[0.598s] INFO:colcon.colcon_ros.task.ament_python.build:Building ROS package in '/home/addinedu/pinky/src/pinky_for_edu/pinky_simple_navigator' with build type 'ament_python'
[0.598s] Level 1:colcon.colcon_core.shell:create_environment_hook('pinky_simple_navigator', 'ament_prefix_path')
[0.598s] INFO:colcon.colcon_core.shell:Creating environment hook '/home/addinedu/pinky/install/pinky_simple_navigator/share/pinky_simple_navigator/hook/ament_prefix_path.ps1'
[0.600s] INFO:colcon.colcon_core.shell:Creating environment descriptor '/home/addinedu/pinky/install/pinky_simple_navigator/share/pinky_simple_navigator/hook/ament_prefix_path.dsv'
[0.600s] INFO:colcon.colcon_core.shell:Creating environment hook '/home/addinedu/pinky/install/pinky_simple_navigator/share/pinky_simple_navigator/hook/ament_prefix_path.sh'
[0.601s] INFO:colcon.colcon_core.shell:Skip shell extension 'powershell' for command environment: Not usable outside of PowerShell
[0.601s] DEBUG:colcon.colcon_core.shell:Skip shell extension 'dsv' for command environment
[0.603s] INFO:colcon.colcon_core.task.python.build:Building Python package in '/home/addinedu/pinky/src/pinky_tmpatrol'
[0.604s] INFO:colcon.colcon_core.shell:Skip shell extension 'powershell' for command environment: Not usable outside of PowerShell
[0.604s] DEBUG:colcon.colcon_core.shell:Skip shell extension 'dsv' for command environment
[0.607s] INFO:colcon.colcon_ros.task.ament_python.build:Building ROS package in '/home/addinedu/pinky/src/pinky_tmproject' with build type 'ament_python'
[0.607s] Level 1:colcon.colcon_core.shell:create_environment_hook('pinky_tmproject', 'ament_prefix_path')
[0.607s] INFO:colcon.colcon_core.shell:Creating environment hook '/home/addinedu/pinky/install/pinky_tmproject/share/pinky_tmproject/hook/ament_prefix_path.ps1'
[0.609s] INFO:colcon.colcon_core.shell:Creating environment descriptor '/home/addinedu/pinky/install/pinky_tmproject/share/pinky_tmproject/hook/ament_prefix_path.dsv'
[0.609s] INFO:colcon.colcon_core.shell:Creating environment hook '/home/addinedu/pinky/install/pinky_tmproject/share/pinky_tmproject/hook/ament_prefix_path.sh'
[0.609s] INFO:colcon.colcon_core.shell:Skip shell extension 'powershell' for command environment: Not usable outside of PowerShell
[0.609s] DEBUG:colcon.colcon_core.shell:Skip shell extension 'dsv' for command environment
[0.616s] DEBUG:colcon.colcon_core.event_handler.log_command:Invoking command in '/home/addinedu/pinky/build/pinky_description': CMAKE_PREFIX_PATH=${CMAKE_PREFIX_PATH}:/home/addinedu/dev_ws/ros/install/my_tf:/home/addinedu/dev_ws/ros/install/my_first_package:/home/addinedu/dev_ws/ros/install/controller_tutorials:/opt/ros/jazzy DEBUGINFOD_URLS=https://debuginfod.ubuntu.com /usr/bin/cmake --build /home/addinedu/pinky/build/pinky_description -- -j12 -l12
[0.620s] DEBUG:colcon.colcon_core.event_handler.log_command:Invoking command in '/home/addinedu/pinky/build/pinky_navigation': CMAKE_PREFIX_PATH=${CMAKE_PREFIX_PATH}:/home/addinedu/dev_ws/ros/install/my_tf:/home/addinedu/dev_ws/ros/install/my_first_package:/home/addinedu/dev_ws/ros/install/controller_tutorials:/opt/ros/jazzy DEBUGINFOD_URLS=https://debuginfod.ubuntu.com /usr/bin/cmake --build /home/addinedu/pinky/build/pinky_navigation -- -j12 -l12
[0.826s] INFO:colcon.colcon_core.task.python.build:Building Python package in '/home/addinedu/pinky/src/pinky_for_edu/pinky_simple_navigator'
[0.826s] INFO:colcon.colcon_core.shell:Skip shell extension 'powershell' for command environment: Not usable outside of PowerShell
[0.826s] DEBUG:colcon.colcon_core.shell:Skip shell extension 'dsv' for command environment
[1.039s] DEBUG:colcon.colcon_core.event_handler.log_command:Invoked command in '/home/addinedu/pinky/build/pinky_description' returned '0': CMAKE_PREFIX_PATH=${CMAKE_PREFIX_PATH}:/home/addinedu/dev_ws/ros/install/my_tf:/home/addinedu/dev_ws/ros/install/my_first_package:/home/addinedu/dev_ws/ros/install/controller_tutorials:/opt/ros/jazzy DEBUGINFOD_URLS=https://debuginfod.ubuntu.com /usr/bin/cmake --build /home/addinedu/pinky/build/pinky_description -- -j12 -l12
[1.047s] DEBUG:colcon.colcon_core.event_handler.log_command:Invoking command in '/home/addinedu/pinky/build/pinky_description': CMAKE_PREFIX_PATH=${CMAKE_PREFIX_PATH}:/home/addinedu/dev_ws/ros/install/my_tf:/home/addinedu/dev_ws/ros/install/my_first_package:/home/addinedu/dev_ws/ros/install/controller_tutorials:/opt/ros/jazzy DEBUGINFOD_URLS=https://debuginfod.ubuntu.com /usr/bin/cmake --install /home/addinedu/pinky/build/pinky_description
[1.048s] DEBUG:colcon.colcon_core.event_handler.log_command:Invoked command in '/home/addinedu/pinky/build/pinky_navigation' returned '0': CMAKE_PREFIX_PATH=${CMAKE_PREFIX_PATH}:/home/addinedu/dev_ws/ros/install/my_tf:/home/addinedu/dev_ws/ros/install/my_first_package:/home/addinedu/dev_ws/ros/install/controller_tutorials:/opt/ros/jazzy DEBUGINFOD_URLS=https://debuginfod.ubuntu.com /usr/bin/cmake --build /home/addinedu/pinky/build/pinky_navigation -- -j12 -l12
[1.049s] DEBUG:colcon.colcon_core.event_handler.log_command:Invoking command in '/home/addinedu/pinky/build/pinky_navigation': CMAKE_PREFIX_PATH=${CMAKE_PREFIX_PATH}:/home/addinedu/dev_ws/ros/install/my_tf:/home/addinedu/dev_ws/ros/install/my_first_package:/home/addinedu/dev_ws/ros/install/controller_tutorials:/opt/ros/jazzy DEBUGINFOD_URLS=https://debuginfod.ubuntu.com /usr/bin/cmake --install /home/addinedu/pinky/build/pinky_navigation
[1.252s] INFO:colcon.colcon_core.task.python.build:Building Python package in '/home/addinedu/pinky/src/pinky_tmproject'
[1.253s] INFO:colcon.colcon_core.shell:Skip shell extension 'powershell' for command environment: Not usable outside of PowerShell
[1.253s] DEBUG:colcon.colcon_core.shell:Skip shell extension 'dsv' for command environment
[1.261s] Level 1:colcon.colcon_core.environment:create_environment_scripts_only(pinky_description)
[1.265s] DEBUG:colcon.colcon_core.event_handler.log_command:Invoked command in '/home/addinedu/pinky/build/pinky_description' returned '0': CMAKE_PREFIX_PATH=${CMAKE_PREFIX_PATH}:/home/addinedu/dev_ws/ros/install/my_tf:/home/addinedu/dev_ws/ros/install/my_first_package:/home/addinedu/dev_ws/ros/install/controller_tutorials:/opt/ros/jazzy DEBUGINFOD_URLS=https://debuginfod.ubuntu.com /usr/bin/cmake --install /home/addinedu/pinky/build/pinky_description
[1.268s] Level 1:colcon.colcon_core.environment:checking '/home/addinedu/pinky/install/pinky_description' for CMake module files
[1.269s] Level 1:colcon.colcon_core.environment:checking '/home/addinedu/pinky/install/pinky_description' for CMake config files
[1.269s] Level 1:colcon.colcon_core.shell:create_environment_hook('pinky_description', 'cmake_prefix_path')
[1.270s] INFO:colcon.colcon_core.shell:Creating environment hook '/home/addinedu/pinky/install/pinky_description/share/pinky_description/hook/cmake_prefix_path.ps1'
[1.270s] INFO:colcon.colcon_core.shell:Creating environment descriptor '/home/addinedu/pinky/install/pinky_description/share/pinky_description/hook/cmake_prefix_path.dsv'
[1.270s] INFO:colcon.colcon_core.shell:Creating environment hook '/home/addinedu/pinky/install/pinky_description/share/pinky_description/hook/cmake_prefix_path.sh'
[1.271s] Level 1:colcon.colcon_core.environment:checking '/home/addinedu/pinky/install/pinky_description/bin'
[1.271s] Level 1:colcon.colcon_core.environment:checking '/home/addinedu/pinky/install/pinky_description/lib/pkgconfig/pinky_description.pc'
[1.271s] Level 1:colcon.colcon_core.environment:checking '/home/addinedu/pinky/install/pinky_description/lib/python3.12/site-packages'
[1.271s] Level 1:colcon.colcon_core.environment:checking '/home/addinedu/pinky/install/pinky_description/bin'
[1.271s] INFO:colcon.colcon_core.shell:Creating package script '/home/addinedu/pinky/install/pinky_description/share/pinky_description/package.ps1'
[1.272s] INFO:colcon.colcon_core.shell:Creating package descriptor '/home/addinedu/pinky/install/pinky_description/share/pinky_description/package.dsv'
[1.273s] INFO:colcon.colcon_core.shell:Creating package script '/home/addinedu/pinky/install/pinky_description/share/pinky_description/package.sh'
[1.273s] INFO:colcon.colcon_core.shell:Creating package script '/home/addinedu/pinky/install/pinky_description/share/pinky_description/package.bash'
[1.274s] INFO:colcon.colcon_core.shell:Creating package script '/home/addinedu/pinky/install/pinky_description/share/pinky_description/package.zsh'
[1.275s] Level 1:colcon.colcon_core.environment:create_file_with_runtime_dependencies(/home/addinedu/pinky/install/pinky_description/share/colcon-core/packages/pinky_description)
[1.276s] Level 1:colcon.colcon_core.environment:create_environment_scripts_only(pinky_description)
[1.276s] Level 1:colcon.colcon_core.environment:checking '/home/addinedu/pinky/install/pinky_description' for CMake module files
[1.276s] Level 1:colcon.colcon_core.environment:checking '/home/addinedu/pinky/install/pinky_description' for CMake config files
[1.276s] Level 1:colcon.colcon_core.shell:create_environment_hook('pinky_description', 'cmake_prefix_path')
[1.277s] INFO:colcon.colcon_core.shell:Creating environment hook '/home/addinedu/pinky/install/pinky_description/share/pinky_description/hook/cmake_prefix_path.ps1'
[1.277s] INFO:colcon.colcon_core.shell:Creating environment descriptor '/home/addinedu/pinky/install/pinky_description/share/pinky_description/hook/cmake_prefix_path.dsv'
[1.277s] INFO:colcon.colcon_core.shell:Creating environment hook '/home/addinedu/pinky/install/pinky_description/share/pinky_description/hook/cmake_prefix_path.sh'
[1.278s] Level 1:colcon.colcon_core.environment:checking '/home/addinedu/pinky/install/pinky_description/bin'
[1.278s] Level 1:colcon.colcon_core.environment:checking '/home/addinedu/pinky/install/pinky_description/lib/pkgconfig/pinky_description.pc'
[1.278s] Level 1:colcon.colcon_core.environment:checking '/home/addinedu/pinky/install/pinky_description/lib/python3.12/site-packages'
[1.278s] Level 1:colcon.colcon_core.environment:checking '/home/addinedu/pinky/install/pinky_description/bin'
[1.278s] INFO:colcon.colcon_core.shell:Creating package script '/home/addinedu/pinky/install/pinky_description/share/pinky_description/package.ps1'
[1.279s] INFO:colcon.colcon_core.shell:Creating package descriptor '/home/addinedu/pinky/install/pinky_description/share/pinky_description/package.dsv'
[1.279s] INFO:colcon.colcon_core.shell:Creating package script '/home/addinedu/pinky/install/pinky_description/share/pinky_description/package.sh'
[1.280s] INFO:colcon.colcon_core.shell:Creating package script '/home/addinedu/pinky/install/pinky_description/share/pinky_description/package.bash'
[1.280s] INFO:colcon.colcon_core.shell:Creating package script '/home/addinedu/pinky/install/pinky_description/share/pinky_description/package.zsh'
[1.280s] Level 1:colcon.colcon_core.environment:create_file_with_runtime_dependencies(/home/addinedu/pinky/install/pinky_description/share/colcon-core/packages/pinky_description)
[1.283s] INFO:colcon.colcon_ros.task.ament_cmake.build:Building ROS package in '/home/addinedu/pinky/src/pinky_for_edu/pinky_gazebo' with build type 'ament_cmake'
[1.283s] INFO:colcon.colcon_cmake.task.cmake.build:Building CMake package in '/home/addinedu/pinky/src/pinky_for_edu/pinky_gazebo'
[1.283s] INFO:colcon.colcon_core.shell:Skip shell extension 'powershell' for command environment: Not usable outside of PowerShell
[1.283s] DEBUG:colcon.colcon_core.shell:Skip shell extension 'dsv' for command environment
[1.286s] Level 1:colcon.colcon_core.environment:create_environment_scripts_only(pinky_navigation)
[1.286s] Level 1:colcon.colcon_core.environment:checking '/home/addinedu/pinky/install/pinky_navigation' for CMake module files
[1.287s] DEBUG:colcon.colcon_core.event_handler.log_command:Invoked command in '/home/addinedu/pinky/build/pinky_navigation' returned '0': CMAKE_PREFIX_PATH=${CMAKE_PREFIX_PATH}:/home/addinedu/dev_ws/ros/install/my_tf:/home/addinedu/dev_ws/ros/install/my_first_package:/home/addinedu/dev_ws/ros/install/controller_tutorials:/opt/ros/jazzy DEBUGINFOD_URLS=https://debuginfod.ubuntu.com /usr/bin/cmake --install /home/addinedu/pinky/build/pinky_navigation
[1.287s] Level 1:colcon.colcon_core.environment:checking '/home/addinedu/pinky/install/pinky_navigation' for CMake config files
[1.288s] Level 1:colcon.colcon_core.shell:create_environment_hook('pinky_navigation', 'cmake_prefix_path')
[1.288s] INFO:colcon.colcon_core.shell:Creating environment hook '/home/addinedu/pinky/install/pinky_navigation/share/pinky_navigation/hook/cmake_prefix_path.ps1'
[1.288s] INFO:colcon.colcon_core.shell:Creating environment descriptor '/home/addinedu/pinky/install/pinky_navigation/share/pinky_navigation/hook/cmake_prefix_path.dsv'
[1.289s] INFO:colcon.colcon_core.shell:Creating environment hook '/home/addinedu/pinky/install/pinky_navigation/share/pinky_navigation/hook/cmake_prefix_path.sh'
[1.289s] Level 1:colcon.colcon_core.environment:checking '/home/addinedu/pinky/install/pinky_navigation/bin'
[1.289s] Level 1:colcon.colcon_core.environment:checking '/home/addinedu/pinky/install/pinky_navigation/lib/pkgconfig/pinky_navigation.pc'
[1.289s] Level 1:colcon.colcon_core.environment:checking '/home/addinedu/pinky/install/pinky_navigation/lib/python3.12/site-packages'
[1.290s] Level 1:colcon.colcon_core.environment:checking '/home/addinedu/pinky/install/pinky_navigation/bin'
[1.290s] INFO:colcon.colcon_core.shell:Creating package script '/home/addinedu/pinky/install/pinky_navigation/share/pinky_navigation/package.ps1'
[1.290s] INFO:colcon.colcon_core.shell:Creating package descriptor '/home/addinedu/pinky/install/pinky_navigation/share/pinky_navigation/package.dsv'
[1.291s] INFO:colcon.colcon_core.shell:Creating package script '/home/addinedu/pinky/install/pinky_navigation/share/pinky_navigation/package.sh'
[1.291s] INFO:colcon.colcon_core.shell:Creating package script '/home/addinedu/pinky/install/pinky_navigation/share/pinky_navigation/package.bash'
[1.291s] INFO:colcon.colcon_core.shell:Creating package script '/home/addinedu/pinky/install/pinky_navigation/share/pinky_navigation/package.zsh'
[1.291s] Level 1:colcon.colcon_core.environment:create_file_with_runtime_dependencies(/home/addinedu/pinky/install/pinky_navigation/share/colcon-core/packages/pinky_navigation)
[1.292s] Level 1:colcon.colcon_core.environment:create_environment_scripts_only(pinky_navigation)
[1.292s] Level 1:colcon.colcon_core.environment:checking '/home/addinedu/pinky/install/pinky_navigation' for CMake module files
[1.292s] Level 1:colcon.colcon_core.environment:checking '/home/addinedu/pinky/install/pinky_navigation' for CMake config files
[1.292s] Level 1:colcon.colcon_core.shell:create_environment_hook('pinky_navigation', 'cmake_prefix_path')
[1.293s] INFO:colcon.colcon_core.shell:Creating environment hook '/home/addinedu/pinky/install/pinky_navigation/share/pinky_navigation/hook/cmake_prefix_path.ps1'
[1.293s] INFO:colcon.colcon_core.shell:Creating environment descriptor '/home/addinedu/pinky/install/pinky_navigation/share/pinky_navigation/hook/cmake_prefix_path.dsv'
[1.293s] INFO:colcon.colcon_core.shell:Creating environment hook '/home/addinedu/pinky/install/pinky_navigation/share/pinky_navigation/hook/cmake_prefix_path.sh'
[1.294s] Level 1:colcon.colcon_core.environment:checking '/home/addinedu/pinky/install/pinky_navigation/bin'
[1.294s] Level 1:colcon.colcon_core.environment:checking '/home/addinedu/pinky/install/pinky_navigation/lib/pkgconfig/pinky_navigation.pc'
[1.294s] Level 1:colcon.colcon_core.environment:checking '/home/addinedu/pinky/install/pinky_navigation/lib/python3.12/site-packages'
[1.294s] Level 1:colcon.colcon_core.environment:checking '/home/addinedu/pinky/install/pinky_navigation/bin'
[1.294s] INFO:colcon.colcon_core.shell:Creating package script '/home/addinedu/pinky/install/pinky_navigation/share/pinky_navigation/package.ps1'
[1.295s] INFO:colcon.colcon_core.shell:Creating package descriptor '/home/addinedu/pinky/install/pinky_navigation/share/pinky_navigation/package.dsv'
[1.295s] INFO:colcon.colcon_core.shell:Creating package script '/home/addinedu/pinky/install/pinky_navigation/share/pinky_navigation/package.sh'
[1.295s] INFO:colcon.colcon_core.shell:Creating package script '/home/addinedu/pinky/install/pinky_navigation/share/pinky_navigation/package.bash'
[1.296s] INFO:colcon.colcon_core.shell:Creating package script '/home/addinedu/pinky/install/pinky_navigation/share/pinky_navigation/package.zsh'
[1.296s] Level 1:colcon.colcon_core.environment:create_file_with_runtime_dependencies(/home/addinedu/pinky/install/pinky_navigation/share/colcon-core/packages/pinky_navigation)
[1.299s] DEBUG:colcon.colcon_core.event_handler.log_command:Invoking command in '/home/addinedu/pinky/build/pinky_gazebo': AMENT_PREFIX_PATH=/home/addinedu/pinky/install/pinky_description:${AMENT_PREFIX_PATH} CMAKE_PREFIX_PATH=/home/addinedu/pinky/install/pinky_description:/home/addinedu/dev_ws/ros/install/my_first_package_msgs:/opt/ros/jazzy/opt/gz_sim_vendor:/opt/ros/jazzy/opt/gz_sensors_vendor:/opt/ros/jazzy/opt/gz_physics_vendor:/opt/ros/jazzy/opt/sdformat_vendor:/opt/ros/jazzy/opt/gz_gui_vendor:/opt/ros/jazzy/opt/gz_transport_vendor:/opt/ros/jazzy/opt/gz_rendering_vendor:/opt/ros/jazzy/opt/gz_plugin_vendor:/opt/ros/jazzy/opt/gz_fuel_tools_vendor:/opt/ros/jazzy/opt/gz_msgs_vendor:/opt/ros/jazzy/opt/gz_common_vendor:/opt/ros/jazzy/opt/gz_math_vendor:/opt/ros/jazzy/opt/gz_utils_vendor:/opt/ros/jazzy/opt/gz_tools_vendor:/opt/ros/jazzy/opt/gz_ogre_next_vendor:/opt/ros/jazzy/opt/gz_dartsim_vendor:/opt/ros/jazzy/opt/gz_cmake_vendor:/home/addinedu/dev_ws/ros/install/my_tf:/home/addinedu/dev_ws/ros/install/my_first_package:/home/addinedu/dev_ws/ros/install/controller_tutorials:/opt/ros/jazzy DEBUGINFOD_URLS=https://debuginfod.ubuntu.com /usr/bin/cmake --build /home/addinedu/pinky/build/pinky_gazebo -- -j12 -l12
[1.332s] DEBUG:colcon.colcon_core.event_handler.log_command:Invoked command in '/home/addinedu/pinky/build/pinky_gazebo' returned '0': AMENT_PREFIX_PATH=/home/addinedu/pinky/install/pinky_description:${AMENT_PREFIX_PATH} CMAKE_PREFIX_PATH=/home/addinedu/pinky/install/pinky_description:/home/addinedu/dev_ws/ros/install/my_first_package_msgs:/opt/ros/jazzy/opt/gz_sim_vendor:/opt/ros/jazzy/opt/gz_sensors_vendor:/opt/ros/jazzy/opt/gz_physics_vendor:/opt/ros/jazzy/opt/sdformat_vendor:/opt/ros/jazzy/opt/gz_gui_vendor:/opt/ros/jazzy/opt/gz_transport_vendor:/opt/ros/jazzy/opt/gz_rendering_vendor:/opt/ros/jazzy/opt/gz_plugin_vendor:/opt/ros/jazzy/opt/gz_fuel_tools_vendor:/opt/ros/jazzy/opt/gz_msgs_vendor:/opt/ros/jazzy/opt/gz_common_vendor:/opt/ros/jazzy/opt/gz_math_vendor:/opt/ros/jazzy/opt/gz_utils_vendor:/opt/ros/jazzy/opt/gz_tools_vendor:/opt/ros/jazzy/opt/gz_ogre_next_vendor:/opt/ros/jazzy/opt/gz_dartsim_vendor:/opt/ros/jazzy/opt/gz_cmake_vendor:/home/addinedu/dev_ws/ros/install/my_tf:/home/addinedu/dev_ws/ros/install/my_first_package:/home/addinedu/dev_ws/ros/install/controller_tutorials:/opt/ros/jazzy DEBUGINFOD_URLS=https://debuginfod.ubuntu.com /usr/bin/cmake --build /home/addinedu/pinky/build/pinky_gazebo -- -j12 -l12
[1.334s] DEBUG:colcon.colcon_core.event_handler.log_command:Invoking command in '/home/addinedu/pinky/build/pinky_gazebo': AMENT_PREFIX_PATH=/home/addinedu/pinky/install/pinky_description:${AMENT_PREFIX_PATH} CMAKE_PREFIX_PATH=/home/addinedu/pinky/install/pinky_description:/home/addinedu/dev_ws/ros/install/my_first_package_msgs:/opt/ros/jazzy/opt/gz_sim_vendor:/opt/ros/jazzy/opt/gz_sensors_vendor:/opt/ros/jazzy/opt/gz_physics_vendor:/opt/ros/jazzy/opt/sdformat_vendor:/opt/ros/jazzy/opt/gz_gui_vendor:/opt/ros/jazzy/opt/gz_transport_vendor:/opt/ros/jazzy/opt/gz_rendering_vendor:/opt/ros/jazzy/opt/gz_plugin_vendor:/opt/ros/jazzy/opt/gz_fuel_tools_vendor:/opt/ros/jazzy/opt/gz_msgs_vendor:/opt/ros/jazzy/opt/gz_common_vendor:/opt/ros/jazzy/opt/gz_math_vendor:/opt/ros/jazzy/opt/gz_utils_vendor:/opt/ros/jazzy/opt/gz_tools_vendor:/opt/ros/jazzy/opt/gz_ogre_next_vendor:/opt/ros/jazzy/opt/gz_dartsim_vendor:/opt/ros/jazzy/opt/gz_cmake_vendor:/home/addinedu/dev_ws/ros/install/my_tf:/home/addinedu/dev_ws/ros/install/my_first_package:/home/addinedu/dev_ws/ros/install/controller_tutorials:/opt/ros/jazzy DEBUGINFOD_URLS=https://debuginfod.ubuntu.com /usr/bin/cmake --install /home/addinedu/pinky/build/pinky_gazebo
[1.361s] Level 1:colcon.colcon_core.environment:create_environment_scripts_only(pinky_gazebo)
[1.361s] Level 1:colcon.colcon_core.environment:checking '/home/addinedu/pinky/install/pinky_gazebo' for CMake module files
[1.362s] DEBUG:colcon.colcon_core.event_handler.log_command:Invoked command in '/home/addinedu/pinky/build/pinky_gazebo' returned '0': AMENT_PREFIX_PATH=/home/addinedu/pinky/install/pinky_description:${AMENT_PREFIX_PATH} CMAKE_PREFIX_PATH=/home/addinedu/pinky/install/pinky_description:/home/addinedu/dev_ws/ros/install/my_first_package_msgs:/opt/ros/jazzy/opt/gz_sim_vendor:/opt/ros/jazzy/opt/gz_sensors_vendor:/opt/ros/jazzy/opt/gz_physics_vendor:/opt/ros/jazzy/opt/sdformat_vendor:/opt/ros/jazzy/opt/gz_gui_vendor:/opt/ros/jazzy/opt/gz_transport_vendor:/opt/ros/jazzy/opt/gz_rendering_vendor:/opt/ros/jazzy/opt/gz_plugin_vendor:/opt/ros/jazzy/opt/gz_fuel_tools_vendor:/opt/ros/jazzy/opt/gz_msgs_vendor:/opt/ros/jazzy/opt/gz_common_vendor:/opt/ros/jazzy/opt/gz_math_vendor:/opt/ros/jazzy/opt/gz_utils_vendor:/opt/ros/jazzy/opt/gz_tools_vendor:/opt/ros/jazzy/opt/gz_ogre_next_vendor:/opt/ros/jazzy/opt/gz_dartsim_vendor:/opt/ros/jazzy/opt/gz_cmake_vendor:/home/addinedu/dev_ws/ros/install/my_tf:/home/addinedu/dev_ws/ros/install/my_first_package:/home/addinedu/dev_ws/ros/install/controller_tutorials:/opt/ros/jazzy DEBUGINFOD_URLS=https://debuginfod.ubuntu.com /usr/bin/cmake --install /home/addinedu/pinky/build/pinky_gazebo
[1.362s] Level 1:colcon.colcon_core.environment:checking '/home/addinedu/pinky/install/pinky_gazebo' for CMake config files
[1.362s] Level 1:colcon.colcon_core.shell:create_environment_hook('pinky_gazebo', 'cmake_prefix_path')
[1.363s] INFO:colcon.colcon_core.shell:Creating environment hook '/home/addinedu/pinky/install/pinky_gazebo/share/pinky_gazebo/hook/cmake_prefix_path.ps1'
[1.363s] INFO:colcon.colcon_core.shell:Creating environment descriptor '/home/addinedu/pinky/install/pinky_gazebo/share/pinky_gazebo/hook/cmake_prefix_path.dsv'
[1.363s] INFO:colcon.colcon_core.shell:Creating environment hook '/home/addinedu/pinky/install/pinky_gazebo/share/pinky_gazebo/hook/cmake_prefix_path.sh'
[1.364s] Level 1:colcon.colcon_core.environment:checking '/home/addinedu/pinky/install/pinky_gazebo/bin'
[1.364s] Level 1:colcon.colcon_core.environment:checking '/home/addinedu/pinky/install/pinky_gazebo/lib/pkgconfig/pinky_gazebo.pc'
[1.364s] Level 1:colcon.colcon_core.environment:checking '/home/addinedu/pinky/install/pinky_gazebo/lib/python3.12/site-packages'
[1.364s] Level 1:colcon.colcon_core.environment:checking '/home/addinedu/pinky/install/pinky_gazebo/bin'
[1.364s] INFO:colcon.colcon_core.shell:Creating package script '/home/addinedu/pinky/install/pinky_gazebo/share/pinky_gazebo/package.ps1'
[1.365s] INFO:colcon.colcon_core.shell:Creating package descriptor '/home/addinedu/pinky/install/pinky_gazebo/share/pinky_gazebo/package.dsv'
[1.365s] INFO:colcon.colcon_core.shell:Creating package script '/home/addinedu/pinky/install/pinky_gazebo/share/pinky_gazebo/package.sh'
[1.365s] INFO:colcon.colcon_core.shell:Creating package script '/home/addinedu/pinky/install/pinky_gazebo/share/pinky_gazebo/package.bash'
[1.366s] INFO:colcon.colcon_core.shell:Creating package script '/home/addinedu/pinky/install/pinky_gazebo/share/pinky_gazebo/package.zsh'
[1.366s] Level 1:colcon.colcon_core.environment:create_file_with_runtime_dependencies(/home/addinedu/pinky/install/pinky_gazebo/share/colcon-core/packages/pinky_gazebo)
[1.366s] Level 1:colcon.colcon_core.environment:create_environment_scripts_only(pinky_gazebo)
[1.366s] Level 1:colcon.colcon_core.environment:checking '/home/addinedu/pinky/install/pinky_gazebo' for CMake module files
[1.367s] Level 1:colcon.colcon_core.environment:checking '/home/addinedu/pinky/install/pinky_gazebo' for CMake config files
[1.367s] Level 1:colcon.colcon_core.shell:create_environment_hook('pinky_gazebo', 'cmake_prefix_path')
[1.367s] INFO:colcon.colcon_core.shell:Creating environment hook '/home/addinedu/pinky/install/pinky_gazebo/share/pinky_gazebo/hook/cmake_prefix_path.ps1'
[1.368s] INFO:colcon.colcon_core.shell:Creating environment descriptor '/home/addinedu/pinky/install/pinky_gazebo/share/pinky_gazebo/hook/cmake_prefix_path.dsv'
[1.368s] INFO:colcon.colcon_core.shell:Creating environment hook '/home/addinedu/pinky/install/pinky_gazebo/share/pinky_gazebo/hook/cmake_prefix_path.sh'
[1.368s] Level 1:colcon.colcon_core.environment:checking '/home/addinedu/pinky/install/pinky_gazebo/bin'
[1.368s] Level 1:colcon.colcon_core.environment:checking '/home/addinedu/pinky/install/pinky_gazebo/lib/pkgconfig/pinky_gazebo.pc'
[1.368s] Level 1:colcon.colcon_core.environment:checking '/home/addinedu/pinky/install/pinky_gazebo/lib/python3.12/site-packages'
[1.369s] Level 1:colcon.colcon_core.environment:checking '/home/addinedu/pinky/install/pinky_gazebo/bin'
[1.369s] INFO:colcon.colcon_core.shell:Creating package script '/home/addinedu/pinky/install/pinky_gazebo/share/pinky_gazebo/package.ps1'
[1.369s] INFO:colcon.colcon_core.shell:Creating package descriptor '/home/addinedu/pinky/install/pinky_gazebo/share/pinky_gazebo/package.dsv'
[1.370s] INFO:colcon.colcon_core.shell:Creating package script '/home/addinedu/pinky/install/pinky_gazebo/share/pinky_gazebo/package.sh'
[1.370s] INFO:colcon.colcon_core.shell:Creating package script '/home/addinedu/pinky/install/pinky_gazebo/share/pinky_gazebo/package.bash'
[1.370s] INFO:colcon.colcon_core.shell:Creating package script '/home/addinedu/pinky/install/pinky_gazebo/share/pinky_gazebo/package.zsh'
[1.371s] Level 1:colcon.colcon_core.environment:create_file_with_runtime_dependencies(/home/addinedu/pinky/install/pinky_gazebo/share/colcon-core/packages/pinky_gazebo)
[1.760s] DEBUG:colcon.colcon_core.event_handler.log_command:Invoking command in '/home/addinedu/pinky/src/pinky_tmpatrol': DEBUGINFOD_URLS=https://debuginfod.ubuntu.com PYTHONPATH=/home/addinedu/pinky/build/pinky_tmpatrol/prefix_override:/usr/lib/python3/dist-packages/colcon_core/task/python/colcon_distutils_commands:/home/addinedu/pinky/install/pinky_tmpatrol/lib/python3.12/site-packages:${PYTHONPATH} /usr/bin/python3 -W ignore:setup.py install is deprecated -W ignore:easy_install command is deprecated setup.py egg_info --egg-base ../../build/pinky_tmpatrol build --build-base /home/addinedu/pinky/build/pinky_tmpatrol/build install --record /home/addinedu/pinky/build/pinky_tmpatrol/install.log --single-version-externally-managed install_data
[1.919s] DEBUG:colcon.colcon_core.event_handler.log_command:Invoking command in '/home/addinedu/pinky/src/pinky_for_edu/pinky_simple_navigator': DEBUGINFOD_URLS=https://debuginfod.ubuntu.com PYTHONPATH=/home/addinedu/pinky/build/pinky_simple_navigator/prefix_override:/usr/lib/python3/dist-packages/colcon_core/task/python/colcon_distutils_commands:/home/addinedu/pinky/install/pinky_simple_navigator/lib/python3.12/site-packages:${PYTHONPATH} /usr/bin/python3 -W ignore:setup.py install is deprecated -W ignore:easy_install command is deprecated setup.py egg_info --egg-base ../../../build/pinky_simple_navigator build --build-base /home/addinedu/pinky/build/pinky_simple_navigator/build install --record /home/addinedu/pinky/build/pinky_simple_navigator/install.log --single-version-externally-managed install_data
[1.921s] DEBUG:colcon.colcon_core.event_handler.log_command:Invoking command in '/home/addinedu/pinky/src/pinky_tmproject': DEBUGINFOD_URLS=https://debuginfod.ubuntu.com PYTHONPATH=/home/addinedu/pinky/build/pinky_tmproject/prefix_override:/usr/lib/python3/dist-packages/colcon_core/task/python/colcon_distutils_commands:/home/addinedu/pinky/install/pinky_tmproject/lib/python3.12/site-packages:${PYTHONPATH} /usr/bin/python3 -W ignore:setup.py install is deprecated -W ignore:easy_install command is deprecated setup.py egg_info --egg-base ../../build/pinky_tmproject build --build-base /home/addinedu/pinky/build/pinky_tmproject/build install --record /home/addinedu/pinky/build/pinky_tmproject/install.log --single-version-externally-managed install_data
[2.365s] Level 1:colcon.colcon_core.environment:checking '/home/addinedu/pinky/install/pinky_tmpatrol' for CMake module files
[2.365s] DEBUG:colcon.colcon_core.event_handler.log_command:Invoked command in '/home/addinedu/pinky/src/pinky_tmpatrol' returned '0': DEBUGINFOD_URLS=https://debuginfod.ubuntu.com PYTHONPATH=/home/addinedu/pinky/build/pinky_tmpatrol/prefix_override:/usr/lib/python3/dist-packages/colcon_core/task/python/colcon_distutils_commands:/home/addinedu/pinky/install/pinky_tmpatrol/lib/python3.12/site-packages:${PYTHONPATH} /usr/bin/python3 -W ignore:setup.py install is deprecated -W ignore:easy_install command is deprecated setup.py egg_info --egg-base ../../build/pinky_tmpatrol build --build-base /home/addinedu/pinky/build/pinky_tmpatrol/build install --record /home/addinedu/pinky/build/pinky_tmpatrol/install.log --single-version-externally-managed install_data
[2.366s] Level 1:colcon.colcon_core.environment:checking '/home/addinedu/pinky/install/pinky_tmpatrol' for CMake config files
[2.366s] Level 1:colcon.colcon_core.environment:checking '/home/addinedu/pinky/install/pinky_tmpatrol/lib'
[2.367s] Level 1:colcon.colcon_core.environment:checking '/home/addinedu/pinky/install/pinky_tmpatrol/bin'
[2.367s] Level 1:colcon.colcon_core.environment:checking '/home/addinedu/pinky/install/pinky_tmpatrol/lib/pkgconfig/pinky_tmpatrol.pc'
[2.367s] Level 1:colcon.colcon_core.environment:checking '/home/addinedu/pinky/install/pinky_tmpatrol/lib/python3.12/site-packages'
[2.367s] Level 1:colcon.colcon_core.shell:create_environment_hook('pinky_tmpatrol', 'pythonpath')
[2.367s] INFO:colcon.colcon_core.shell:Creating environment hook '/home/addinedu/pinky/install/pinky_tmpatrol/share/pinky_tmpatrol/hook/pythonpath.ps1'
[2.367s] INFO:colcon.colcon_core.shell:Creating environment descriptor '/home/addinedu/pinky/install/pinky_tmpatrol/share/pinky_tmpatrol/hook/pythonpath.dsv'
[2.368s] INFO:colcon.colcon_core.shell:Creating environment hook '/home/addinedu/pinky/install/pinky_tmpatrol/share/pinky_tmpatrol/hook/pythonpath.sh'
[2.368s] Level 1:colcon.colcon_core.environment:checking '/home/addinedu/pinky/install/pinky_tmpatrol/bin'
[2.368s] Level 1:colcon.colcon_core.environment:create_environment_scripts_only(pinky_tmpatrol)
[2.368s] INFO:colcon.colcon_core.shell:Creating package script '/home/addinedu/pinky/install/pinky_tmpatrol/share/pinky_tmpatrol/package.ps1'
[2.369s] INFO:colcon.colcon_core.shell:Creating package descriptor '/home/addinedu/pinky/install/pinky_tmpatrol/share/pinky_tmpatrol/package.dsv'
[2.369s] INFO:colcon.colcon_core.shell:Creating package script '/home/addinedu/pinky/install/pinky_tmpatrol/share/pinky_tmpatrol/package.sh'
[2.369s] INFO:colcon.colcon_core.shell:Creating package script '/home/addinedu/pinky/install/pinky_tmpatrol/share/pinky_tmpatrol/package.bash'
[2.370s] INFO:colcon.colcon_core.shell:Creating package script '/home/addinedu/pinky/install/pinky_tmpatrol/share/pinky_tmpatrol/package.zsh'
[2.370s] Level 1:colcon.colcon_core.environment:create_file_with_runtime_dependencies(/home/addinedu/pinky/install/pinky_tmpatrol/share/colcon-core/packages/pinky_tmpatrol)
[2.541s] Level 1:colcon.colcon_core.environment:checking '/home/addinedu/pinky/install/pinky_tmproject' for CMake module files
[2.542s] DEBUG:colcon.colcon_core.event_handler.log_command:Invoked command in '/home/addinedu/pinky/src/pinky_tmproject' returned '0': DEBUGINFOD_URLS=https://debuginfod.ubuntu.com PYTHONPATH=/home/addinedu/pinky/build/pinky_tmproject/prefix_override:/usr/lib/python3/dist-packages/colcon_core/task/python/colcon_distutils_commands:/home/addinedu/pinky/install/pinky_tmproject/lib/python3.12/site-packages:${PYTHONPATH} /usr/bin/python3 -W ignore:setup.py install is deprecated -W ignore:easy_install command is deprecated setup.py egg_info --egg-base ../../build/pinky_tmproject build --build-base /home/addinedu/pinky/build/pinky_tmproject/build install --record /home/addinedu/pinky/build/pinky_tmproject/install.log --single-version-externally-managed install_data
[2.542s] Level 1:colcon.colcon_core.environment:checking '/home/addinedu/pinky/install/pinky_tmproject' for CMake config files
[2.543s] Level 1:colcon.colcon_core.environment:checking '/home/addinedu/pinky/install/pinky_tmproject/lib'
[2.543s] Level 1:colcon.colcon_core.environment:checking '/home/addinedu/pinky/install/pinky_tmproject/bin'
[2.543s] Level 1:colcon.colcon_core.environment:checking '/home/addinedu/pinky/install/pinky_tmproject/lib/pkgconfig/pinky_tmproject.pc'
[2.543s] Level 1:colcon.colcon_core.environment:checking '/home/addinedu/pinky/install/pinky_tmproject/lib/python3.12/site-packages'
[2.543s] Level 1:colcon.colcon_core.shell:create_environment_hook('pinky_tmproject', 'pythonpath')
[2.543s] INFO:colcon.colcon_core.shell:Creating environment hook '/home/addinedu/pinky/install/pinky_tmproject/share/pinky_tmproject/hook/pythonpath.ps1'
[2.544s] INFO:colcon.colcon_core.shell:Creating environment descriptor '/home/addinedu/pinky/install/pinky_tmproject/share/pinky_tmproject/hook/pythonpath.dsv'
[2.544s] INFO:colcon.colcon_core.shell:Creating environment hook '/home/addinedu/pinky/install/pinky_tmproject/share/pinky_tmproject/hook/pythonpath.sh'
[2.545s] Level 1:colcon.colcon_core.environment:checking '/home/addinedu/pinky/install/pinky_tmproject/bin'
[2.545s] Level 1:colcon.colcon_core.environment:create_environment_scripts_only(pinky_tmproject)
[2.545s] INFO:colcon.colcon_core.shell:Creating package script '/home/addinedu/pinky/install/pinky_tmproject/share/pinky_tmproject/package.ps1'
[2.545s] INFO:colcon.colcon_core.shell:Creating package descriptor '/home/addinedu/pinky/install/pinky_tmproject/share/pinky_tmproject/package.dsv'
[2.546s] INFO:colcon.colcon_core.shell:Creating package script '/home/addinedu/pinky/install/pinky_tmproject/share/pinky_tmproject/package.sh'
[2.546s] INFO:colcon.colcon_core.shell:Creating package script '/home/addinedu/pinky/install/pinky_tmproject/share/pinky_tmproject/package.bash'
[2.546s] INFO:colcon.colcon_core.shell:Creating package script '/home/addinedu/pinky/install/pinky_tmproject/share/pinky_tmproject/package.zsh'
[2.546s] Level 1:colcon.colcon_core.environment:create_file_with_runtime_dependencies(/home/addinedu/pinky/install/pinky_tmproject/share/colcon-core/packages/pinky_tmproject)
[2.547s] Level 1:colcon.colcon_core.environment:checking '/home/addinedu/pinky/install/pinky_simple_navigator' for CMake module files
[2.548s] DEBUG:colcon.colcon_core.event_handler.log_command:Invoked command in '/home/addinedu/pinky/src/pinky_for_edu/pinky_simple_navigator' returned '0': DEBUGINFOD_URLS=https://debuginfod.ubuntu.com PYTHONPATH=/home/addinedu/pinky/build/pinky_simple_navigator/prefix_override:/usr/lib/python3/dist-packages/colcon_core/task/python/colcon_distutils_commands:/home/addinedu/pinky/install/pinky_simple_navigator/lib/python3.12/site-packages:${PYTHONPATH} /usr/bin/python3 -W ignore:setup.py install is deprecated -W ignore:easy_install command is deprecated setup.py egg_info --egg-base ../../../build/pinky_simple_navigator build --build-base /home/addinedu/pinky/build/pinky_simple_navigator/build install --record /home/addinedu/pinky/build/pinky_simple_navigator/install.log --single-version-externally-managed install_data
[2.548s] Level 1:colcon.colcon_core.environment:checking '/home/addinedu/pinky/install/pinky_simple_navigator' for CMake config files
[2.549s] Level 1:colcon.colcon_core.environment:checking '/home/addinedu/pinky/install/pinky_simple_navigator/lib'
[2.549s] Level 1:colcon.colcon_core.environment:checking '/home/addinedu/pinky/install/pinky_simple_navigator/bin'
[2.549s] Level 1:colcon.colcon_core.environment:checking '/home/addinedu/pinky/install/pinky_simple_navigator/lib/pkgconfig/pinky_simple_navigator.pc'
[2.549s] Level 1:colcon.colcon_core.environment:checking '/home/addinedu/pinky/install/pinky_simple_navigator/lib/python3.12/site-packages'
[2.549s] Level 1:colcon.colcon_core.shell:create_environment_hook('pinky_simple_navigator', 'pythonpath')
[2.549s] INFO:colcon.colcon_core.shell:Creating environment hook '/home/addinedu/pinky/install/pinky_simple_navigator/share/pinky_simple_navigator/hook/pythonpath.ps1'
[2.550s] INFO:colcon.colcon_core.shell:Creating environment descriptor '/home/addinedu/pinky/install/pinky_simple_navigator/share/pinky_simple_navigator/hook/pythonpath.dsv'
[2.550s] INFO:colcon.colcon_core.shell:Creating environment hook '/home/addinedu/pinky/install/pinky_simple_navigator/share/pinky_simple_navigator/hook/pythonpath.sh'
[2.550s] Level 1:colcon.colcon_core.environment:checking '/home/addinedu/pinky/install/pinky_simple_navigator/bin'
[2.551s] Level 1:colcon.colcon_core.environment:create_environment_scripts_only(pinky_simple_navigator)
[2.551s] INFO:colcon.colcon_core.shell:Creating package script '/home/addinedu/pinky/install/pinky_simple_navigator/share/pinky_simple_navigator/package.ps1'
[2.551s] INFO:colcon.colcon_core.shell:Creating package descriptor '/home/addinedu/pinky/install/pinky_simple_navigator/share/pinky_simple_navigator/package.dsv'
[2.551s] INFO:colcon.colcon_core.shell:Creating package script '/home/addinedu/pinky/install/pinky_simple_navigator/share/pinky_simple_navigator/package.sh'
[2.552s] INFO:colcon.colcon_core.shell:Creating package script '/home/addinedu/pinky/install/pinky_simple_navigator/share/pinky_simple_navigator/package.bash'
[2.552s] INFO:colcon.colcon_core.shell:Creating package script '/home/addinedu/pinky/install/pinky_simple_navigator/share/pinky_simple_navigator/package.zsh'
[2.552s] Level 1:colcon.colcon_core.environment:create_file_with_runtime_dependencies(/home/addinedu/pinky/install/pinky_simple_navigator/share/colcon-core/packages/pinky_simple_navigator)
[2.552s] DEBUG:colcon.colcon_parallel_executor.executor.parallel:closing loop
[2.553s] DEBUG:colcon.colcon_parallel_executor.executor.parallel:loop closed
[2.553s] DEBUG:colcon.colcon_parallel_executor.executor.parallel:run_until_complete finished with '0'
[2.553s] DEBUG:colcon.colcon_core.event_reactor:joining thread
[2.559s] INFO:colcon.colcon_core.plugin_system:Skipping extension 'colcon_notification.desktop_notification.terminal_notifier': Not used on non-Darwin systems
[2.559s] INFO:colcon.colcon_core.plugin_system:Skipping extension 'colcon_notification.desktop_notification.win32': Not used on non-Windows systems
[2.559s] INFO:colcon.colcon_notification.desktop_notification:Sending desktop notification using 'notify2'
[2.575s] DEBUG:colcon.colcon_core.event_reactor:joined thread
[2.575s] INFO:colcon.colcon_core.shell:Creating prefix script '/home/addinedu/pinky/install/local_setup.ps1'
[2.576s] INFO:colcon.colcon_core.shell:Creating prefix util module '/home/addinedu/pinky/install/_local_setup_util_ps1.py'
[2.577s] INFO:colcon.colcon_core.shell:Creating prefix chain script '/home/addinedu/pinky/install/setup.ps1'
[2.578s] INFO:colcon.colcon_core.shell:Creating prefix script '/home/addinedu/pinky/install/local_setup.sh'
[2.579s] INFO:colcon.colcon_core.shell:Creating prefix util module '/home/addinedu/pinky/install/_local_setup_util_sh.py'
[2.579s] INFO:colcon.colcon_core.shell:Creating prefix chain script '/home/addinedu/pinky/install/setup.sh'
[2.580s] INFO:colcon.colcon_core.shell:Creating prefix script '/home/addinedu/pinky/install/local_setup.bash'
[2.581s] INFO:colcon.colcon_core.shell:Creating prefix chain script '/home/addinedu/pinky/install/setup.bash'
[2.582s] INFO:colcon.colcon_core.shell:Creating prefix script '/home/addinedu/pinky/install/local_setup.zsh'
[2.582s] INFO:colcon.colcon_core.shell:Creating prefix chain script '/home/addinedu/pinky/install/setup.zsh'
