running develop
Removing /home/addinedu/pinky/install/pinky_tmpatrol/lib/python3.12/site-packages/pinky-tmpatrol.egg-link (link to .)
running egg_info
writing ../../build/pinky_tmpatrol/pinky_tmpatrol.egg-info/PKG-INFO
writing dependency_links to ../../build/pinky_tmpatrol/pinky_tmpatrol.egg-info/dependency_links.txt
writing entry points to ../../build/pinky_tmpatrol/pinky_tmpatrol.egg-info/entry_points.txt
writing requirements to ../../build/pinky_tmpatrol/pinky_tmpatrol.egg-info/requires.txt
writing top-level names to ../../build/pinky_tmpatrol/pinky_tmpatrol.egg-info/top_level.txt
reading manifest file '../../build/pinky_tmpatrol/pinky_tmpatrol.egg-info/SOURCES.txt'
writing manifest file '../../build/pinky_tmpatrol/pinky_tmpatrol.egg-info/SOURCES.txt'
running build
running build_py
creating /home/addinedu/pinky/build/pinky_tmpatrol/build
creating /home/addinedu/pinky/build/pinky_tmpatrol/build/lib
creating /home/addinedu/pinky/build/pinky_tmpatrol/build/lib/pinky_tmpatrol
copying ./pinky_tmpatrol/click2yaml.py -> /home/addinedu/pinky/build/pinky_tmpatrol/build/lib/pinky_tmpatrol
copying ./pinky_tmpatrol/__init__.py -> /home/addinedu/pinky/build/pinky_tmpatrol/build/lib/pinky_tmpatrol
copying ./pinky_tmpatrol/patrol_node.py -> /home/addinedu/pinky/build/pinky_tmpatrol/build/lib/pinky_tmpatrol
running install
running install_lib
creating /home/addinedu/pinky/install/pinky_tmpatrol/lib/python3.12/site-packages/pinky_tmpatrol
copying /home/addinedu/pinky/build/pinky_tmpatrol/build/lib/pinky_tmpatrol/click2yaml.py -> /home/addinedu/pinky/install/pinky_tmpatrol/lib/python3.12/site-packages/pinky_tmpatrol
copying /home/addinedu/pinky/build/pinky_tmpatrol/build/lib/pinky_tmpatrol/__init__.py -> /home/addinedu/pinky/install/pinky_tmpatrol/lib/python3.12/site-packages/pinky_tmpatrol
copying /home/addinedu/pinky/build/pinky_tmpatrol/build/lib/pinky_tmpatrol/patrol_node.py -> /home/addinedu/pinky/install/pinky_tmpatrol/lib/python3.12/site-packages/pinky_tmpatrol
byte-compiling /home/addinedu/pinky/install/pinky_tmpatrol/lib/python3.12/site-packages/pinky_tmpatrol/click2yaml.py to click2yaml.cpython-312.pyc
byte-compiling /home/addinedu/pinky/install/pinky_tmpatrol/lib/python3.12/site-packages/pinky_tmpatrol/__init__.py to __init__.cpython-312.pyc
byte-compiling /home/addinedu/pinky/install/pinky_tmpatrol/lib/python3.12/site-packages/pinky_tmpatrol/patrol_node.py to patrol_node.cpython-312.pyc
running install_data
copying resource/pinky_tmpatrol -> /home/addinedu/pinky/install/pinky_tmpatrol/share/ament_index/resource_index/packages
copying package.xml -> /home/addinedu/pinky/install/pinky_tmpatrol/share/pinky_tmpatrol
copying config/waypoints.yaml -> /home/addinedu/pinky/install/pinky_tmpatrol/share/pinky_tmpatrol/config
copying config/nav2_overrides.yaml -> /home/addinedu/pinky/install/pinky_tmpatrol/share/pinky_tmpatrol/config
copying launch/wallpatrol.launch.py -> /home/addinedu/pinky/install/pinky_tmpatrol/share/pinky_tmpatrol/launch
running install_egg_info
Copying ../../build/pinky_tmpatrol/pinky_tmpatrol.egg-info to /home/addinedu/pinky/install/pinky_tmpatrol/lib/python3.12/site-packages/pinky_tmpatrol-0.0.1-py3.12.egg-info
running install_scripts
Installing click2yaml script to /home/addinedu/pinky/install/pinky_tmpatrol/lib/pinky_tmpatrol
Installing patrol_node script to /home/addinedu/pinky/install/pinky_tmpatrol/lib/pinky_tmpatrol
writing list of installed files to '/home/addinedu/pinky/build/pinky_tmpatrol/install.log'
