[0.882s] Invoking command in '/home/addinedu/pinky/build/pinky_tmpatrol': DEBUGINFOD_URLS=https://debuginfod.ubuntu.com PYTHONPATH=/home/addinedu/pinky/build/pinky_tmpatrol/prefix_override:/usr/lib/python3/dist-packages/colcon_core/task/python/colcon_distutils_commands:/home/addinedu/pinky/install/pinky_tmpatrol/lib/python3.12/site-packages: /usr/bin/python3 -W ignore:setup.py install is deprecated -W ignore:easy_install command is deprecated setup.py develop --uninstall --editable --build-directory /home/addinedu/pinky/build/pinky_tmpatrol/build
[1.135s] running develop
[1.265s] /usr/lib/python3/dist-packages/setuptools/command/easy_install.py:363: UserWarning: Unbuilt egg for pytest-repeat [unknown version] (/usr/lib/python3/dist-packages)
[1.265s]   self.local_index = Environment(self.shadow_path + sys.path)
[1.292s] Removing /home/addinedu/pinky/install/pinky_tmpatrol/lib/python3.12/site-packages/pinky-tmpatrol.egg-link (link to .)
[1.370s] Invoked command in '/home/addinedu/pinky/build/pinky_tmpatrol' returned '0': DEBUGINFOD_URLS=https://debuginfod.ubuntu.com PYTHONPATH=/home/addinedu/pinky/build/pinky_tmpatrol/prefix_override:/usr/lib/python3/dist-packages/colcon_core/task/python/colcon_distutils_commands:/home/addinedu/pinky/install/pinky_tmpatrol/lib/python3.12/site-packages: /usr/bin/python3 -W ignore:setup.py install is deprecated -W ignore:easy_install command is deprecated setup.py develop --uninstall --editable --build-directory /home/addinedu/pinky/build/pinky_tmpatrol/build
[1.372s] Invoking command in '/home/addinedu/pinky/src/pinky_tmpatrol': DEBUGINFOD_URLS=https://debuginfod.ubuntu.com PYTHONPATH=/home/addinedu/pinky/build/pinky_tmpatrol/prefix_override:/usr/lib/python3/dist-packages/colcon_core/task/python/colcon_distutils_commands:/home/addinedu/pinky/install/pinky_tmpatrol/lib/python3.12/site-packages: /usr/bin/python3 -W ignore:setup.py install is deprecated -W ignore:easy_install command is deprecated setup.py egg_info --egg-base ../../build/pinky_tmpatrol build --build-base /home/addinedu/pinky/build/pinky_tmpatrol/build install --record /home/addinedu/pinky/build/pinky_tmpatrol/install.log --single-version-externally-managed install_data --force
[1.620s] running egg_info
[1.636s] writing ../../build/pinky_tmpatrol/pinky_tmpatrol.egg-info/PKG-INFO
[1.636s] writing dependency_links to ../../build/pinky_tmpatrol/pinky_tmpatrol.egg-info/dependency_links.txt
[1.637s] writing entry points to ../../build/pinky_tmpatrol/pinky_tmpatrol.egg-info/entry_points.txt
[1.637s] writing requirements to ../../build/pinky_tmpatrol/pinky_tmpatrol.egg-info/requires.txt
[1.637s] writing top-level names to ../../build/pinky_tmpatrol/pinky_tmpatrol.egg-info/top_level.txt
[1.669s] reading manifest file '../../build/pinky_tmpatrol/pinky_tmpatrol.egg-info/SOURCES.txt'
[1.670s] writing manifest file '../../build/pinky_tmpatrol/pinky_tmpatrol.egg-info/SOURCES.txt'
[1.670s] running build
[1.671s] running build_py
[1.671s] creating /home/addinedu/pinky/build/pinky_tmpatrol/build
[1.671s] creating /home/addinedu/pinky/build/pinky_tmpatrol/build/lib
[1.671s] creating /home/addinedu/pinky/build/pinky_tmpatrol/build/lib/pinky_tmpatrol
[1.671s] copying ./pinky_tmpatrol/click2yaml.py -> /home/addinedu/pinky/build/pinky_tmpatrol/build/lib/pinky_tmpatrol
[1.671s] copying ./pinky_tmpatrol/__init__.py -> /home/addinedu/pinky/build/pinky_tmpatrol/build/lib/pinky_tmpatrol
[1.671s] copying ./pinky_tmpatrol/patrol_node.py -> /home/addinedu/pinky/build/pinky_tmpatrol/build/lib/pinky_tmpatrol
[1.672s] running install
[1.678s] running install_lib
[1.695s] creating /home/addinedu/pinky/install/pinky_tmpatrol/lib/python3.12/site-packages/pinky_tmpatrol
[1.695s] copying /home/addinedu/pinky/build/pinky_tmpatrol/build/lib/pinky_tmpatrol/click2yaml.py -> /home/addinedu/pinky/install/pinky_tmpatrol/lib/python3.12/site-packages/pinky_tmpatrol
[1.695s] copying /home/addinedu/pinky/build/pinky_tmpatrol/build/lib/pinky_tmpatrol/__init__.py -> /home/addinedu/pinky/install/pinky_tmpatrol/lib/python3.12/site-packages/pinky_tmpatrol
[1.695s] copying /home/addinedu/pinky/build/pinky_tmpatrol/build/lib/pinky_tmpatrol/patrol_node.py -> /home/addinedu/pinky/install/pinky_tmpatrol/lib/python3.12/site-packages/pinky_tmpatrol
[1.695s] byte-compiling /home/addinedu/pinky/install/pinky_tmpatrol/lib/python3.12/site-packages/pinky_tmpatrol/click2yaml.py to click2yaml.cpython-312.pyc
[1.696s] byte-compiling /home/addinedu/pinky/install/pinky_tmpatrol/lib/python3.12/site-packages/pinky_tmpatrol/__init__.py to __init__.cpython-312.pyc
[1.696s] byte-compiling /home/addinedu/pinky/install/pinky_tmpatrol/lib/python3.12/site-packages/pinky_tmpatrol/patrol_node.py to patrol_node.cpython-312.pyc
[1.698s] running install_data
[1.698s] copying resource/pinky_tmpatrol -> /home/addinedu/pinky/install/pinky_tmpatrol/share/ament_index/resource_index/packages
[1.699s] copying package.xml -> /home/addinedu/pinky/install/pinky_tmpatrol/share/pinky_tmpatrol
[1.699s] copying config/waypoints.yaml -> /home/addinedu/pinky/install/pinky_tmpatrol/share/pinky_tmpatrol/config
[1.700s] copying config/nav2_overrides.yaml -> /home/addinedu/pinky/install/pinky_tmpatrol/share/pinky_tmpatrol/config
[1.700s] copying launch/wallpatrol.launch.py -> /home/addinedu/pinky/install/pinky_tmpatrol/share/pinky_tmpatrol/launch
[1.701s] running install_egg_info
[1.719s] Copying ../../build/pinky_tmpatrol/pinky_tmpatrol.egg-info to /home/addinedu/pinky/install/pinky_tmpatrol/lib/python3.12/site-packages/pinky_tmpatrol-0.0.1-py3.12.egg-info
[1.720s] running install_scripts
[1.832s] Installing click2yaml script to /home/addinedu/pinky/install/pinky_tmpatrol/lib/pinky_tmpatrol
[1.832s] Installing patrol_node script to /home/addinedu/pinky/install/pinky_tmpatrol/lib/pinky_tmpatrol
[1.833s] writing list of installed files to '/home/addinedu/pinky/build/pinky_tmpatrol/install.log'
[1.905s] Invoked command in '/home/addinedu/pinky/src/pinky_tmpatrol' returned '0': DEBUGINFOD_URLS=https://debuginfod.ubuntu.com PYTHONPATH=/home/addinedu/pinky/build/pinky_tmpatrol/prefix_override:/usr/lib/python3/dist-packages/colcon_core/task/python/colcon_distutils_commands:/home/addinedu/pinky/install/pinky_tmpatrol/lib/python3.12/site-packages: /usr/bin/python3 -W ignore:setup.py install is deprecated -W ignore:easy_install command is deprecated setup.py egg_info --egg-base ../../build/pinky_tmpatrol build --build-base /home/addinedu/pinky/build/pinky_tmpatrol/build install --record /home/addinedu/pinky/build/pinky_tmpatrol/install.log --single-version-externally-managed install_data --force
