[1.311s] Invoking command in '/home/addinedu/pinky/src/pinky_tmproject': DEBUGINFOD_URLS=https://debuginfod.ubuntu.com PYTHONPATH=/home/addinedu/pinky/build/pinky_tmproject/prefix_override:/usr/lib/python3/dist-packages/colcon_core/task/python/colcon_distutils_commands:/home/addinedu/pinky/install/pinky_tmproject/lib/python3.12/site-packages:${PYTHONPATH} /usr/bin/python3 -W ignore:setup.py install is deprecated -W ignore:easy_install command is deprecated setup.py egg_info --egg-base ../../build/pinky_tmproject build --build-base /home/addinedu/pinky/build/pinky_tmproject/build install --record /home/addinedu/pinky/build/pinky_tmproject/install.log --single-version-externally-managed install_data
[1.595s] running egg_info
[1.621s] writing ../../build/pinky_tmproject/pinky_tmproject.egg-info/PKG-INFO
[1.621s] writing dependency_links to ../../build/pinky_tmproject/pinky_tmproject.egg-info/dependency_links.txt
[1.621s] writing entry points to ../../build/pinky_tmproject/pinky_tmproject.egg-info/entry_points.txt
[1.622s] writing requirements to ../../build/pinky_tmproject/pinky_tmproject.egg-info/requires.txt
[1.622s] writing top-level names to ../../build/pinky_tmproject/pinky_tmproject.egg-info/top_level.txt
[1.673s] reading manifest file '../../build/pinky_tmproject/pinky_tmproject.egg-info/SOURCES.txt'
[1.674s] writing manifest file '../../build/pinky_tmproject/pinky_tmproject.egg-info/SOURCES.txt'
[1.674s] running build
[1.674s] running build_py
[1.675s] running install
[1.680s] running install_lib
[1.707s] running install_data
[1.707s] running install_egg_info
[1.733s] removing '/home/addinedu/pinky/install/pinky_tmproject/lib/python3.12/site-packages/pinky_tmproject-0.1.0-py3.12.egg-info' (and everything under it)
[1.733s] Copying ../../build/pinky_tmproject/pinky_tmproject.egg-info to /home/addinedu/pinky/install/pinky_tmproject/lib/python3.12/site-packages/pinky_tmproject-0.1.0-py3.12.egg-info
[1.734s] running install_scripts
[1.879s] Installing tm_centerline_nav script to /home/addinedu/pinky/install/pinky_tmproject/lib/pinky_tmproject
[1.879s] writing list of installed files to '/home/addinedu/pinky/build/pinky_tmproject/install.log'
[1.903s] Invoked command in '/home/addinedu/pinky/src/pinky_tmproject' returned '0': DEBUGINFOD_URLS=https://debuginfod.ubuntu.com PYTHONPATH=/home/addinedu/pinky/build/pinky_tmproject/prefix_override:/usr/lib/python3/dist-packages/colcon_core/task/python/colcon_distutils_commands:/home/addinedu/pinky/install/pinky_tmproject/lib/python3.12/site-packages:${PYTHONPATH} /usr/bin/python3 -W ignore:setup.py install is deprecated -W ignore:easy_install command is deprecated setup.py egg_info --egg-base ../../build/pinky_tmproject build --build-base /home/addinedu/pinky/build/pinky_tmproject/build install --record /home/addinedu/pinky/build/pinky_tmproject/install.log --single-version-externally-managed install_data
