[0.091s] DEBUG:colcon:Command line arguments: ['/usr/bin/colcon', 'build']
[0.091s] DEBUG:colcon:Parsed command line arguments: Namespace(log_base=None, log_level=None, verb_name='build', build_base='build', install_base='install', merge_install=False, symlink_install=False, test_result_base=None, continue_on_error=False, executor='parallel', parallel_workers=12, event_handlers=None, ignore_user_meta=False, metas=['./colcon.meta'], base_paths=['.'], packages_ignore=None, packages_ignore_regex=None, paths=None, packages_up_to=None, packages_up_to_regex=None, packages_above=None, packages_above_and_dependencies=None, packages_above_depth=None, packages_select_by_dep=None, packages_skip_by_dep=None, packages_skip_up_to=None, packages_select_build_failed=False, packages_skip_build_finished=False, packages_select_test_failures=False, packages_skip_test_passed=False, packages_select=None, packages_skip=None, packages_select_regex=None, packages_skip_regex=None, packages_start=None, packages_end=None, allow_overriding=[], cmake_args=None, cmake_target=None, cmake_target_skip_unavailable=False, cmake_clean_cache=False, cmake_clean_first=False, cmake_force_configure=False, ament_cmake_args=None, catkin_cmake_args=None, catkin_skip_building_tests=False, mixin_files=None, mixin=None, verb_parser=<colcon_mixin.mixin.mixin_argument.MixinArgumentDecorator object at 0x7bfe351cccb0>, verb_extension=<colcon_core.verb.build.BuildVerb object at 0x7bfe351cc9b0>, main=<bound method BuildVerb.main of <colcon_core.verb.build.BuildVerb object at 0x7bfe351cc9b0>>, mixin_verb=('build',))
[0.120s] Level 1:colcon.colcon_core.package_discovery:discover_packages(colcon_meta) check parameters
[0.120s] Level 1:colcon.colcon_core.package_discovery:discover_packages(recursive) check parameters
[0.120s] Level 1:colcon.colcon_core.package_discovery:discover_packages(ignore) check parameters
[0.120s] Level 1:colcon.colcon_core.package_discovery:discover_packages(path) check parameters
[0.120s] Level 1:colcon.colcon_core.package_discovery:discover_packages(colcon_meta) discover
[0.120s] Level 1:colcon.colcon_core.package_discovery:discover_packages(recursive) discover
[0.120s] INFO:colcon.colcon_core.package_discovery:Crawling recursively for packages in '/home/addinedu/pinky'
[0.120s] Level 1:colcon.colcon_core.package_identification:_identify(.) by extensions ['ignore', 'ignore_ament_install']
[0.120s] Level 1:colcon.colcon_core.package_identification:_identify(.) by extension 'ignore'
[0.120s] Level 1:colcon.colcon_core.package_identification:_identify(.) by extension 'ignore_ament_install'
[0.120s] Level 1:colcon.colcon_core.package_identification:_identify(.) by extensions ['colcon_pkg']
[0.120s] Level 1:colcon.colcon_core.package_identification:_identify(.) by extension 'colcon_pkg'
[0.120s] Level 1:colcon.colcon_core.package_identification:_identify(.) by extensions ['colcon_meta']
[0.120s] Level 1:colcon.colcon_core.package_identification:_identify(.) by extension 'colcon_meta'
[0.120s] Level 1:colcon.colcon_core.package_identification:_identify(.) by extensions ['ros']
[0.120s] Level 1:colcon.colcon_core.package_identification:_identify(.) by extension 'ros'
[0.139s] Level 1:colcon.colcon_core.package_identification:_identify(.) by extensions ['cmake', 'python']
[0.139s] Level 1:colcon.colcon_core.package_identification:_identify(.) by extension 'cmake'
[0.139s] Level 1:colcon.colcon_core.package_identification:_identify(.) by extension 'python'
[0.139s] Level 1:colcon.colcon_core.package_identification:_identify(.) by extensions ['python_setup_py']
[0.139s] Level 1:colcon.colcon_core.package_identification:_identify(.) by extension 'python_setup_py'
[0.139s] Level 1:colcon.colcon_core.package_identification:_identify(build) by extensions ['ignore', 'ignore_ament_install']
[0.139s] Level 1:colcon.colcon_core.package_identification:_identify(build) by extension 'ignore'
[0.139s] Level 1:colcon.colcon_core.package_identification:_identify(build) ignored
[0.139s] Level 1:colcon.colcon_core.package_identification:_identify(install) by extensions ['ignore', 'ignore_ament_install']
[0.140s] Level 1:colcon.colcon_core.package_identification:_identify(install) by extension 'ignore'
[0.140s] Level 1:colcon.colcon_core.package_identification:_identify(install) ignored
[0.140s] Level 1:colcon.colcon_core.package_identification:_identify(log) by extensions ['ignore', 'ignore_ament_install']
[0.140s] Level 1:colcon.colcon_core.package_identification:_identify(log) by extension 'ignore'
[0.140s] Level 1:colcon.colcon_core.package_identification:_identify(log) ignored
[0.140s] Level 1:colcon.colcon_core.package_identification:_identify(src) by extensions ['ignore', 'ignore_ament_install']
[0.140s] Level 1:colcon.colcon_core.package_identification:_identify(src) by extension 'ignore'
[0.140s] Level 1:colcon.colcon_core.package_identification:_identify(src) by extension 'ignore_ament_install'
[0.140s] Level 1:colcon.colcon_core.package_identification:_identify(src) by extensions ['colcon_pkg']
[0.140s] Level 1:colcon.colcon_core.package_identification:_identify(src) by extension 'colcon_pkg'
[0.140s] Level 1:colcon.colcon_core.package_identification:_identify(src) by extensions ['colcon_meta']
[0.140s] Level 1:colcon.colcon_core.package_identification:_identify(src) by extension 'colcon_meta'
[0.140s] Level 1:colcon.colcon_core.package_identification:_identify(src) by extensions ['ros']
[0.140s] Level 1:colcon.colcon_core.package_identification:_identify(src) by extension 'ros'
[0.140s] Level 1:colcon.colcon_core.package_identification:_identify(src) by extensions ['cmake', 'python']
[0.140s] Level 1:colcon.colcon_core.package_identification:_identify(src) by extension 'cmake'
[0.140s] Level 1:colcon.colcon_core.package_identification:_identify(src) by extension 'python'
[0.140s] Level 1:colcon.colcon_core.package_identification:_identify(src) by extensions ['python_setup_py']
[0.140s] Level 1:colcon.colcon_core.package_identification:_identify(src) by extension 'python_setup_py'
[0.140s] Level 1:colcon.colcon_core.package_identification:_identify(src/build) by extensions ['ignore', 'ignore_ament_install']
[0.140s] Level 1:colcon.colcon_core.package_identification:_identify(src/build) by extension 'ignore'
[0.140s] Level 1:colcon.colcon_core.package_identification:_identify(src/build) ignored
[0.140s] Level 1:colcon.colcon_core.package_identification:_identify(src/install) by extensions ['ignore', 'ignore_ament_install']
[0.141s] Level 1:colcon.colcon_core.package_identification:_identify(src/install) by extension 'ignore'
[0.141s] Level 1:colcon.colcon_core.package_identification:_identify(src/install) ignored
[0.141s] Level 1:colcon.colcon_core.package_identification:_identify(src/log) by extensions ['ignore', 'ignore_ament_install']
[0.141s] Level 1:colcon.colcon_core.package_identification:_identify(src/log) by extension 'ignore'
[0.141s] Level 1:colcon.colcon_core.package_identification:_identify(src/log) ignored
[0.141s] Level 1:colcon.colcon_core.package_identification:_identify(src/pinky_for_edu) by extensions ['ignore', 'ignore_ament_install']
[0.141s] Level 1:colcon.colcon_core.package_identification:_identify(src/pinky_for_edu) by extension 'ignore'
[0.141s] Level 1:colcon.colcon_core.package_identification:_identify(src/pinky_for_edu) by extension 'ignore_ament_install'
[0.141s] Level 1:colcon.colcon_core.package_identification:_identify(src/pinky_for_edu) by extensions ['colcon_pkg']
[0.141s] Level 1:colcon.colcon_core.package_identification:_identify(src/pinky_for_edu) by extension 'colcon_pkg'
[0.141s] Level 1:colcon.colcon_core.package_identification:_identify(src/pinky_for_edu) by extensions ['colcon_meta']
[0.141s] Level 1:colcon.colcon_core.package_identification:_identify(src/pinky_for_edu) by extension 'colcon_meta'
[0.141s] Level 1:colcon.colcon_core.package_identification:_identify(src/pinky_for_edu) by extensions ['ros']
[0.141s] Level 1:colcon.colcon_core.package_identification:_identify(src/pinky_for_edu) by extension 'ros'
[0.141s] Level 1:colcon.colcon_core.package_identification:_identify(src/pinky_for_edu) by extensions ['cmake', 'python']
[0.141s] Level 1:colcon.colcon_core.package_identification:_identify(src/pinky_for_edu) by extension 'cmake'
[0.141s] Level 1:colcon.colcon_core.package_identification:_identify(src/pinky_for_edu) by extension 'python'
[0.141s] Level 1:colcon.colcon_core.package_identification:_identify(src/pinky_for_edu) by extensions ['python_setup_py']
[0.141s] Level 1:colcon.colcon_core.package_identification:_identify(src/pinky_for_edu) by extension 'python_setup_py'
[0.141s] Level 1:colcon.colcon_core.package_identification:_identify(src/pinky_for_edu/pinky_description) by extensions ['ignore', 'ignore_ament_install']
[0.141s] Level 1:colcon.colcon_core.package_identification:_identify(src/pinky_for_edu/pinky_description) by extension 'ignore'
[0.141s] Level 1:colcon.colcon_core.package_identification:_identify(src/pinky_for_edu/pinky_description) by extension 'ignore_ament_install'
[0.142s] Level 1:colcon.colcon_core.package_identification:_identify(src/pinky_for_edu/pinky_description) by extensions ['colcon_pkg']
[0.142s] Level 1:colcon.colcon_core.package_identification:_identify(src/pinky_for_edu/pinky_description) by extension 'colcon_pkg'
[0.142s] Level 1:colcon.colcon_core.package_identification:_identify(src/pinky_for_edu/pinky_description) by extensions ['colcon_meta']
[0.142s] Level 1:colcon.colcon_core.package_identification:_identify(src/pinky_for_edu/pinky_description) by extension 'colcon_meta'
[0.142s] Level 1:colcon.colcon_core.package_identification:_identify(src/pinky_for_edu/pinky_description) by extensions ['ros']
[0.142s] Level 1:colcon.colcon_core.package_identification:_identify(src/pinky_for_edu/pinky_description) by extension 'ros'
[0.143s] DEBUG:colcon.colcon_core.package_identification:Package 'src/pinky_for_edu/pinky_description' with type 'ros.ament_cmake' and name 'pinky_description'
[0.143s] Level 1:colcon.colcon_core.package_identification:_identify(src/pinky_for_edu/pinky_gazebo) by extensions ['ignore', 'ignore_ament_install']
[0.144s] Level 1:colcon.colcon_core.package_identification:_identify(src/pinky_for_edu/pinky_gazebo) by extension 'ignore'
[0.144s] Level 1:colcon.colcon_core.package_identification:_identify(src/pinky_for_edu/pinky_gazebo) by extension 'ignore_ament_install'
[0.144s] Level 1:colcon.colcon_core.package_identification:_identify(src/pinky_for_edu/pinky_gazebo) by extensions ['colcon_pkg']
[0.144s] Level 1:colcon.colcon_core.package_identification:_identify(src/pinky_for_edu/pinky_gazebo) by extension 'colcon_pkg'
[0.144s] Level 1:colcon.colcon_core.package_identification:_identify(src/pinky_for_edu/pinky_gazebo) by extensions ['colcon_meta']
[0.144s] Level 1:colcon.colcon_core.package_identification:_identify(src/pinky_for_edu/pinky_gazebo) by extension 'colcon_meta'
[0.144s] Level 1:colcon.colcon_core.package_identification:_identify(src/pinky_for_edu/pinky_gazebo) by extensions ['ros']
[0.144s] Level 1:colcon.colcon_core.package_identification:_identify(src/pinky_for_edu/pinky_gazebo) by extension 'ros'
[0.144s] DEBUG:colcon.colcon_core.package_identification:Package 'src/pinky_for_edu/pinky_gazebo' with type 'ros.ament_cmake' and name 'pinky_gazebo'
[0.144s] Level 1:colcon.colcon_core.package_identification:_identify(src/pinky_for_edu/pinky_navigation) by extensions ['ignore', 'ignore_ament_install']
[0.144s] Level 1:colcon.colcon_core.package_identification:_identify(src/pinky_for_edu/pinky_navigation) by extension 'ignore'
[0.144s] Level 1:colcon.colcon_core.package_identification:_identify(src/pinky_for_edu/pinky_navigation) by extension 'ignore_ament_install'
[0.145s] Level 1:colcon.colcon_core.package_identification:_identify(src/pinky_for_edu/pinky_navigation) by extensions ['colcon_pkg']
[0.145s] Level 1:colcon.colcon_core.package_identification:_identify(src/pinky_for_edu/pinky_navigation) by extension 'colcon_pkg'
[0.145s] Level 1:colcon.colcon_core.package_identification:_identify(src/pinky_for_edu/pinky_navigation) by extensions ['colcon_meta']
[0.145s] Level 1:colcon.colcon_core.package_identification:_identify(src/pinky_for_edu/pinky_navigation) by extension 'colcon_meta'
[0.145s] Level 1:colcon.colcon_core.package_identification:_identify(src/pinky_for_edu/pinky_navigation) by extensions ['ros']
[0.145s] Level 1:colcon.colcon_core.package_identification:_identify(src/pinky_for_edu/pinky_navigation) by extension 'ros'
[0.145s] DEBUG:colcon.colcon_core.package_identification:Package 'src/pinky_for_edu/pinky_navigation' with type 'ros.ament_cmake' and name 'pinky_navigation'
[0.145s] Level 1:colcon.colcon_core.package_identification:_identify(src/pinky_for_edu/pinky_simple_navigator) by extensions ['ignore', 'ignore_ament_install']
[0.145s] Level 1:colcon.colcon_core.package_identification:_identify(src/pinky_for_edu/pinky_simple_navigator) by extension 'ignore'
[0.145s] Level 1:colcon.colcon_core.package_identification:_identify(src/pinky_for_edu/pinky_simple_navigator) by extension 'ignore_ament_install'
[0.145s] Level 1:colcon.colcon_core.package_identification:_identify(src/pinky_for_edu/pinky_simple_navigator) by extensions ['colcon_pkg']
[0.145s] Level 1:colcon.colcon_core.package_identification:_identify(src/pinky_for_edu/pinky_simple_navigator) by extension 'colcon_pkg'
[0.145s] Level 1:colcon.colcon_core.package_identification:_identify(src/pinky_for_edu/pinky_simple_navigator) by extensions ['colcon_meta']
[0.145s] Level 1:colcon.colcon_core.package_identification:_identify(src/pinky_for_edu/pinky_simple_navigator) by extension 'colcon_meta'
[0.145s] Level 1:colcon.colcon_core.package_identification:_identify(src/pinky_for_edu/pinky_simple_navigator) by extensions ['ros']
[0.145s] Level 1:colcon.colcon_core.package_identification:_identify(src/pinky_for_edu/pinky_simple_navigator) by extension 'ros'
[0.146s] DEBUG:colcon.colcon_core.package_identification:Package 'src/pinky_for_edu/pinky_simple_navigator' with type 'ros.ament_python' and name 'pinky_simple_navigator'
[0.146s] Level 1:colcon.colcon_core.package_identification:_identify(src/pinky_tmpatrol) by extensions ['ignore', 'ignore_ament_install']
[0.146s] Level 1:colcon.colcon_core.package_identification:_identify(src/pinky_tmpatrol) by extension 'ignore'
[0.146s] Level 1:colcon.colcon_core.package_identification:_identify(src/pinky_tmpatrol) by extension 'ignore_ament_install'
[0.146s] Level 1:colcon.colcon_core.package_identification:_identify(src/pinky_tmpatrol) by extensions ['colcon_pkg']
[0.146s] Level 1:colcon.colcon_core.package_identification:_identify(src/pinky_tmpatrol) by extension 'colcon_pkg'
[0.146s] Level 1:colcon.colcon_core.package_identification:_identify(src/pinky_tmpatrol) by extensions ['colcon_meta']
[0.146s] Level 1:colcon.colcon_core.package_identification:_identify(src/pinky_tmpatrol) by extension 'colcon_meta'
[0.146s] Level 1:colcon.colcon_core.package_identification:_identify(src/pinky_tmpatrol) by extensions ['ros']
[0.146s] Level 1:colcon.colcon_core.package_identification:_identify(src/pinky_tmpatrol) by extension 'ros'
[0.146s] DEBUG:colcon.colcon_core.package_identification:Failed to parse potential ROS package manifest in'src/pinky_tmpatrol': Error(s) in package 'src/pinky_tmpatrol/package.xml':
The manifest contains invalid XML:
XML or text declaration not at start of entity: line 2, column 0
[0.146s] Level 1:colcon.colcon_core.package_identification:_identify(src/pinky_tmpatrol) by extensions ['cmake', 'python']
[0.146s] Level 1:colcon.colcon_core.package_identification:_identify(src/pinky_tmpatrol) by extension 'cmake'
[0.146s] Level 1:colcon.colcon_core.package_identification:_identify(src/pinky_tmpatrol) by extension 'python'
[0.147s] DEBUG:colcon.colcon_core.package_identification:Python package in 'src/pinky_tmpatrol' passes arguments to the setup() function which requires a different identification extension than 'python'
[0.147s] Level 1:colcon.colcon_core.package_identification:_identify(src/pinky_tmpatrol) by extensions ['python_setup_py']
[0.147s] Level 1:colcon.colcon_core.package_identification:_identify(src/pinky_tmpatrol) by extension 'python_setup_py'
[0.331s] DEBUG:colcon.colcon_core.package_identification:Package 'src/pinky_tmpatrol' with type 'python' and name 'pinky_tmpatrol'
[0.332s] Level 1:colcon.colcon_core.package_identification:_identify(src/pinky_tmproject) by extensions ['ignore', 'ignore_ament_install']
[0.332s] Level 1:colcon.colcon_core.package_identification:_identify(src/pinky_tmproject) by extension 'ignore'
[0.332s] Level 1:colcon.colcon_core.package_identification:_identify(src/pinky_tmproject) by extension 'ignore_ament_install'
[0.332s] Level 1:colcon.colcon_core.package_identification:_identify(src/pinky_tmproject) by extensions ['colcon_pkg']
[0.332s] Level 1:colcon.colcon_core.package_identification:_identify(src/pinky_tmproject) by extension 'colcon_pkg'
[0.332s] Level 1:colcon.colcon_core.package_identification:_identify(src/pinky_tmproject) by extensions ['colcon_meta']
[0.332s] Level 1:colcon.colcon_core.package_identification:_identify(src/pinky_tmproject) by extension 'colcon_meta'
[0.332s] Level 1:colcon.colcon_core.package_identification:_identify(src/pinky_tmproject) by extensions ['ros']
[0.332s] Level 1:colcon.colcon_core.package_identification:_identify(src/pinky_tmproject) by extension 'ros'
[0.332s] DEBUG:colcon.colcon_core.package_identification:Package 'src/pinky_tmproject' with type 'ros.ament_python' and name 'pinky_tmproject'
[0.332s] Level 1:colcon.colcon_core.package_discovery:discover_packages(recursive) using defaults
[0.332s] Level 1:colcon.colcon_core.package_discovery:discover_packages(ignore) discover
[0.332s] Level 1:colcon.colcon_core.package_discovery:discover_packages(ignore) using defaults
[0.332s] Level 1:colcon.colcon_core.package_discovery:discover_packages(path) discover
[0.332s] Level 1:colcon.colcon_core.package_discovery:discover_packages(path) using defaults
[0.346s] Level 1:colcon.colcon_core.package_discovery:discover_packages(prefix_path) check parameters
[0.346s] Level 1:colcon.colcon_core.package_discovery:discover_packages(prefix_path) discover
[0.348s] DEBUG:colcon.colcon_installed_package_information.package_discovery:Found 4 installed packages in /home/addinedu/dev_ws/ros/install
[0.349s] DEBUG:colcon.colcon_installed_package_information.package_discovery:Found 411 installed packages in /opt/ros/jazzy
[0.350s] Level 1:colcon.colcon_core.package_discovery:discover_packages(prefix_path) using defaults
[0.397s] Level 5:colcon.colcon_core.verb:set package 'pinky_description' build argument 'cmake_args' from command line to 'None'
[0.397s] Level 5:colcon.colcon_core.verb:set package 'pinky_description' build argument 'cmake_target' from command line to 'None'
[0.397s] Level 5:colcon.colcon_core.verb:set package 'pinky_description' build argument 'cmake_target_skip_unavailable' from command line to 'False'
[0.397s] Level 5:colcon.colcon_core.verb:set package 'pinky_description' build argument 'cmake_clean_cache' from command line to 'False'
[0.397s] Level 5:colcon.colcon_core.verb:set package 'pinky_description' build argument 'cmake_clean_first' from command line to 'False'
[0.397s] Level 5:colcon.colcon_core.verb:set package 'pinky_description' build argument 'cmake_force_configure' from command line to 'False'
[0.397s] Level 5:colcon.colcon_core.verb:set package 'pinky_description' build argument 'ament_cmake_args' from command line to 'None'
[0.397s] Level 5:colcon.colcon_core.verb:set package 'pinky_description' build argument 'catkin_cmake_args' from command line to 'None'
[0.397s] Level 5:colcon.colcon_core.verb:set package 'pinky_description' build argument 'catkin_skip_building_tests' from command line to 'False'
[0.397s] DEBUG:colcon.colcon_core.verb:Building package 'pinky_description' with the following arguments: {'ament_cmake_args': None, 'build_base': '/home/addinedu/pinky/build/pinky_description', 'catkin_cmake_args': None, 'catkin_skip_building_tests': False, 'cmake_args': None, 'cmake_clean_cache': False, 'cmake_clean_first': False, 'cmake_force_configure': False, 'cmake_target': None, 'cmake_target_skip_unavailable': False, 'install_base': '/home/addinedu/pinky/install/pinky_description', 'merge_install': False, 'path': '/home/addinedu/pinky/src/pinky_for_edu/pinky_description', 'symlink_install': False, 'test_result_base': None}
[0.398s] Level 5:colcon.colcon_core.verb:set package 'pinky_navigation' build argument 'cmake_args' from command line to 'None'
[0.398s] Level 5:colcon.colcon_core.verb:set package 'pinky_navigation' build argument 'cmake_target' from command line to 'None'
[0.398s] Level 5:colcon.colcon_core.verb:set package 'pinky_navigation' build argument 'cmake_target_skip_unavailable' from command line to 'False'
[0.398s] Level 5:colcon.colcon_core.verb:set package 'pinky_navigation' build argument 'cmake_clean_cache' from command line to 'False'
[0.398s] Level 5:colcon.colcon_core.verb:set package 'pinky_navigation' build argument 'cmake_clean_first' from command line to 'False'
[0.398s] Level 5:colcon.colcon_core.verb:set package 'pinky_navigation' build argument 'cmake_force_configure' from command line to 'False'
[0.398s] Level 5:colcon.colcon_core.verb:set package 'pinky_navigation' build argument 'ament_cmake_args' from command line to 'None'
[0.398s] Level 5:colcon.colcon_core.verb:set package 'pinky_navigation' build argument 'catkin_cmake_args' from command line to 'None'
[0.398s] Level 5:colcon.colcon_core.verb:set package 'pinky_navigation' build argument 'catkin_skip_building_tests' from command line to 'False'
[0.398s] DEBUG:colcon.colcon_core.verb:Building package 'pinky_navigation' with the following arguments: {'ament_cmake_args': None, 'build_base': '/home/addinedu/pinky/build/pinky_navigation', 'catkin_cmake_args': None, 'catkin_skip_building_tests': False, 'cmake_args': None, 'cmake_clean_cache': False, 'cmake_clean_first': False, 'cmake_force_configure': False, 'cmake_target': None, 'cmake_target_skip_unavailable': False, 'install_base': '/home/addinedu/pinky/install/pinky_navigation', 'merge_install': False, 'path': '/home/addinedu/pinky/src/pinky_for_edu/pinky_navigation', 'symlink_install': False, 'test_result_base': None}
[0.398s] Level 5:colcon.colcon_core.verb:set package 'pinky_simple_navigator' build argument 'cmake_args' from command line to 'None'
[0.398s] Level 5:colcon.colcon_core.verb:set package 'pinky_simple_navigator' build argument 'cmake_target' from command line to 'None'
[0.398s] Level 5:colcon.colcon_core.verb:set package 'pinky_simple_navigator' build argument 'cmake_target_skip_unavailable' from command line to 'False'
[0.398s] Level 5:colcon.colcon_core.verb:set package 'pinky_simple_navigator' build argument 'cmake_clean_cache' from command line to 'False'
[0.398s] Level 5:colcon.colcon_core.verb:set package 'pinky_simple_navigator' build argument 'cmake_clean_first' from command line to 'False'
[0.398s] Level 5:colcon.colcon_core.verb:set package 'pinky_simple_navigator' build argument 'cmake_force_configure' from command line to 'False'
[0.398s] Level 5:colcon.colcon_core.verb:set package 'pinky_simple_navigator' build argument 'ament_cmake_args' from command line to 'None'
[0.398s] Level 5:colcon.colcon_core.verb:set package 'pinky_simple_navigator' build argument 'catkin_cmake_args' from command line to 'None'
[0.398s] Level 5:colcon.colcon_core.verb:set package 'pinky_simple_navigator' build argument 'catkin_skip_building_tests' from command line to 'False'
[0.398s] DEBUG:colcon.colcon_core.verb:Building package 'pinky_simple_navigator' with the following arguments: {'ament_cmake_args': None, 'build_base': '/home/addinedu/pinky/build/pinky_simple_navigator', 'catkin_cmake_args': None, 'catkin_skip_building_tests': False, 'cmake_args': None, 'cmake_clean_cache': False, 'cmake_clean_first': False, 'cmake_force_configure': False, 'cmake_target': None, 'cmake_target_skip_unavailable': False, 'install_base': '/home/addinedu/pinky/install/pinky_simple_navigator', 'merge_install': False, 'path': '/home/addinedu/pinky/src/pinky_for_edu/pinky_simple_navigator', 'symlink_install': False, 'test_result_base': None}
[0.398s] Level 5:colcon.colcon_core.verb:set package 'pinky_tmpatrol' build argument 'cmake_args' from command line to 'None'
[0.398s] Level 5:colcon.colcon_core.verb:set package 'pinky_tmpatrol' build argument 'cmake_target' from command line to 'None'
[0.398s] Level 5:colcon.colcon_core.verb:set package 'pinky_tmpatrol' build argument 'cmake_target_skip_unavailable' from command line to 'False'
[0.398s] Level 5:colcon.colcon_core.verb:set package 'pinky_tmpatrol' build argument 'cmake_clean_cache' from command line to 'False'
[0.398s] Level 5:colcon.colcon_core.verb:set package 'pinky_tmpatrol' build argument 'cmake_clean_first' from command line to 'False'
[0.398s] Level 5:colcon.colcon_core.verb:set package 'pinky_tmpatrol' build argument 'cmake_force_configure' from command line to 'False'
[0.398s] Level 5:colcon.colcon_core.verb:set package 'pinky_tmpatrol' build argument 'ament_cmake_args' from command line to 'None'
[0.398s] Level 5:colcon.colcon_core.verb:set package 'pinky_tmpatrol' build argument 'catkin_cmake_args' from command line to 'None'
[0.398s] Level 5:colcon.colcon_core.verb:set package 'pinky_tmpatrol' build argument 'catkin_skip_building_tests' from command line to 'False'
[0.398s] DEBUG:colcon.colcon_core.verb:Building package 'pinky_tmpatrol' with the following arguments: {'ament_cmake_args': None, 'build_base': '/home/addinedu/pinky/build/pinky_tmpatrol', 'catkin_cmake_args': None, 'catkin_skip_building_tests': False, 'cmake_args': None, 'cmake_clean_cache': False, 'cmake_clean_first': False, 'cmake_force_configure': False, 'cmake_target': None, 'cmake_target_skip_unavailable': False, 'install_base': '/home/addinedu/pinky/install/pinky_tmpatrol', 'merge_install': False, 'path': '/home/addinedu/pinky/src/pinky_tmpatrol', 'symlink_install': False, 'test_result_base': None}
[0.399s] Level 5:colcon.colcon_core.verb:set package 'pinky_tmproject' build argument 'cmake_args' from command line to 'None'
[0.399s] Level 5:colcon.colcon_core.verb:set package 'pinky_tmproject' build argument 'cmake_target' from command line to 'None'
[0.399s] Level 5:colcon.colcon_core.verb:set package 'pinky_tmproject' build argument 'cmake_target_skip_unavailable' from command line to 'False'
[0.399s] Level 5:colcon.colcon_core.verb:set package 'pinky_tmproject' build argument 'cmake_clean_cache' from command line to 'False'
[0.399s] Level 5:colcon.colcon_core.verb:set package 'pinky_tmproject' build argument 'cmake_clean_first' from command line to 'False'
[0.399s] Level 5:colcon.colcon_core.verb:set package 'pinky_tmproject' build argument 'cmake_force_configure' from command line to 'False'
[0.399s] Level 5:colcon.colcon_core.verb:set package 'pinky_tmproject' build argument 'ament_cmake_args' from command line to 'None'
[0.399s] Level 5:colcon.colcon_core.verb:set package 'pinky_tmproject' build argument 'catkin_cmake_args' from command line to 'None'
[0.399s] Level 5:colcon.colcon_core.verb:set package 'pinky_tmproject' build argument 'catkin_skip_building_tests' from command line to 'False'
[0.399s] DEBUG:colcon.colcon_core.verb:Building package 'pinky_tmproject' with the following arguments: {'ament_cmake_args': None, 'build_base': '/home/addinedu/pinky/build/pinky_tmproject', 'catkin_cmake_args': None, 'catkin_skip_building_tests': False, 'cmake_args': None, 'cmake_clean_cache': False, 'cmake_clean_first': False, 'cmake_force_configure': False, 'cmake_target': None, 'cmake_target_skip_unavailable': False, 'install_base': '/home/addinedu/pinky/install/pinky_tmproject', 'merge_install': False, 'path': '/home/addinedu/pinky/src/pinky_tmproject', 'symlink_install': False, 'test_result_base': None}
[0.399s] Level 5:colcon.colcon_core.verb:set package 'pinky_gazebo' build argument 'cmake_args' from command line to 'None'
[0.399s] Level 5:colcon.colcon_core.verb:set package 'pinky_gazebo' build argument 'cmake_target' from command line to 'None'
[0.399s] Level 5:colcon.colcon_core.verb:set package 'pinky_gazebo' build argument 'cmake_target_skip_unavailable' from command line to 'False'
[0.399s] Level 5:colcon.colcon_core.verb:set package 'pinky_gazebo' build argument 'cmake_clean_cache' from command line to 'False'
[0.399s] Level 5:colcon.colcon_core.verb:set package 'pinky_gazebo' build argument 'cmake_clean_first' from command line to 'False'
[0.399s] Level 5:colcon.colcon_core.verb:set package 'pinky_gazebo' build argument 'cmake_force_configure' from command line to 'False'
[0.399s] Level 5:colcon.colcon_core.verb:set package 'pinky_gazebo' build argument 'ament_cmake_args' from command line to 'None'
[0.399s] Level 5:colcon.colcon_core.verb:set package 'pinky_gazebo' build argument 'catkin_cmake_args' from command line to 'None'
[0.399s] Level 5:colcon.colcon_core.verb:set package 'pinky_gazebo' build argument 'catkin_skip_building_tests' from command line to 'False'
[0.399s] DEBUG:colcon.colcon_core.verb:Building package 'pinky_gazebo' with the following arguments: {'ament_cmake_args': None, 'build_base': '/home/addinedu/pinky/build/pinky_gazebo', 'catkin_cmake_args': None, 'catkin_skip_building_tests': False, 'cmake_args': None, 'cmake_clean_cache': False, 'cmake_clean_first': False, 'cmake_force_configure': False, 'cmake_target': None, 'cmake_target_skip_unavailable': False, 'install_base': '/home/addinedu/pinky/install/pinky_gazebo', 'merge_install': False, 'path': '/home/addinedu/pinky/src/pinky_for_edu/pinky_gazebo', 'symlink_install': False, 'test_result_base': None}
[0.399s] INFO:colcon.colcon_core.executor:Executing jobs using 'parallel' executor
[0.400s] DEBUG:colcon.colcon_parallel_executor.executor.parallel:run_until_complete
[0.400s] INFO:colcon.colcon_ros.task.ament_cmake.build:Building ROS package in '/home/addinedu/pinky/src/pinky_for_edu/pinky_description' with build type 'ament_cmake'
[0.400s] INFO:colcon.colcon_cmake.task.cmake.build:Building CMake package in '/home/addinedu/pinky/src/pinky_for_edu/pinky_description'
[0.402s] INFO:colcon.colcon_core.plugin_system:Skipping extension 'colcon_core.shell.bat': Not used on non-Windows systems
[0.403s] INFO:colcon.colcon_core.shell:Skip shell extension 'powershell' for command environment: Not usable outside of PowerShell
[0.403s] DEBUG:colcon.colcon_core.shell:Skip shell extension 'dsv' for command environment
[0.406s] INFO:colcon.colcon_ros.task.ament_cmake.build:Building ROS package in '/home/addinedu/pinky/src/pinky_for_edu/pinky_navigation' with build type 'ament_cmake'
[0.406s] INFO:colcon.colcon_cmake.task.cmake.build:Building CMake package in '/home/addinedu/pinky/src/pinky_for_edu/pinky_navigation'
[0.406s] INFO:colcon.colcon_core.shell:Skip shell extension 'powershell' for command environment: Not usable outside of PowerShell
[0.406s] DEBUG:colcon.colcon_core.shell:Skip shell extension 'dsv' for command environment
[0.409s] INFO:colcon.colcon_ros.task.ament_python.build:Building ROS package in '/home/addinedu/pinky/src/pinky_for_edu/pinky_simple_navigator' with build type 'ament_python'
[0.409s] Level 1:colcon.colcon_core.shell:create_environment_hook('pinky_simple_navigator', 'ament_prefix_path')
[0.410s] INFO:colcon.colcon_core.shell:Creating environment hook '/home/addinedu/pinky/install/pinky_simple_navigator/share/pinky_simple_navigator/hook/ament_prefix_path.ps1'
[0.410s] INFO:colcon.colcon_core.shell:Creating environment descriptor '/home/addinedu/pinky/install/pinky_simple_navigator/share/pinky_simple_navigator/hook/ament_prefix_path.dsv'
[0.410s] INFO:colcon.colcon_core.shell:Creating environment hook '/home/addinedu/pinky/install/pinky_simple_navigator/share/pinky_simple_navigator/hook/ament_prefix_path.sh'
[0.411s] INFO:colcon.colcon_core.shell:Skip shell extension 'powershell' for command environment: Not usable outside of PowerShell
[0.411s] DEBUG:colcon.colcon_core.shell:Skip shell extension 'dsv' for command environment
[0.414s] INFO:colcon.colcon_core.task.python.build:Building Python package in '/home/addinedu/pinky/src/pinky_tmpatrol'
[0.414s] INFO:colcon.colcon_core.shell:Skip shell extension 'powershell' for command environment: Not usable outside of PowerShell
[0.414s] DEBUG:colcon.colcon_core.shell:Skip shell extension 'dsv' for command environment
[0.417s] INFO:colcon.colcon_ros.task.ament_python.build:Building ROS package in '/home/addinedu/pinky/src/pinky_tmproject' with build type 'ament_python'
[0.417s] Level 1:colcon.colcon_core.shell:create_environment_hook('pinky_tmproject', 'ament_prefix_path')
[0.417s] INFO:colcon.colcon_core.shell:Creating environment hook '/home/addinedu/pinky/install/pinky_tmproject/share/pinky_tmproject/hook/ament_prefix_path.ps1'
[0.418s] INFO:colcon.colcon_core.shell:Creating environment descriptor '/home/addinedu/pinky/install/pinky_tmproject/share/pinky_tmproject/hook/ament_prefix_path.dsv'
[0.418s] INFO:colcon.colcon_core.shell:Creating environment hook '/home/addinedu/pinky/install/pinky_tmproject/share/pinky_tmproject/hook/ament_prefix_path.sh'
[0.418s] INFO:colcon.colcon_core.shell:Skip shell extension 'powershell' for command environment: Not usable outside of PowerShell
[0.418s] DEBUG:colcon.colcon_core.shell:Skip shell extension 'dsv' for command environment
[0.425s] DEBUG:colcon.colcon_core.event_handler.log_command:Invoking command in '/home/addinedu/pinky/build/pinky_description': CMAKE_PREFIX_PATH=${CMAKE_PREFIX_PATH}:/home/addinedu/dev_ws/ros/install/my_tf:/home/addinedu/dev_ws/ros/install/my_first_package:/home/addinedu/dev_ws/ros/install/controller_tutorials:/opt/ros/jazzy DEBUGINFOD_URLS=https://debuginfod.ubuntu.com /usr/bin/cmake --build /home/addinedu/pinky/build/pinky_description -- -j12 -l12
[0.427s] DEBUG:colcon.colcon_core.event_handler.log_command:Invoking command in '/home/addinedu/pinky/build/pinky_navigation': CMAKE_PREFIX_PATH=${CMAKE_PREFIX_PATH}:/home/addinedu/dev_ws/ros/install/my_tf:/home/addinedu/dev_ws/ros/install/my_first_package:/home/addinedu/dev_ws/ros/install/controller_tutorials:/opt/ros/jazzy DEBUGINFOD_URLS=https://debuginfod.ubuntu.com /usr/bin/cmake --build /home/addinedu/pinky/build/pinky_navigation -- -j12 -l12
[0.635s] INFO:colcon.colcon_core.task.python.build:Building Python package in '/home/addinedu/pinky/src/pinky_for_edu/pinky_simple_navigator'
[0.635s] INFO:colcon.colcon_core.shell:Skip shell extension 'powershell' for command environment: Not usable outside of PowerShell
[0.636s] DEBUG:colcon.colcon_core.shell:Skip shell extension 'dsv' for command environment
[0.834s] DEBUG:colcon.colcon_core.event_handler.log_command:Invoked command in '/home/addinedu/pinky/build/pinky_description' returned '0': CMAKE_PREFIX_PATH=${CMAKE_PREFIX_PATH}:/home/addinedu/dev_ws/ros/install/my_tf:/home/addinedu/dev_ws/ros/install/my_first_package:/home/addinedu/dev_ws/ros/install/controller_tutorials:/opt/ros/jazzy DEBUGINFOD_URLS=https://debuginfod.ubuntu.com /usr/bin/cmake --build /home/addinedu/pinky/build/pinky_description -- -j12 -l12
[0.842s] DEBUG:colcon.colcon_core.event_handler.log_command:Invoking command in '/home/addinedu/pinky/build/pinky_description': CMAKE_PREFIX_PATH=${CMAKE_PREFIX_PATH}:/home/addinedu/dev_ws/ros/install/my_tf:/home/addinedu/dev_ws/ros/install/my_first_package:/home/addinedu/dev_ws/ros/install/controller_tutorials:/opt/ros/jazzy DEBUGINFOD_URLS=https://debuginfod.ubuntu.com /usr/bin/cmake --install /home/addinedu/pinky/build/pinky_description
[1.047s] INFO:colcon.colcon_core.task.python.build:Building Python package in '/home/addinedu/pinky/src/pinky_tmproject'
[1.047s] INFO:colcon.colcon_core.shell:Skip shell extension 'powershell' for command environment: Not usable outside of PowerShell
[1.047s] DEBUG:colcon.colcon_core.shell:Skip shell extension 'dsv' for command environment
[1.050s] DEBUG:colcon.colcon_core.event_handler.log_command:Invoked command in '/home/addinedu/pinky/build/pinky_navigation' returned '0': CMAKE_PREFIX_PATH=${CMAKE_PREFIX_PATH}:/home/addinedu/dev_ws/ros/install/my_tf:/home/addinedu/dev_ws/ros/install/my_first_package:/home/addinedu/dev_ws/ros/install/controller_tutorials:/opt/ros/jazzy DEBUGINFOD_URLS=https://debuginfod.ubuntu.com /usr/bin/cmake --build /home/addinedu/pinky/build/pinky_navigation -- -j12 -l12
[1.051s] DEBUG:colcon.colcon_core.event_handler.log_command:Invoking command in '/home/addinedu/pinky/build/pinky_navigation': CMAKE_PREFIX_PATH=${CMAKE_PREFIX_PATH}:/home/addinedu/dev_ws/ros/install/my_tf:/home/addinedu/dev_ws/ros/install/my_first_package:/home/addinedu/dev_ws/ros/install/controller_tutorials:/opt/ros/jazzy DEBUGINFOD_URLS=https://debuginfod.ubuntu.com /usr/bin/cmake --install /home/addinedu/pinky/build/pinky_navigation
[1.057s] Level 1:colcon.colcon_core.environment:create_environment_scripts_only(pinky_description)
[1.057s] DEBUG:colcon.colcon_core.event_handler.log_command:Invoked command in '/home/addinedu/pinky/build/pinky_description' returned '0': CMAKE_PREFIX_PATH=${CMAKE_PREFIX_PATH}:/home/addinedu/dev_ws/ros/install/my_tf:/home/addinedu/dev_ws/ros/install/my_first_package:/home/addinedu/dev_ws/ros/install/controller_tutorials:/opt/ros/jazzy DEBUGINFOD_URLS=https://debuginfod.ubuntu.com /usr/bin/cmake --install /home/addinedu/pinky/build/pinky_description
[1.062s] Level 1:colcon.colcon_core.environment:checking '/home/addinedu/pinky/install/pinky_description' for CMake module files
[1.062s] Level 1:colcon.colcon_core.environment:checking '/home/addinedu/pinky/install/pinky_description' for CMake config files
[1.062s] Level 1:colcon.colcon_core.shell:create_environment_hook('pinky_description', 'cmake_prefix_path')
[1.063s] INFO:colcon.colcon_core.shell:Creating environment hook '/home/addinedu/pinky/install/pinky_description/share/pinky_description/hook/cmake_prefix_path.ps1'
[1.063s] INFO:colcon.colcon_core.shell:Creating environment descriptor '/home/addinedu/pinky/install/pinky_description/share/pinky_description/hook/cmake_prefix_path.dsv'
[1.063s] INFO:colcon.colcon_core.shell:Creating environment hook '/home/addinedu/pinky/install/pinky_description/share/pinky_description/hook/cmake_prefix_path.sh'
[1.064s] Level 1:colcon.colcon_core.environment:checking '/home/addinedu/pinky/install/pinky_description/bin'
[1.064s] Level 1:colcon.colcon_core.environment:checking '/home/addinedu/pinky/install/pinky_description/lib/pkgconfig/pinky_description.pc'
[1.064s] Level 1:colcon.colcon_core.environment:checking '/home/addinedu/pinky/install/pinky_description/lib/python3.12/site-packages'
[1.064s] Level 1:colcon.colcon_core.environment:checking '/home/addinedu/pinky/install/pinky_description/bin'
[1.064s] INFO:colcon.colcon_core.shell:Creating package script '/home/addinedu/pinky/install/pinky_description/share/pinky_description/package.ps1'
[1.065s] INFO:colcon.colcon_core.shell:Creating package descriptor '/home/addinedu/pinky/install/pinky_description/share/pinky_description/package.dsv'
[1.065s] INFO:colcon.colcon_core.shell:Creating package script '/home/addinedu/pinky/install/pinky_description/share/pinky_description/package.sh'
[1.066s] INFO:colcon.colcon_core.shell:Creating package script '/home/addinedu/pinky/install/pinky_description/share/pinky_description/package.bash'
[1.066s] INFO:colcon.colcon_core.shell:Creating package script '/home/addinedu/pinky/install/pinky_description/share/pinky_description/package.zsh'
[1.067s] Level 1:colcon.colcon_core.environment:create_file_with_runtime_dependencies(/home/addinedu/pinky/install/pinky_description/share/colcon-core/packages/pinky_description)
[1.067s] Level 1:colcon.colcon_core.environment:create_environment_scripts_only(pinky_description)
[1.067s] Level 1:colcon.colcon_core.environment:checking '/home/addinedu/pinky/install/pinky_description' for CMake module files
[1.068s] Level 1:colcon.colcon_core.environment:checking '/home/addinedu/pinky/install/pinky_description' for CMake config files
[1.068s] Level 1:colcon.colcon_core.shell:create_environment_hook('pinky_description', 'cmake_prefix_path')
[1.069s] INFO:colcon.colcon_core.shell:Creating environment hook '/home/addinedu/pinky/install/pinky_description/share/pinky_description/hook/cmake_prefix_path.ps1'
[1.069s] INFO:colcon.colcon_core.shell:Creating environment descriptor '/home/addinedu/pinky/install/pinky_description/share/pinky_description/hook/cmake_prefix_path.dsv'
[1.069s] INFO:colcon.colcon_core.shell:Creating environment hook '/home/addinedu/pinky/install/pinky_description/share/pinky_description/hook/cmake_prefix_path.sh'
[1.070s] Level 1:colcon.colcon_core.environment:checking '/home/addinedu/pinky/install/pinky_description/bin'
[1.070s] Level 1:colcon.colcon_core.environment:checking '/home/addinedu/pinky/install/pinky_description/lib/pkgconfig/pinky_description.pc'
[1.070s] Level 1:colcon.colcon_core.environment:checking '/home/addinedu/pinky/install/pinky_description/lib/python3.12/site-packages'
[1.070s] Level 1:colcon.colcon_core.environment:checking '/home/addinedu/pinky/install/pinky_description/bin'
[1.071s] INFO:colcon.colcon_core.shell:Creating package script '/home/addinedu/pinky/install/pinky_description/share/pinky_description/package.ps1'
[1.071s] INFO:colcon.colcon_core.shell:Creating package descriptor '/home/addinedu/pinky/install/pinky_description/share/pinky_description/package.dsv'
[1.071s] INFO:colcon.colcon_core.shell:Creating package script '/home/addinedu/pinky/install/pinky_description/share/pinky_description/package.sh'
[1.072s] INFO:colcon.colcon_core.shell:Creating package script '/home/addinedu/pinky/install/pinky_description/share/pinky_description/package.bash'
[1.072s] INFO:colcon.colcon_core.shell:Creating package script '/home/addinedu/pinky/install/pinky_description/share/pinky_description/package.zsh'
[1.072s] Level 1:colcon.colcon_core.environment:create_file_with_runtime_dependencies(/home/addinedu/pinky/install/pinky_description/share/colcon-core/packages/pinky_description)
[1.074s] INFO:colcon.colcon_ros.task.ament_cmake.build:Building ROS package in '/home/addinedu/pinky/src/pinky_for_edu/pinky_gazebo' with build type 'ament_cmake'
[1.074s] INFO:colcon.colcon_cmake.task.cmake.build:Building CMake package in '/home/addinedu/pinky/src/pinky_for_edu/pinky_gazebo'
[1.075s] INFO:colcon.colcon_core.shell:Skip shell extension 'powershell' for command environment: Not usable outside of PowerShell
[1.075s] DEBUG:colcon.colcon_core.shell:Skip shell extension 'dsv' for command environment
[1.078s] Level 1:colcon.colcon_core.environment:create_environment_scripts_only(pinky_navigation)
[1.079s] DEBUG:colcon.colcon_core.event_handler.log_command:Invoked command in '/home/addinedu/pinky/build/pinky_navigation' returned '0': CMAKE_PREFIX_PATH=${CMAKE_PREFIX_PATH}:/home/addinedu/dev_ws/ros/install/my_tf:/home/addinedu/dev_ws/ros/install/my_first_package:/home/addinedu/dev_ws/ros/install/controller_tutorials:/opt/ros/jazzy DEBUGINFOD_URLS=https://debuginfod.ubuntu.com /usr/bin/cmake --install /home/addinedu/pinky/build/pinky_navigation
[1.079s] Level 1:colcon.colcon_core.environment:checking '/home/addinedu/pinky/install/pinky_navigation' for CMake module files
[1.079s] Level 1:colcon.colcon_core.environment:checking '/home/addinedu/pinky/install/pinky_navigation' for CMake config files
[1.080s] Level 1:colcon.colcon_core.shell:create_environment_hook('pinky_navigation', 'cmake_prefix_path')
[1.080s] INFO:colcon.colcon_core.shell:Creating environment hook '/home/addinedu/pinky/install/pinky_navigation/share/pinky_navigation/hook/cmake_prefix_path.ps1'
[1.080s] INFO:colcon.colcon_core.shell:Creating environment descriptor '/home/addinedu/pinky/install/pinky_navigation/share/pinky_navigation/hook/cmake_prefix_path.dsv'
[1.080s] INFO:colcon.colcon_core.shell:Creating environment hook '/home/addinedu/pinky/install/pinky_navigation/share/pinky_navigation/hook/cmake_prefix_path.sh'
[1.081s] Level 1:colcon.colcon_core.environment:checking '/home/addinedu/pinky/install/pinky_navigation/bin'
[1.081s] Level 1:colcon.colcon_core.environment:checking '/home/addinedu/pinky/install/pinky_navigation/lib/pkgconfig/pinky_navigation.pc'
[1.081s] Level 1:colcon.colcon_core.environment:checking '/home/addinedu/pinky/install/pinky_navigation/lib/python3.12/site-packages'
[1.081s] Level 1:colcon.colcon_core.environment:checking '/home/addinedu/pinky/install/pinky_navigation/bin'
[1.082s] INFO:colcon.colcon_core.shell:Creating package script '/home/addinedu/pinky/install/pinky_navigation/share/pinky_navigation/package.ps1'
[1.082s] INFO:colcon.colcon_core.shell:Creating package descriptor '/home/addinedu/pinky/install/pinky_navigation/share/pinky_navigation/package.dsv'
[1.082s] INFO:colcon.colcon_core.shell:Creating package script '/home/addinedu/pinky/install/pinky_navigation/share/pinky_navigation/package.sh'
[1.083s] INFO:colcon.colcon_core.shell:Creating package script '/home/addinedu/pinky/install/pinky_navigation/share/pinky_navigation/package.bash'
[1.083s] INFO:colcon.colcon_core.shell:Creating package script '/home/addinedu/pinky/install/pinky_navigation/share/pinky_navigation/package.zsh'
[1.083s] Level 1:colcon.colcon_core.environment:create_file_with_runtime_dependencies(/home/addinedu/pinky/install/pinky_navigation/share/colcon-core/packages/pinky_navigation)
[1.083s] Level 1:colcon.colcon_core.environment:create_environment_scripts_only(pinky_navigation)
[1.084s] Level 1:colcon.colcon_core.environment:checking '/home/addinedu/pinky/install/pinky_navigation' for CMake module files
[1.084s] Level 1:colcon.colcon_core.environment:checking '/home/addinedu/pinky/install/pinky_navigation' for CMake config files
[1.084s] Level 1:colcon.colcon_core.shell:create_environment_hook('pinky_navigation', 'cmake_prefix_path')
[1.084s] INFO:colcon.colcon_core.shell:Creating environment hook '/home/addinedu/pinky/install/pinky_navigation/share/pinky_navigation/hook/cmake_prefix_path.ps1'
[1.085s] INFO:colcon.colcon_core.shell:Creating environment descriptor '/home/addinedu/pinky/install/pinky_navigation/share/pinky_navigation/hook/cmake_prefix_path.dsv'
[1.085s] INFO:colcon.colcon_core.shell:Creating environment hook '/home/addinedu/pinky/install/pinky_navigation/share/pinky_navigation/hook/cmake_prefix_path.sh'
[1.085s] Level 1:colcon.colcon_core.environment:checking '/home/addinedu/pinky/install/pinky_navigation/bin'
[1.085s] Level 1:colcon.colcon_core.environment:checking '/home/addinedu/pinky/install/pinky_navigation/lib/pkgconfig/pinky_navigation.pc'
[1.086s] Level 1:colcon.colcon_core.environment:checking '/home/addinedu/pinky/install/pinky_navigation/lib/python3.12/site-packages'
[1.086s] Level 1:colcon.colcon_core.environment:checking '/home/addinedu/pinky/install/pinky_navigation/bin'
[1.086s] INFO:colcon.colcon_core.shell:Creating package script '/home/addinedu/pinky/install/pinky_navigation/share/pinky_navigation/package.ps1'
[1.086s] INFO:colcon.colcon_core.shell:Creating package descriptor '/home/addinedu/pinky/install/pinky_navigation/share/pinky_navigation/package.dsv'
[1.087s] INFO:colcon.colcon_core.shell:Creating package script '/home/addinedu/pinky/install/pinky_navigation/share/pinky_navigation/package.sh'
[1.087s] INFO:colcon.colcon_core.shell:Creating package script '/home/addinedu/pinky/install/pinky_navigation/share/pinky_navigation/package.bash'
[1.087s] INFO:colcon.colcon_core.shell:Creating package script '/home/addinedu/pinky/install/pinky_navigation/share/pinky_navigation/package.zsh'
[1.088s] Level 1:colcon.colcon_core.environment:create_file_with_runtime_dependencies(/home/addinedu/pinky/install/pinky_navigation/share/colcon-core/packages/pinky_navigation)
[1.090s] DEBUG:colcon.colcon_core.event_handler.log_command:Invoking command in '/home/addinedu/pinky/build/pinky_gazebo': AMENT_PREFIX_PATH=/home/addinedu/pinky/install/pinky_description:${AMENT_PREFIX_PATH} CMAKE_PREFIX_PATH=/home/addinedu/pinky/install/pinky_description:/home/addinedu/dev_ws/ros/install/my_first_package_msgs:/opt/ros/jazzy/opt/gz_sim_vendor:/opt/ros/jazzy/opt/gz_sensors_vendor:/opt/ros/jazzy/opt/gz_physics_vendor:/opt/ros/jazzy/opt/sdformat_vendor:/opt/ros/jazzy/opt/gz_gui_vendor:/opt/ros/jazzy/opt/gz_transport_vendor:/opt/ros/jazzy/opt/gz_rendering_vendor:/opt/ros/jazzy/opt/gz_plugin_vendor:/opt/ros/jazzy/opt/gz_fuel_tools_vendor:/opt/ros/jazzy/opt/gz_msgs_vendor:/opt/ros/jazzy/opt/gz_common_vendor:/opt/ros/jazzy/opt/gz_math_vendor:/opt/ros/jazzy/opt/gz_utils_vendor:/opt/ros/jazzy/opt/gz_tools_vendor:/opt/ros/jazzy/opt/gz_ogre_next_vendor:/opt/ros/jazzy/opt/gz_dartsim_vendor:/opt/ros/jazzy/opt/gz_cmake_vendor:/home/addinedu/dev_ws/ros/install/my_tf:/home/addinedu/dev_ws/ros/install/my_first_package:/home/addinedu/dev_ws/ros/install/controller_tutorials:/opt/ros/jazzy DEBUGINFOD_URLS=https://debuginfod.ubuntu.com /usr/bin/cmake --build /home/addinedu/pinky/build/pinky_gazebo -- -j12 -l12
[1.121s] DEBUG:colcon.colcon_core.event_handler.log_command:Invoked command in '/home/addinedu/pinky/build/pinky_gazebo' returned '0': AMENT_PREFIX_PATH=/home/addinedu/pinky/install/pinky_description:${AMENT_PREFIX_PATH} CMAKE_PREFIX_PATH=/home/addinedu/pinky/install/pinky_description:/home/addinedu/dev_ws/ros/install/my_first_package_msgs:/opt/ros/jazzy/opt/gz_sim_vendor:/opt/ros/jazzy/opt/gz_sensors_vendor:/opt/ros/jazzy/opt/gz_physics_vendor:/opt/ros/jazzy/opt/sdformat_vendor:/opt/ros/jazzy/opt/gz_gui_vendor:/opt/ros/jazzy/opt/gz_transport_vendor:/opt/ros/jazzy/opt/gz_rendering_vendor:/opt/ros/jazzy/opt/gz_plugin_vendor:/opt/ros/jazzy/opt/gz_fuel_tools_vendor:/opt/ros/jazzy/opt/gz_msgs_vendor:/opt/ros/jazzy/opt/gz_common_vendor:/opt/ros/jazzy/opt/gz_math_vendor:/opt/ros/jazzy/opt/gz_utils_vendor:/opt/ros/jazzy/opt/gz_tools_vendor:/opt/ros/jazzy/opt/gz_ogre_next_vendor:/opt/ros/jazzy/opt/gz_dartsim_vendor:/opt/ros/jazzy/opt/gz_cmake_vendor:/home/addinedu/dev_ws/ros/install/my_tf:/home/addinedu/dev_ws/ros/install/my_first_package:/home/addinedu/dev_ws/ros/install/controller_tutorials:/opt/ros/jazzy DEBUGINFOD_URLS=https://debuginfod.ubuntu.com /usr/bin/cmake --build /home/addinedu/pinky/build/pinky_gazebo -- -j12 -l12
[1.122s] DEBUG:colcon.colcon_core.event_handler.log_command:Invoking command in '/home/addinedu/pinky/build/pinky_gazebo': AMENT_PREFIX_PATH=/home/addinedu/pinky/install/pinky_description:${AMENT_PREFIX_PATH} CMAKE_PREFIX_PATH=/home/addinedu/pinky/install/pinky_description:/home/addinedu/dev_ws/ros/install/my_first_package_msgs:/opt/ros/jazzy/opt/gz_sim_vendor:/opt/ros/jazzy/opt/gz_sensors_vendor:/opt/ros/jazzy/opt/gz_physics_vendor:/opt/ros/jazzy/opt/sdformat_vendor:/opt/ros/jazzy/opt/gz_gui_vendor:/opt/ros/jazzy/opt/gz_transport_vendor:/opt/ros/jazzy/opt/gz_rendering_vendor:/opt/ros/jazzy/opt/gz_plugin_vendor:/opt/ros/jazzy/opt/gz_fuel_tools_vendor:/opt/ros/jazzy/opt/gz_msgs_vendor:/opt/ros/jazzy/opt/gz_common_vendor:/opt/ros/jazzy/opt/gz_math_vendor:/opt/ros/jazzy/opt/gz_utils_vendor:/opt/ros/jazzy/opt/gz_tools_vendor:/opt/ros/jazzy/opt/gz_ogre_next_vendor:/opt/ros/jazzy/opt/gz_dartsim_vendor:/opt/ros/jazzy/opt/gz_cmake_vendor:/home/addinedu/dev_ws/ros/install/my_tf:/home/addinedu/dev_ws/ros/install/my_first_package:/home/addinedu/dev_ws/ros/install/controller_tutorials:/opt/ros/jazzy DEBUGINFOD_URLS=https://debuginfod.ubuntu.com /usr/bin/cmake --install /home/addinedu/pinky/build/pinky_gazebo
[1.142s] Level 1:colcon.colcon_core.environment:create_environment_scripts_only(pinky_gazebo)
[1.142s] Level 1:colcon.colcon_core.environment:checking '/home/addinedu/pinky/install/pinky_gazebo' for CMake module files
[1.143s] DEBUG:colcon.colcon_core.event_handler.log_command:Invoked command in '/home/addinedu/pinky/build/pinky_gazebo' returned '0': AMENT_PREFIX_PATH=/home/addinedu/pinky/install/pinky_description:${AMENT_PREFIX_PATH} CMAKE_PREFIX_PATH=/home/addinedu/pinky/install/pinky_description:/home/addinedu/dev_ws/ros/install/my_first_package_msgs:/opt/ros/jazzy/opt/gz_sim_vendor:/opt/ros/jazzy/opt/gz_sensors_vendor:/opt/ros/jazzy/opt/gz_physics_vendor:/opt/ros/jazzy/opt/sdformat_vendor:/opt/ros/jazzy/opt/gz_gui_vendor:/opt/ros/jazzy/opt/gz_transport_vendor:/opt/ros/jazzy/opt/gz_rendering_vendor:/opt/ros/jazzy/opt/gz_plugin_vendor:/opt/ros/jazzy/opt/gz_fuel_tools_vendor:/opt/ros/jazzy/opt/gz_msgs_vendor:/opt/ros/jazzy/opt/gz_common_vendor:/opt/ros/jazzy/opt/gz_math_vendor:/opt/ros/jazzy/opt/gz_utils_vendor:/opt/ros/jazzy/opt/gz_tools_vendor:/opt/ros/jazzy/opt/gz_ogre_next_vendor:/opt/ros/jazzy/opt/gz_dartsim_vendor:/opt/ros/jazzy/opt/gz_cmake_vendor:/home/addinedu/dev_ws/ros/install/my_tf:/home/addinedu/dev_ws/ros/install/my_first_package:/home/addinedu/dev_ws/ros/install/controller_tutorials:/opt/ros/jazzy DEBUGINFOD_URLS=https://debuginfod.ubuntu.com /usr/bin/cmake --install /home/addinedu/pinky/build/pinky_gazebo
[1.143s] Level 1:colcon.colcon_core.environment:checking '/home/addinedu/pinky/install/pinky_gazebo' for CMake config files
[1.143s] Level 1:colcon.colcon_core.shell:create_environment_hook('pinky_gazebo', 'cmake_prefix_path')
[1.143s] INFO:colcon.colcon_core.shell:Creating environment hook '/home/addinedu/pinky/install/pinky_gazebo/share/pinky_gazebo/hook/cmake_prefix_path.ps1'
[1.144s] INFO:colcon.colcon_core.shell:Creating environment descriptor '/home/addinedu/pinky/install/pinky_gazebo/share/pinky_gazebo/hook/cmake_prefix_path.dsv'
[1.144s] INFO:colcon.colcon_core.shell:Creating environment hook '/home/addinedu/pinky/install/pinky_gazebo/share/pinky_gazebo/hook/cmake_prefix_path.sh'
[1.145s] Level 1:colcon.colcon_core.environment:checking '/home/addinedu/pinky/install/pinky_gazebo/bin'
[1.145s] Level 1:colcon.colcon_core.environment:checking '/home/addinedu/pinky/install/pinky_gazebo/lib/pkgconfig/pinky_gazebo.pc'
[1.145s] Level 1:colcon.colcon_core.environment:checking '/home/addinedu/pinky/install/pinky_gazebo/lib/python3.12/site-packages'
[1.145s] Level 1:colcon.colcon_core.environment:checking '/home/addinedu/pinky/install/pinky_gazebo/bin'
[1.145s] INFO:colcon.colcon_core.shell:Creating package script '/home/addinedu/pinky/install/pinky_gazebo/share/pinky_gazebo/package.ps1'
[1.146s] INFO:colcon.colcon_core.shell:Creating package descriptor '/home/addinedu/pinky/install/pinky_gazebo/share/pinky_gazebo/package.dsv'
[1.146s] INFO:colcon.colcon_core.shell:Creating package script '/home/addinedu/pinky/install/pinky_gazebo/share/pinky_gazebo/package.sh'
[1.146s] INFO:colcon.colcon_core.shell:Creating package script '/home/addinedu/pinky/install/pinky_gazebo/share/pinky_gazebo/package.bash'
[1.147s] INFO:colcon.colcon_core.shell:Creating package script '/home/addinedu/pinky/install/pinky_gazebo/share/pinky_gazebo/package.zsh'
[1.147s] Level 1:colcon.colcon_core.environment:create_file_with_runtime_dependencies(/home/addinedu/pinky/install/pinky_gazebo/share/colcon-core/packages/pinky_gazebo)
[1.147s] Level 1:colcon.colcon_core.environment:create_environment_scripts_only(pinky_gazebo)
[1.147s] Level 1:colcon.colcon_core.environment:checking '/home/addinedu/pinky/install/pinky_gazebo' for CMake module files
[1.148s] Level 1:colcon.colcon_core.environment:checking '/home/addinedu/pinky/install/pinky_gazebo' for CMake config files
[1.148s] Level 1:colcon.colcon_core.shell:create_environment_hook('pinky_gazebo', 'cmake_prefix_path')
[1.148s] INFO:colcon.colcon_core.shell:Creating environment hook '/home/addinedu/pinky/install/pinky_gazebo/share/pinky_gazebo/hook/cmake_prefix_path.ps1'
[1.149s] INFO:colcon.colcon_core.shell:Creating environment descriptor '/home/addinedu/pinky/install/pinky_gazebo/share/pinky_gazebo/hook/cmake_prefix_path.dsv'
[1.149s] INFO:colcon.colcon_core.shell:Creating environment hook '/home/addinedu/pinky/install/pinky_gazebo/share/pinky_gazebo/hook/cmake_prefix_path.sh'
[1.150s] Level 1:colcon.colcon_core.environment:checking '/home/addinedu/pinky/install/pinky_gazebo/bin'
[1.150s] Level 1:colcon.colcon_core.environment:checking '/home/addinedu/pinky/install/pinky_gazebo/lib/pkgconfig/pinky_gazebo.pc'
[1.150s] Level 1:colcon.colcon_core.environment:checking '/home/addinedu/pinky/install/pinky_gazebo/lib/python3.12/site-packages'
[1.150s] Level 1:colcon.colcon_core.environment:checking '/home/addinedu/pinky/install/pinky_gazebo/bin'
[1.150s] INFO:colcon.colcon_core.shell:Creating package script '/home/addinedu/pinky/install/pinky_gazebo/share/pinky_gazebo/package.ps1'
[1.151s] INFO:colcon.colcon_core.shell:Creating package descriptor '/home/addinedu/pinky/install/pinky_gazebo/share/pinky_gazebo/package.dsv'
[1.151s] INFO:colcon.colcon_core.shell:Creating package script '/home/addinedu/pinky/install/pinky_gazebo/share/pinky_gazebo/package.sh'
[1.151s] INFO:colcon.colcon_core.shell:Creating package script '/home/addinedu/pinky/install/pinky_gazebo/share/pinky_gazebo/package.bash'
[1.152s] INFO:colcon.colcon_core.shell:Creating package script '/home/addinedu/pinky/install/pinky_gazebo/share/pinky_gazebo/package.zsh'
[1.152s] Level 1:colcon.colcon_core.environment:create_file_with_runtime_dependencies(/home/addinedu/pinky/install/pinky_gazebo/share/colcon-core/packages/pinky_gazebo)
[1.443s] DEBUG:colcon.colcon_core.event_handler.log_command:Invoking command in '/home/addinedu/pinky/src/pinky_tmpatrol': DEBUGINFOD_URLS=https://debuginfod.ubuntu.com PYTHONPATH=/home/addinedu/pinky/build/pinky_tmpatrol/prefix_override:/usr/lib/python3/dist-packages/colcon_core/task/python/colcon_distutils_commands:/home/addinedu/pinky/install/pinky_tmpatrol/lib/python3.12/site-packages:${PYTHONPATH} /usr/bin/python3 -W ignore:setup.py install is deprecated -W ignore:easy_install command is deprecated setup.py egg_info --egg-base ../../build/pinky_tmpatrol build --build-base /home/addinedu/pinky/build/pinky_tmpatrol/build install --record /home/addinedu/pinky/build/pinky_tmpatrol/install.log --single-version-externally-managed install_data
[1.704s] DEBUG:colcon.colcon_core.event_handler.log_command:Invoking command in '/home/addinedu/pinky/src/pinky_tmproject': DEBUGINFOD_URLS=https://debuginfod.ubuntu.com PYTHONPATH=/home/addinedu/pinky/build/pinky_tmproject/prefix_override:/usr/lib/python3/dist-packages/colcon_core/task/python/colcon_distutils_commands:/home/addinedu/pinky/install/pinky_tmproject/lib/python3.12/site-packages:${PYTHONPATH} /usr/bin/python3 -W ignore:setup.py install is deprecated -W ignore:easy_install command is deprecated setup.py egg_info --egg-base ../../build/pinky_tmproject build --build-base /home/addinedu/pinky/build/pinky_tmproject/build install --record /home/addinedu/pinky/build/pinky_tmproject/install.log --single-version-externally-managed install_data
[1.705s] DEBUG:colcon.colcon_core.event_handler.log_command:Invoking command in '/home/addinedu/pinky/src/pinky_for_edu/pinky_simple_navigator': DEBUGINFOD_URLS=https://debuginfod.ubuntu.com PYTHONPATH=/home/addinedu/pinky/build/pinky_simple_navigator/prefix_override:/usr/lib/python3/dist-packages/colcon_core/task/python/colcon_distutils_commands:/home/addinedu/pinky/install/pinky_simple_navigator/lib/python3.12/site-packages:${PYTHONPATH} /usr/bin/python3 -W ignore:setup.py install is deprecated -W ignore:easy_install command is deprecated setup.py egg_info --egg-base ../../../build/pinky_simple_navigator build --build-base /home/addinedu/pinky/build/pinky_simple_navigator/build install --record /home/addinedu/pinky/build/pinky_simple_navigator/install.log --single-version-externally-managed install_data
[2.032s] Level 1:colcon.colcon_core.environment:checking '/home/addinedu/pinky/install/pinky_tmpatrol' for CMake module files
[2.032s] DEBUG:colcon.colcon_core.event_handler.log_command:Invoked command in '/home/addinedu/pinky/src/pinky_tmpatrol' returned '0': DEBUGINFOD_URLS=https://debuginfod.ubuntu.com PYTHONPATH=/home/addinedu/pinky/build/pinky_tmpatrol/prefix_override:/usr/lib/python3/dist-packages/colcon_core/task/python/colcon_distutils_commands:/home/addinedu/pinky/install/pinky_tmpatrol/lib/python3.12/site-packages:${PYTHONPATH} /usr/bin/python3 -W ignore:setup.py install is deprecated -W ignore:easy_install command is deprecated setup.py egg_info --egg-base ../../build/pinky_tmpatrol build --build-base /home/addinedu/pinky/build/pinky_tmpatrol/build install --record /home/addinedu/pinky/build/pinky_tmpatrol/install.log --single-version-externally-managed install_data
[2.033s] Level 1:colcon.colcon_core.environment:checking '/home/addinedu/pinky/install/pinky_tmpatrol' for CMake config files
[2.033s] Level 1:colcon.colcon_core.environment:checking '/home/addinedu/pinky/install/pinky_tmpatrol/lib'
[2.033s] Level 1:colcon.colcon_core.environment:checking '/home/addinedu/pinky/install/pinky_tmpatrol/bin'
[2.033s] Level 1:colcon.colcon_core.environment:checking '/home/addinedu/pinky/install/pinky_tmpatrol/lib/pkgconfig/pinky_tmpatrol.pc'
[2.034s] Level 1:colcon.colcon_core.environment:checking '/home/addinedu/pinky/install/pinky_tmpatrol/lib/python3.12/site-packages'
[2.034s] Level 1:colcon.colcon_core.shell:create_environment_hook('pinky_tmpatrol', 'pythonpath')
[2.034s] INFO:colcon.colcon_core.shell:Creating environment hook '/home/addinedu/pinky/install/pinky_tmpatrol/share/pinky_tmpatrol/hook/pythonpath.ps1'
[2.034s] INFO:colcon.colcon_core.shell:Creating environment descriptor '/home/addinedu/pinky/install/pinky_tmpatrol/share/pinky_tmpatrol/hook/pythonpath.dsv'
[2.035s] INFO:colcon.colcon_core.shell:Creating environment hook '/home/addinedu/pinky/install/pinky_tmpatrol/share/pinky_tmpatrol/hook/pythonpath.sh'
[2.035s] Level 1:colcon.colcon_core.environment:checking '/home/addinedu/pinky/install/pinky_tmpatrol/bin'
[2.036s] Level 1:colcon.colcon_core.environment:create_environment_scripts_only(pinky_tmpatrol)
[2.036s] INFO:colcon.colcon_core.shell:Creating package script '/home/addinedu/pinky/install/pinky_tmpatrol/share/pinky_tmpatrol/package.ps1'
[2.036s] INFO:colcon.colcon_core.shell:Creating package descriptor '/home/addinedu/pinky/install/pinky_tmpatrol/share/pinky_tmpatrol/package.dsv'
[2.036s] INFO:colcon.colcon_core.shell:Creating package script '/home/addinedu/pinky/install/pinky_tmpatrol/share/pinky_tmpatrol/package.sh'
[2.037s] INFO:colcon.colcon_core.shell:Creating package script '/home/addinedu/pinky/install/pinky_tmpatrol/share/pinky_tmpatrol/package.bash'
[2.037s] INFO:colcon.colcon_core.shell:Creating package script '/home/addinedu/pinky/install/pinky_tmpatrol/share/pinky_tmpatrol/package.zsh'
[2.037s] Level 1:colcon.colcon_core.environment:create_file_with_runtime_dependencies(/home/addinedu/pinky/install/pinky_tmpatrol/share/colcon-core/packages/pinky_tmpatrol)
[2.281s] Level 1:colcon.colcon_core.environment:checking '/home/addinedu/pinky/install/pinky_tmproject' for CMake module files
[2.282s] DEBUG:colcon.colcon_core.event_handler.log_command:Invoked command in '/home/addinedu/pinky/src/pinky_tmproject' returned '0': DEBUGINFOD_URLS=https://debuginfod.ubuntu.com PYTHONPATH=/home/addinedu/pinky/build/pinky_tmproject/prefix_override:/usr/lib/python3/dist-packages/colcon_core/task/python/colcon_distutils_commands:/home/addinedu/pinky/install/pinky_tmproject/lib/python3.12/site-packages:${PYTHONPATH} /usr/bin/python3 -W ignore:setup.py install is deprecated -W ignore:easy_install command is deprecated setup.py egg_info --egg-base ../../build/pinky_tmproject build --build-base /home/addinedu/pinky/build/pinky_tmproject/build install --record /home/addinedu/pinky/build/pinky_tmproject/install.log --single-version-externally-managed install_data
[2.282s] Level 1:colcon.colcon_core.environment:checking '/home/addinedu/pinky/install/pinky_tmproject' for CMake config files
[2.282s] Level 1:colcon.colcon_core.environment:checking '/home/addinedu/pinky/install/pinky_tmproject/lib'
[2.282s] Level 1:colcon.colcon_core.environment:checking '/home/addinedu/pinky/install/pinky_tmproject/bin'
[2.282s] Level 1:colcon.colcon_core.environment:checking '/home/addinedu/pinky/install/pinky_tmproject/lib/pkgconfig/pinky_tmproject.pc'
[2.283s] Level 1:colcon.colcon_core.environment:checking '/home/addinedu/pinky/install/pinky_tmproject/lib/python3.12/site-packages'
[2.283s] Level 1:colcon.colcon_core.shell:create_environment_hook('pinky_tmproject', 'pythonpath')
[2.283s] INFO:colcon.colcon_core.shell:Creating environment hook '/home/addinedu/pinky/install/pinky_tmproject/share/pinky_tmproject/hook/pythonpath.ps1'
[2.283s] INFO:colcon.colcon_core.shell:Creating environment descriptor '/home/addinedu/pinky/install/pinky_tmproject/share/pinky_tmproject/hook/pythonpath.dsv'
[2.284s] INFO:colcon.colcon_core.shell:Creating environment hook '/home/addinedu/pinky/install/pinky_tmproject/share/pinky_tmproject/hook/pythonpath.sh'
[2.284s] Level 1:colcon.colcon_core.environment:checking '/home/addinedu/pinky/install/pinky_tmproject/bin'
[2.284s] Level 1:colcon.colcon_core.environment:create_environment_scripts_only(pinky_tmproject)
[2.284s] INFO:colcon.colcon_core.shell:Creating package script '/home/addinedu/pinky/install/pinky_tmproject/share/pinky_tmproject/package.ps1'
[2.285s] INFO:colcon.colcon_core.shell:Creating package descriptor '/home/addinedu/pinky/install/pinky_tmproject/share/pinky_tmproject/package.dsv'
[2.285s] INFO:colcon.colcon_core.shell:Creating package script '/home/addinedu/pinky/install/pinky_tmproject/share/pinky_tmproject/package.sh'
[2.285s] INFO:colcon.colcon_core.shell:Creating package script '/home/addinedu/pinky/install/pinky_tmproject/share/pinky_tmproject/package.bash'
[2.286s] INFO:colcon.colcon_core.shell:Creating package script '/home/addinedu/pinky/install/pinky_tmproject/share/pinky_tmproject/package.zsh'
[2.286s] Level 1:colcon.colcon_core.environment:create_file_with_runtime_dependencies(/home/addinedu/pinky/install/pinky_tmproject/share/colcon-core/packages/pinky_tmproject)
[2.314s] Level 1:colcon.colcon_core.environment:checking '/home/addinedu/pinky/install/pinky_simple_navigator' for CMake module files
[2.314s] DEBUG:colcon.colcon_core.event_handler.log_command:Invoked command in '/home/addinedu/pinky/src/pinky_for_edu/pinky_simple_navigator' returned '0': DEBUGINFOD_URLS=https://debuginfod.ubuntu.com PYTHONPATH=/home/addinedu/pinky/build/pinky_simple_navigator/prefix_override:/usr/lib/python3/dist-packages/colcon_core/task/python/colcon_distutils_commands:/home/addinedu/pinky/install/pinky_simple_navigator/lib/python3.12/site-packages:${PYTHONPATH} /usr/bin/python3 -W ignore:setup.py install is deprecated -W ignore:easy_install command is deprecated setup.py egg_info --egg-base ../../../build/pinky_simple_navigator build --build-base /home/addinedu/pinky/build/pinky_simple_navigator/build install --record /home/addinedu/pinky/build/pinky_simple_navigator/install.log --single-version-externally-managed install_data
[2.314s] Level 1:colcon.colcon_core.environment:checking '/home/addinedu/pinky/install/pinky_simple_navigator' for CMake config files
[2.315s] Level 1:colcon.colcon_core.environment:checking '/home/addinedu/pinky/install/pinky_simple_navigator/lib'
[2.315s] Level 1:colcon.colcon_core.environment:checking '/home/addinedu/pinky/install/pinky_simple_navigator/bin'
[2.315s] Level 1:colcon.colcon_core.environment:checking '/home/addinedu/pinky/install/pinky_simple_navigator/lib/pkgconfig/pinky_simple_navigator.pc'
[2.315s] Level 1:colcon.colcon_core.environment:checking '/home/addinedu/pinky/install/pinky_simple_navigator/lib/python3.12/site-packages'
[2.315s] Level 1:colcon.colcon_core.shell:create_environment_hook('pinky_simple_navigator', 'pythonpath')
[2.316s] INFO:colcon.colcon_core.shell:Creating environment hook '/home/addinedu/pinky/install/pinky_simple_navigator/share/pinky_simple_navigator/hook/pythonpath.ps1'
[2.316s] INFO:colcon.colcon_core.shell:Creating environment descriptor '/home/addinedu/pinky/install/pinky_simple_navigator/share/pinky_simple_navigator/hook/pythonpath.dsv'
[2.316s] INFO:colcon.colcon_core.shell:Creating environment hook '/home/addinedu/pinky/install/pinky_simple_navigator/share/pinky_simple_navigator/hook/pythonpath.sh'
[2.317s] Level 1:colcon.colcon_core.environment:checking '/home/addinedu/pinky/install/pinky_simple_navigator/bin'
[2.317s] Level 1:colcon.colcon_core.environment:create_environment_scripts_only(pinky_simple_navigator)
[2.317s] INFO:colcon.colcon_core.shell:Creating package script '/home/addinedu/pinky/install/pinky_simple_navigator/share/pinky_simple_navigator/package.ps1'
[2.318s] INFO:colcon.colcon_core.shell:Creating package descriptor '/home/addinedu/pinky/install/pinky_simple_navigator/share/pinky_simple_navigator/package.dsv'
[2.318s] INFO:colcon.colcon_core.shell:Creating package script '/home/addinedu/pinky/install/pinky_simple_navigator/share/pinky_simple_navigator/package.sh'
[2.318s] INFO:colcon.colcon_core.shell:Creating package script '/home/addinedu/pinky/install/pinky_simple_navigator/share/pinky_simple_navigator/package.bash'
[2.318s] INFO:colcon.colcon_core.shell:Creating package script '/home/addinedu/pinky/install/pinky_simple_navigator/share/pinky_simple_navigator/package.zsh'
[2.319s] Level 1:colcon.colcon_core.environment:create_file_with_runtime_dependencies(/home/addinedu/pinky/install/pinky_simple_navigator/share/colcon-core/packages/pinky_simple_navigator)
[2.319s] DEBUG:colcon.colcon_parallel_executor.executor.parallel:closing loop
[2.319s] DEBUG:colcon.colcon_parallel_executor.executor.parallel:loop closed
[2.319s] DEBUG:colcon.colcon_parallel_executor.executor.parallel:run_until_complete finished with '0'
[2.319s] DEBUG:colcon.colcon_core.event_reactor:joining thread
[2.324s] INFO:colcon.colcon_core.plugin_system:Skipping extension 'colcon_notification.desktop_notification.terminal_notifier': Not used on non-Darwin systems
[2.324s] INFO:colcon.colcon_core.plugin_system:Skipping extension 'colcon_notification.desktop_notification.win32': Not used on non-Windows systems
[2.324s] INFO:colcon.colcon_notification.desktop_notification:Sending desktop notification using 'notify2'
[2.333s] DEBUG:colcon.colcon_core.event_reactor:joined thread
[2.333s] INFO:colcon.colcon_core.shell:Creating prefix script '/home/addinedu/pinky/install/local_setup.ps1'
[2.334s] INFO:colcon.colcon_core.shell:Creating prefix util module '/home/addinedu/pinky/install/_local_setup_util_ps1.py'
[2.335s] INFO:colcon.colcon_core.shell:Creating prefix chain script '/home/addinedu/pinky/install/setup.ps1'
[2.336s] INFO:colcon.colcon_core.shell:Creating prefix script '/home/addinedu/pinky/install/local_setup.sh'
[2.337s] INFO:colcon.colcon_core.shell:Creating prefix util module '/home/addinedu/pinky/install/_local_setup_util_sh.py'
[2.337s] INFO:colcon.colcon_core.shell:Creating prefix chain script '/home/addinedu/pinky/install/setup.sh'
[2.338s] INFO:colcon.colcon_core.shell:Creating prefix script '/home/addinedu/pinky/install/local_setup.bash'
[2.339s] INFO:colcon.colcon_core.shell:Creating prefix chain script '/home/addinedu/pinky/install/setup.bash'
[2.340s] INFO:colcon.colcon_core.shell:Creating prefix script '/home/addinedu/pinky/install/local_setup.zsh'
[2.340s] INFO:colcon.colcon_core.shell:Creating prefix chain script '/home/addinedu/pinky/install/setup.zsh'
