running develop
Removing /home/addinedu/pinky/install/pinky_tmproject/lib/python3.12/site-packages/pinky-tmproject.egg-link (link to .)
running egg_info
writing ../../build/pinky_tmproject/pinky_tmproject.egg-info/PKG-INFO
writing dependency_links to ../../build/pinky_tmproject/pinky_tmproject.egg-info/dependency_links.txt
writing entry points to ../../build/pinky_tmproject/pinky_tmproject.egg-info/entry_points.txt
writing requirements to ../../build/pinky_tmproject/pinky_tmproject.egg-info/requires.txt
writing top-level names to ../../build/pinky_tmproject/pinky_tmproject.egg-info/top_level.txt
reading manifest file '../../build/pinky_tmproject/pinky_tmproject.egg-info/SOURCES.txt'
writing manifest file '../../build/pinky_tmproject/pinky_tmproject.egg-info/SOURCES.txt'
running build
running build_py
creating /home/addinedu/pinky/build/pinky_tmproject/build
creating /home/addinedu/pinky/build/pinky_tmproject/build/lib
creating /home/addinedu/pinky/build/pinky_tmproject/build/lib/pinky_tmproject
copying pinky_tmproject/__init__.py -> /home/addinedu/pinky/build/pinky_tmproject/build/lib/pinky_tmproject
copying pinky_tmproject/tm_navigator.py -> /home/addinedu/pinky/build/pinky_tmproject/build/lib/pinky_tmproject
running install
running install_lib
creating /home/addinedu/pinky/install/pinky_tmproject/lib/python3.12/site-packages/pinky_tmproject
copying /home/addinedu/pinky/build/pinky_tmproject/build/lib/pinky_tmproject/__init__.py -> /home/addinedu/pinky/install/pinky_tmproject/lib/python3.12/site-packages/pinky_tmproject
copying /home/addinedu/pinky/build/pinky_tmproject/build/lib/pinky_tmproject/tm_navigator.py -> /home/addinedu/pinky/install/pinky_tmproject/lib/python3.12/site-packages/pinky_tmproject
byte-compiling /home/addinedu/pinky/install/pinky_tmproject/lib/python3.12/site-packages/pinky_tmproject/__init__.py to __init__.cpython-312.pyc
byte-compiling /home/addinedu/pinky/install/pinky_tmproject/lib/python3.12/site-packages/pinky_tmproject/tm_navigator.py to tm_navigator.cpython-312.pyc
running install_data
copying resource/pinky_tmproject -> /home/addinedu/pinky/install/pinky_tmproject/share/ament_index/resource_index/packages
copying package.xml -> /home/addinedu/pinky/install/pinky_tmproject/share/pinky_tmproject
copying launch/tm_centerline_nav.launch.py -> /home/addinedu/pinky/install/pinky_tmproject/share/pinky_tmproject/launch
copying config/points.yaml -> /home/addinedu/pinky/install/pinky_tmproject/share/pinky_tmproject/config
running install_egg_info
Copying ../../build/pinky_tmproject/pinky_tmproject.egg-info to /home/addinedu/pinky/install/pinky_tmproject/lib/python3.12/site-packages/pinky_tmproject-0.1.0-py3.12.egg-info
running install_scripts
Installing tm_centerline_nav script to /home/addinedu/pinky/install/pinky_tmproject/lib/pinky_tmproject
writing list of installed files to '/home/addinedu/pinky/build/pinky_tmproject/install.log'
