/home/addinedu/pinky/install/pinky_tmpatrol/lib/python3.12/site-packages/pinky_tmpatrol/click2yaml.py
/home/addinedu/pinky/install/pinky_tmpatrol/lib/python3.12/site-packages/pinky_tmpatrol/__init__.py
/home/addinedu/pinky/install/pinky_tmpatrol/lib/python3.12/site-packages/pinky_tmpatrol/patrol_node.py
/home/addinedu/pinky/install/pinky_tmpatrol/lib/python3.12/site-packages/pinky_tmpatrol/__pycache__/click2yaml.cpython-312.pyc
/home/addinedu/pinky/install/pinky_tmpatrol/lib/python3.12/site-packages/pinky_tmpatrol/__pycache__/__init__.cpython-312.pyc
/home/addinedu/pinky/install/pinky_tmpatrol/lib/python3.12/site-packages/pinky_tmpatrol/__pycache__/patrol_node.cpython-312.pyc
/home/addinedu/pinky/install/pinky_tmpatrol/share/ament_index/resource_index/packages/pinky_tmpatrol
/home/addinedu/pinky/install/pinky_tmpatrol/share/pinky_tmpatrol/package.xml
/home/addinedu/pinky/install/pinky_tmpatrol/share/pinky_tmpatrol/config/waypoints.yaml
/home/addinedu/pinky/install/pinky_tmpatrol/share/pinky_tmpatrol/config/nav2_overrides.yaml
/home/addinedu/pinky/install/pinky_tmpatrol/share/pinky_tmpatrol/launch/wallpatrol.launch.py
/home/addinedu/pinky/install/pinky_tmpatrol/lib/python3.12/site-packages/pinky_tmpatrol-0.0.1-py3.12.egg-info/zip-safe
/home/addinedu/pinky/install/pinky_tmpatrol/lib/python3.12/site-packages/pinky_tmpatrol-0.0.1-py3.12.egg-info/entry_points.txt
/home/addinedu/pinky/install/pinky_tmpatrol/lib/python3.12/site-packages/pinky_tmpatrol-0.0.1-py3.12.egg-info/requires.txt
/home/addinedu/pinky/install/pinky_tmpatrol/lib/python3.12/site-packages/pinky_tmpatrol-0.0.1-py3.12.egg-info/SOURCES.txt
/home/addinedu/pinky/install/pinky_tmpatrol/lib/python3.12/site-packages/pinky_tmpatrol-0.0.1-py3.12.egg-info/dependency_links.txt
/home/addinedu/pinky/install/pinky_tmpatrol/lib/python3.12/site-packages/pinky_tmpatrol-0.0.1-py3.12.egg-info/top_level.txt
/home/addinedu/pinky/install/pinky_tmpatrol/lib/python3.12/site-packages/pinky_tmpatrol-0.0.1-py3.12.egg-info/PKG-INFO
/home/addinedu/pinky/install/pinky_tmpatrol/lib/pinky_tmpatrol/click2yaml
/home/addinedu/pinky/install/pinky_tmpatrol/lib/pinky_tmpatrol/patrol_node
