[0.219s] DEBUG:colcon:Command line arguments: ['/usr/bin/colcon', 'build']
[0.219s] DEBUG:colcon:Parsed command line arguments: Namespace(log_base=None, log_level=None, verb_name='build', build_base='build', install_base='install', merge_install=False, symlink_install=False, test_result_base=None, continue_on_error=False, executor='parallel', parallel_workers=12, event_handlers=None, ignore_user_meta=False, metas=['./colcon.meta'], base_paths=['.'], packages_ignore=None, packages_ignore_regex=None, paths=None, packages_up_to=None, packages_up_to_regex=None, packages_above=None, packages_above_and_dependencies=None, packages_above_depth=None, packages_select_by_dep=None, packages_skip_by_dep=None, packages_skip_up_to=None, packages_select_build_failed=False, packages_skip_build_finished=False, packages_select_test_failures=False, packages_skip_test_passed=False, packages_select=None, packages_skip=None, packages_select_regex=None, packages_skip_regex=None, packages_start=None, packages_end=None, allow_overriding=[], cmake_args=None, cmake_target=None, cmake_target_skip_unavailable=False, cmake_clean_cache=False, cmake_clean_first=False, cmake_force_configure=False, ament_cmake_args=None, catkin_cmake_args=None, catkin_skip_building_tests=False, mixin_files=None, mixin=None, verb_parser=<colcon_mixin.mixin.mixin_argument.MixinArgumentDecorator object at 0x7a1cc5b10b60>, verb_extension=<colcon_core.verb.build.BuildVerb object at 0x7a1cc5bbc8c0>, main=<bound method BuildVerb.main of <colcon_core.verb.build.BuildVerb object at 0x7a1cc5bbc8c0>>, mixin_verb=('build',))
[0.291s] Level 1:colcon.colcon_core.package_discovery:discover_packages(colcon_meta) check parameters
[0.291s] Level 1:colcon.colcon_core.package_discovery:discover_packages(recursive) check parameters
[0.299s] Level 1:colcon.colcon_core.package_discovery:discover_packages(ignore) check parameters
[0.299s] Level 1:colcon.colcon_core.package_discovery:discover_packages(path) check parameters
[0.299s] Level 1:colcon.colcon_core.package_discovery:discover_packages(colcon_meta) discover
[0.299s] Level 1:colcon.colcon_core.package_discovery:discover_packages(recursive) discover
[0.299s] INFO:colcon.colcon_core.package_discovery:Crawling recursively for packages in '/home/addinedu/pinky'
[0.300s] Level 1:colcon.colcon_core.package_identification:_identify(.) by extensions ['ignore', 'ignore_ament_install']
[0.300s] Level 1:colcon.colcon_core.package_identification:_identify(.) by extension 'ignore'
[0.300s] Level 1:colcon.colcon_core.package_identification:_identify(.) by extension 'ignore_ament_install'
[0.300s] Level 1:colcon.colcon_core.package_identification:_identify(.) by extensions ['colcon_pkg']
[0.300s] Level 1:colcon.colcon_core.package_identification:_identify(.) by extension 'colcon_pkg'
[0.300s] Level 1:colcon.colcon_core.package_identification:_identify(.) by extensions ['colcon_meta']
[0.300s] Level 1:colcon.colcon_core.package_identification:_identify(.) by extension 'colcon_meta'
[0.300s] Level 1:colcon.colcon_core.package_identification:_identify(.) by extensions ['ros']
[0.300s] Level 1:colcon.colcon_core.package_identification:_identify(.) by extension 'ros'
[0.353s] Level 1:colcon.colcon_core.package_identification:_identify(.) by extensions ['cmake', 'python']
[0.353s] Level 1:colcon.colcon_core.package_identification:_identify(.) by extension 'cmake'
[0.353s] Level 1:colcon.colcon_core.package_identification:_identify(.) by extension 'python'
[0.354s] Level 1:colcon.colcon_core.package_identification:_identify(.) by extensions ['python_setup_py']
[0.354s] Level 1:colcon.colcon_core.package_identification:_identify(.) by extension 'python_setup_py'
[0.354s] Level 1:colcon.colcon_core.package_identification:_identify(build) by extensions ['ignore', 'ignore_ament_install']
[0.354s] Level 1:colcon.colcon_core.package_identification:_identify(build) by extension 'ignore'
[0.354s] Level 1:colcon.colcon_core.package_identification:_identify(build) ignored
[0.354s] Level 1:colcon.colcon_core.package_identification:_identify(install) by extensions ['ignore', 'ignore_ament_install']
[0.354s] Level 1:colcon.colcon_core.package_identification:_identify(install) by extension 'ignore'
[0.354s] Level 1:colcon.colcon_core.package_identification:_identify(install) ignored
[0.354s] Level 1:colcon.colcon_core.package_identification:_identify(log) by extensions ['ignore', 'ignore_ament_install']
[0.354s] Level 1:colcon.colcon_core.package_identification:_identify(log) by extension 'ignore'
[0.354s] Level 1:colcon.colcon_core.package_identification:_identify(log) ignored
[0.355s] Level 1:colcon.colcon_core.package_identification:_identify(src) by extensions ['ignore', 'ignore_ament_install']
[0.355s] Level 1:colcon.colcon_core.package_identification:_identify(src) by extension 'ignore'
[0.355s] Level 1:colcon.colcon_core.package_identification:_identify(src) by extension 'ignore_ament_install'
[0.355s] Level 1:colcon.colcon_core.package_identification:_identify(src) by extensions ['colcon_pkg']
[0.355s] Level 1:colcon.colcon_core.package_identification:_identify(src) by extension 'colcon_pkg'
[0.355s] Level 1:colcon.colcon_core.package_identification:_identify(src) by extensions ['colcon_meta']
[0.355s] Level 1:colcon.colcon_core.package_identification:_identify(src) by extension 'colcon_meta'
[0.355s] Level 1:colcon.colcon_core.package_identification:_identify(src) by extensions ['ros']
[0.355s] Level 1:colcon.colcon_core.package_identification:_identify(src) by extension 'ros'
[0.355s] Level 1:colcon.colcon_core.package_identification:_identify(src) by extensions ['cmake', 'python']
[0.355s] Level 1:colcon.colcon_core.package_identification:_identify(src) by extension 'cmake'
[0.355s] Level 1:colcon.colcon_core.package_identification:_identify(src) by extension 'python'
[0.355s] Level 1:colcon.colcon_core.package_identification:_identify(src) by extensions ['python_setup_py']
[0.355s] Level 1:colcon.colcon_core.package_identification:_identify(src) by extension 'python_setup_py'
[0.355s] Level 1:colcon.colcon_core.package_identification:_identify(src/build) by extensions ['ignore', 'ignore_ament_install']
[0.355s] Level 1:colcon.colcon_core.package_identification:_identify(src/build) by extension 'ignore'
[0.356s] Level 1:colcon.colcon_core.package_identification:_identify(src/build) ignored
[0.356s] Level 1:colcon.colcon_core.package_identification:_identify(src/install) by extensions ['ignore', 'ignore_ament_install']
[0.356s] Level 1:colcon.colcon_core.package_identification:_identify(src/install) by extension 'ignore'
[0.356s] Level 1:colcon.colcon_core.package_identification:_identify(src/install) ignored
[0.356s] Level 1:colcon.colcon_core.package_identification:_identify(src/log) by extensions ['ignore', 'ignore_ament_install']
[0.356s] Level 1:colcon.colcon_core.package_identification:_identify(src/log) by extension 'ignore'
[0.357s] Level 1:colcon.colcon_core.package_identification:_identify(src/log) ignored
[0.357s] Level 1:colcon.colcon_core.package_identification:_identify(src/pinky_for_edu) by extensions ['ignore', 'ignore_ament_install']
[0.357s] Level 1:colcon.colcon_core.package_identification:_identify(src/pinky_for_edu) by extension 'ignore'
[0.357s] Level 1:colcon.colcon_core.package_identification:_identify(src/pinky_for_edu) by extension 'ignore_ament_install'
[0.357s] Level 1:colcon.colcon_core.package_identification:_identify(src/pinky_for_edu) by extensions ['colcon_pkg']
[0.357s] Level 1:colcon.colcon_core.package_identification:_identify(src/pinky_for_edu) by extension 'colcon_pkg'
[0.357s] Level 1:colcon.colcon_core.package_identification:_identify(src/pinky_for_edu) by extensions ['colcon_meta']
[0.357s] Level 1:colcon.colcon_core.package_identification:_identify(src/pinky_for_edu) by extension 'colcon_meta'
[0.357s] Level 1:colcon.colcon_core.package_identification:_identify(src/pinky_for_edu) by extensions ['ros']
[0.357s] Level 1:colcon.colcon_core.package_identification:_identify(src/pinky_for_edu) by extension 'ros'
[0.357s] Level 1:colcon.colcon_core.package_identification:_identify(src/pinky_for_edu) by extensions ['cmake', 'python']
[0.357s] Level 1:colcon.colcon_core.package_identification:_identify(src/pinky_for_edu) by extension 'cmake'
[0.357s] Level 1:colcon.colcon_core.package_identification:_identify(src/pinky_for_edu) by extension 'python'
[0.358s] Level 1:colcon.colcon_core.package_identification:_identify(src/pinky_for_edu) by extensions ['python_setup_py']
[0.358s] Level 1:colcon.colcon_core.package_identification:_identify(src/pinky_for_edu) by extension 'python_setup_py'
[0.358s] Level 1:colcon.colcon_core.package_identification:_identify(src/pinky_for_edu/pinky_description) by extensions ['ignore', 'ignore_ament_install']
[0.358s] Level 1:colcon.colcon_core.package_identification:_identify(src/pinky_for_edu/pinky_description) by extension 'ignore'
[0.358s] Level 1:colcon.colcon_core.package_identification:_identify(src/pinky_for_edu/pinky_description) by extension 'ignore_ament_install'
[0.358s] Level 1:colcon.colcon_core.package_identification:_identify(src/pinky_for_edu/pinky_description) by extensions ['colcon_pkg']
[0.358s] Level 1:colcon.colcon_core.package_identification:_identify(src/pinky_for_edu/pinky_description) by extension 'colcon_pkg'
[0.358s] Level 1:colcon.colcon_core.package_identification:_identify(src/pinky_for_edu/pinky_description) by extensions ['colcon_meta']
[0.358s] Level 1:colcon.colcon_core.package_identification:_identify(src/pinky_for_edu/pinky_description) by extension 'colcon_meta'
[0.358s] Level 1:colcon.colcon_core.package_identification:_identify(src/pinky_for_edu/pinky_description) by extensions ['ros']
[0.358s] Level 1:colcon.colcon_core.package_identification:_identify(src/pinky_for_edu/pinky_description) by extension 'ros'
[0.361s] DEBUG:colcon.colcon_core.package_identification:Package 'src/pinky_for_edu/pinky_description' with type 'ros.ament_cmake' and name 'pinky_description'
[0.362s] Level 1:colcon.colcon_core.package_identification:_identify(src/pinky_for_edu/pinky_gazebo) by extensions ['ignore', 'ignore_ament_install']
[0.362s] Level 1:colcon.colcon_core.package_identification:_identify(src/pinky_for_edu/pinky_gazebo) by extension 'ignore'
[0.362s] Level 1:colcon.colcon_core.package_identification:_identify(src/pinky_for_edu/pinky_gazebo) by extension 'ignore_ament_install'
[0.362s] Level 1:colcon.colcon_core.package_identification:_identify(src/pinky_for_edu/pinky_gazebo) by extensions ['colcon_pkg']
[0.362s] Level 1:colcon.colcon_core.package_identification:_identify(src/pinky_for_edu/pinky_gazebo) by extension 'colcon_pkg'
[0.362s] Level 1:colcon.colcon_core.package_identification:_identify(src/pinky_for_edu/pinky_gazebo) by extensions ['colcon_meta']
[0.362s] Level 1:colcon.colcon_core.package_identification:_identify(src/pinky_for_edu/pinky_gazebo) by extension 'colcon_meta'
[0.362s] Level 1:colcon.colcon_core.package_identification:_identify(src/pinky_for_edu/pinky_gazebo) by extensions ['ros']
[0.362s] Level 1:colcon.colcon_core.package_identification:_identify(src/pinky_for_edu/pinky_gazebo) by extension 'ros'
[0.363s] DEBUG:colcon.colcon_core.package_identification:Package 'src/pinky_for_edu/pinky_gazebo' with type 'ros.ament_cmake' and name 'pinky_gazebo'
[0.363s] Level 1:colcon.colcon_core.package_identification:_identify(src/pinky_for_edu/pinky_navigation) by extensions ['ignore', 'ignore_ament_install']
[0.363s] Level 1:colcon.colcon_core.package_identification:_identify(src/pinky_for_edu/pinky_navigation) by extension 'ignore'
[0.364s] Level 1:colcon.colcon_core.package_identification:_identify(src/pinky_for_edu/pinky_navigation) by extension 'ignore_ament_install'
[0.364s] Level 1:colcon.colcon_core.package_identification:_identify(src/pinky_for_edu/pinky_navigation) by extensions ['colcon_pkg']
[0.364s] Level 1:colcon.colcon_core.package_identification:_identify(src/pinky_for_edu/pinky_navigation) by extension 'colcon_pkg'
[0.364s] Level 1:colcon.colcon_core.package_identification:_identify(src/pinky_for_edu/pinky_navigation) by extensions ['colcon_meta']
[0.364s] Level 1:colcon.colcon_core.package_identification:_identify(src/pinky_for_edu/pinky_navigation) by extension 'colcon_meta'
[0.364s] Level 1:colcon.colcon_core.package_identification:_identify(src/pinky_for_edu/pinky_navigation) by extensions ['ros']
[0.364s] Level 1:colcon.colcon_core.package_identification:_identify(src/pinky_for_edu/pinky_navigation) by extension 'ros'
[0.365s] DEBUG:colcon.colcon_core.package_identification:Package 'src/pinky_for_edu/pinky_navigation' with type 'ros.ament_cmake' and name 'pinky_navigation'
[0.365s] Level 1:colcon.colcon_core.package_identification:_identify(src/pinky_for_edu/pinky_simple_navigator) by extensions ['ignore', 'ignore_ament_install']
[0.365s] Level 1:colcon.colcon_core.package_identification:_identify(src/pinky_for_edu/pinky_simple_navigator) by extension 'ignore'
[0.366s] Level 1:colcon.colcon_core.package_identification:_identify(src/pinky_for_edu/pinky_simple_navigator) by extension 'ignore_ament_install'
[0.366s] Level 1:colcon.colcon_core.package_identification:_identify(src/pinky_for_edu/pinky_simple_navigator) by extensions ['colcon_pkg']
[0.366s] Level 1:colcon.colcon_core.package_identification:_identify(src/pinky_for_edu/pinky_simple_navigator) by extension 'colcon_pkg'
[0.366s] Level 1:colcon.colcon_core.package_identification:_identify(src/pinky_for_edu/pinky_simple_navigator) by extensions ['colcon_meta']
[0.366s] Level 1:colcon.colcon_core.package_identification:_identify(src/pinky_for_edu/pinky_simple_navigator) by extension 'colcon_meta'
[0.366s] Level 1:colcon.colcon_core.package_identification:_identify(src/pinky_for_edu/pinky_simple_navigator) by extensions ['ros']
[0.366s] Level 1:colcon.colcon_core.package_identification:_identify(src/pinky_for_edu/pinky_simple_navigator) by extension 'ros'
[0.367s] DEBUG:colcon.colcon_core.package_identification:Package 'src/pinky_for_edu/pinky_simple_navigator' with type 'ros.ament_python' and name 'pinky_simple_navigator'
[0.367s] Level 1:colcon.colcon_core.package_identification:_identify(src/pinky_tmpatrol) by extensions ['ignore', 'ignore_ament_install']
[0.367s] Level 1:colcon.colcon_core.package_identification:_identify(src/pinky_tmpatrol) by extension 'ignore'
[0.368s] Level 1:colcon.colcon_core.package_identification:_identify(src/pinky_tmpatrol) by extension 'ignore_ament_install'
[0.368s] Level 1:colcon.colcon_core.package_identification:_identify(src/pinky_tmpatrol) by extensions ['colcon_pkg']
[0.368s] Level 1:colcon.colcon_core.package_identification:_identify(src/pinky_tmpatrol) by extension 'colcon_pkg'
[0.368s] Level 1:colcon.colcon_core.package_identification:_identify(src/pinky_tmpatrol) by extensions ['colcon_meta']
[0.368s] Level 1:colcon.colcon_core.package_identification:_identify(src/pinky_tmpatrol) by extension 'colcon_meta'
[0.368s] Level 1:colcon.colcon_core.package_identification:_identify(src/pinky_tmpatrol) by extensions ['ros']
[0.368s] Level 1:colcon.colcon_core.package_identification:_identify(src/pinky_tmpatrol) by extension 'ros'
[0.369s] DEBUG:colcon.colcon_core.package_identification:Failed to parse potential ROS package manifest in'src/pinky_tmpatrol': Error(s) in package 'src/pinky_tmpatrol/package.xml':
The manifest contains invalid XML:
XML or text declaration not at start of entity: line 2, column 0
[0.369s] Level 1:colcon.colcon_core.package_identification:_identify(src/pinky_tmpatrol) by extensions ['cmake', 'python']
[0.369s] Level 1:colcon.colcon_core.package_identification:_identify(src/pinky_tmpatrol) by extension 'cmake'
[0.369s] Level 1:colcon.colcon_core.package_identification:_identify(src/pinky_tmpatrol) by extension 'python'
[0.370s] DEBUG:colcon.colcon_core.package_identification:Python package in 'src/pinky_tmpatrol' passes arguments to the setup() function which requires a different identification extension than 'python'
[0.370s] Level 1:colcon.colcon_core.package_identification:_identify(src/pinky_tmpatrol) by extensions ['python_setup_py']
[0.370s] Level 1:colcon.colcon_core.package_identification:_identify(src/pinky_tmpatrol) by extension 'python_setup_py'
[0.831s] DEBUG:colcon.colcon_core.package_identification:Package 'src/pinky_tmpatrol' with type 'python' and name 'pinky_tmpatrol'
[0.831s] Level 1:colcon.colcon_core.package_identification:_identify(src/pinky_tmproject) by extensions ['ignore', 'ignore_ament_install']
[0.832s] Level 1:colcon.colcon_core.package_identification:_identify(src/pinky_tmproject) by extension 'ignore'
[0.832s] Level 1:colcon.colcon_core.package_identification:_identify(src/pinky_tmproject) by extension 'ignore_ament_install'
[0.832s] Level 1:colcon.colcon_core.package_identification:_identify(src/pinky_tmproject) by extensions ['colcon_pkg']
[0.832s] Level 1:colcon.colcon_core.package_identification:_identify(src/pinky_tmproject) by extension 'colcon_pkg'
[0.832s] Level 1:colcon.colcon_core.package_identification:_identify(src/pinky_tmproject) by extensions ['colcon_meta']
[0.832s] Level 1:colcon.colcon_core.package_identification:_identify(src/pinky_tmproject) by extension 'colcon_meta'
[0.832s] Level 1:colcon.colcon_core.package_identification:_identify(src/pinky_tmproject) by extensions ['ros']
[0.832s] Level 1:colcon.colcon_core.package_identification:_identify(src/pinky_tmproject) by extension 'ros'
[0.833s] DEBUG:colcon.colcon_core.package_identification:Package 'src/pinky_tmproject' with type 'ros.ament_python' and name 'pinky_tmproject'
[0.833s] Level 1:colcon.colcon_core.package_discovery:discover_packages(recursive) using defaults
[0.833s] Level 1:colcon.colcon_core.package_discovery:discover_packages(ignore) discover
[0.833s] Level 1:colcon.colcon_core.package_discovery:discover_packages(ignore) using defaults
[0.833s] Level 1:colcon.colcon_core.package_discovery:discover_packages(path) discover
[0.833s] Level 1:colcon.colcon_core.package_discovery:discover_packages(path) using defaults
[0.868s] Level 1:colcon.colcon_core.package_discovery:discover_packages(prefix_path) check parameters
[0.868s] Level 1:colcon.colcon_core.package_discovery:discover_packages(prefix_path) discover
[0.870s] DEBUG:colcon.colcon_installed_package_information.package_discovery:Found 4 installed packages in /home/addinedu/dev_ws/ros/install
[0.872s] DEBUG:colcon.colcon_installed_package_information.package_discovery:Found 411 installed packages in /opt/ros/jazzy
[0.875s] Level 1:colcon.colcon_core.package_discovery:discover_packages(prefix_path) using defaults
[0.971s] Level 5:colcon.colcon_core.verb:set package 'pinky_description' build argument 'cmake_args' from command line to 'None'
[0.971s] Level 5:colcon.colcon_core.verb:set package 'pinky_description' build argument 'cmake_target' from command line to 'None'
[0.971s] Level 5:colcon.colcon_core.verb:set package 'pinky_description' build argument 'cmake_target_skip_unavailable' from command line to 'False'
[0.971s] Level 5:colcon.colcon_core.verb:set package 'pinky_description' build argument 'cmake_clean_cache' from command line to 'False'
[0.972s] Level 5:colcon.colcon_core.verb:set package 'pinky_description' build argument 'cmake_clean_first' from command line to 'False'
[0.972s] Level 5:colcon.colcon_core.verb:set package 'pinky_description' build argument 'cmake_force_configure' from command line to 'False'
[0.972s] Level 5:colcon.colcon_core.verb:set package 'pinky_description' build argument 'ament_cmake_args' from command line to 'None'
[0.972s] Level 5:colcon.colcon_core.verb:set package 'pinky_description' build argument 'catkin_cmake_args' from command line to 'None'
[0.972s] Level 5:colcon.colcon_core.verb:set package 'pinky_description' build argument 'catkin_skip_building_tests' from command line to 'False'
[0.972s] DEBUG:colcon.colcon_core.verb:Building package 'pinky_description' with the following arguments: {'ament_cmake_args': None, 'build_base': '/home/addinedu/pinky/build/pinky_description', 'catkin_cmake_args': None, 'catkin_skip_building_tests': False, 'cmake_args': None, 'cmake_clean_cache': False, 'cmake_clean_first': False, 'cmake_force_configure': False, 'cmake_target': None, 'cmake_target_skip_unavailable': False, 'install_base': '/home/addinedu/pinky/install/pinky_description', 'merge_install': False, 'path': '/home/addinedu/pinky/src/pinky_for_edu/pinky_description', 'symlink_install': False, 'test_result_base': None}
[0.972s] Level 5:colcon.colcon_core.verb:set package 'pinky_navigation' build argument 'cmake_args' from command line to 'None'
[0.973s] Level 5:colcon.colcon_core.verb:set package 'pinky_navigation' build argument 'cmake_target' from command line to 'None'
[0.973s] Level 5:colcon.colcon_core.verb:set package 'pinky_navigation' build argument 'cmake_target_skip_unavailable' from command line to 'False'
[0.973s] Level 5:colcon.colcon_core.verb:set package 'pinky_navigation' build argument 'cmake_clean_cache' from command line to 'False'
[0.973s] Level 5:colcon.colcon_core.verb:set package 'pinky_navigation' build argument 'cmake_clean_first' from command line to 'False'
[0.973s] Level 5:colcon.colcon_core.verb:set package 'pinky_navigation' build argument 'cmake_force_configure' from command line to 'False'
[0.973s] Level 5:colcon.colcon_core.verb:set package 'pinky_navigation' build argument 'ament_cmake_args' from command line to 'None'
[0.973s] Level 5:colcon.colcon_core.verb:set package 'pinky_navigation' build argument 'catkin_cmake_args' from command line to 'None'
[0.973s] Level 5:colcon.colcon_core.verb:set package 'pinky_navigation' build argument 'catkin_skip_building_tests' from command line to 'False'
[0.973s] DEBUG:colcon.colcon_core.verb:Building package 'pinky_navigation' with the following arguments: {'ament_cmake_args': None, 'build_base': '/home/addinedu/pinky/build/pinky_navigation', 'catkin_cmake_args': None, 'catkin_skip_building_tests': False, 'cmake_args': None, 'cmake_clean_cache': False, 'cmake_clean_first': False, 'cmake_force_configure': False, 'cmake_target': None, 'cmake_target_skip_unavailable': False, 'install_base': '/home/addinedu/pinky/install/pinky_navigation', 'merge_install': False, 'path': '/home/addinedu/pinky/src/pinky_for_edu/pinky_navigation', 'symlink_install': False, 'test_result_base': None}
[0.974s] Level 5:colcon.colcon_core.verb:set package 'pinky_simple_navigator' build argument 'cmake_args' from command line to 'None'
[0.974s] Level 5:colcon.colcon_core.verb:set package 'pinky_simple_navigator' build argument 'cmake_target' from command line to 'None'
[0.974s] Level 5:colcon.colcon_core.verb:set package 'pinky_simple_navigator' build argument 'cmake_target_skip_unavailable' from command line to 'False'
[0.974s] Level 5:colcon.colcon_core.verb:set package 'pinky_simple_navigator' build argument 'cmake_clean_cache' from command line to 'False'
[0.974s] Level 5:colcon.colcon_core.verb:set package 'pinky_simple_navigator' build argument 'cmake_clean_first' from command line to 'False'
[0.974s] Level 5:colcon.colcon_core.verb:set package 'pinky_simple_navigator' build argument 'cmake_force_configure' from command line to 'False'
[0.974s] Level 5:colcon.colcon_core.verb:set package 'pinky_simple_navigator' build argument 'ament_cmake_args' from command line to 'None'
[0.974s] Level 5:colcon.colcon_core.verb:set package 'pinky_simple_navigator' build argument 'catkin_cmake_args' from command line to 'None'
[0.974s] Level 5:colcon.colcon_core.verb:set package 'pinky_simple_navigator' build argument 'catkin_skip_building_tests' from command line to 'False'
[0.974s] DEBUG:colcon.colcon_core.verb:Building package 'pinky_simple_navigator' with the following arguments: {'ament_cmake_args': None, 'build_base': '/home/addinedu/pinky/build/pinky_simple_navigator', 'catkin_cmake_args': None, 'catkin_skip_building_tests': False, 'cmake_args': None, 'cmake_clean_cache': False, 'cmake_clean_first': False, 'cmake_force_configure': False, 'cmake_target': None, 'cmake_target_skip_unavailable': False, 'install_base': '/home/addinedu/pinky/install/pinky_simple_navigator', 'merge_install': False, 'path': '/home/addinedu/pinky/src/pinky_for_edu/pinky_simple_navigator', 'symlink_install': False, 'test_result_base': None}
[0.974s] Level 5:colcon.colcon_core.verb:set package 'pinky_tmpatrol' build argument 'cmake_args' from command line to 'None'
[0.974s] Level 5:colcon.colcon_core.verb:set package 'pinky_tmpatrol' build argument 'cmake_target' from command line to 'None'
[0.974s] Level 5:colcon.colcon_core.verb:set package 'pinky_tmpatrol' build argument 'cmake_target_skip_unavailable' from command line to 'False'
[0.975s] Level 5:colcon.colcon_core.verb:set package 'pinky_tmpatrol' build argument 'cmake_clean_cache' from command line to 'False'
[0.975s] Level 5:colcon.colcon_core.verb:set package 'pinky_tmpatrol' build argument 'cmake_clean_first' from command line to 'False'
[0.975s] Level 5:colcon.colcon_core.verb:set package 'pinky_tmpatrol' build argument 'cmake_force_configure' from command line to 'False'
[0.975s] Level 5:colcon.colcon_core.verb:set package 'pinky_tmpatrol' build argument 'ament_cmake_args' from command line to 'None'
[0.975s] Level 5:colcon.colcon_core.verb:set package 'pinky_tmpatrol' build argument 'catkin_cmake_args' from command line to 'None'
[0.975s] Level 5:colcon.colcon_core.verb:set package 'pinky_tmpatrol' build argument 'catkin_skip_building_tests' from command line to 'False'
[0.975s] DEBUG:colcon.colcon_core.verb:Building package 'pinky_tmpatrol' with the following arguments: {'ament_cmake_args': None, 'build_base': '/home/addinedu/pinky/build/pinky_tmpatrol', 'catkin_cmake_args': None, 'catkin_skip_building_tests': False, 'cmake_args': None, 'cmake_clean_cache': False, 'cmake_clean_first': False, 'cmake_force_configure': False, 'cmake_target': None, 'cmake_target_skip_unavailable': False, 'install_base': '/home/addinedu/pinky/install/pinky_tmpatrol', 'merge_install': False, 'path': '/home/addinedu/pinky/src/pinky_tmpatrol', 'symlink_install': False, 'test_result_base': None}
[0.975s] Level 5:colcon.colcon_core.verb:set package 'pinky_tmproject' build argument 'cmake_args' from command line to 'None'
[0.975s] Level 5:colcon.colcon_core.verb:set package 'pinky_tmproject' build argument 'cmake_target' from command line to 'None'
[0.975s] Level 5:colcon.colcon_core.verb:set package 'pinky_tmproject' build argument 'cmake_target_skip_unavailable' from command line to 'False'
[0.976s] Level 5:colcon.colcon_core.verb:set package 'pinky_tmproject' build argument 'cmake_clean_cache' from command line to 'False'
[0.976s] Level 5:colcon.colcon_core.verb:set package 'pinky_tmproject' build argument 'cmake_clean_first' from command line to 'False'
[0.976s] Level 5:colcon.colcon_core.verb:set package 'pinky_tmproject' build argument 'cmake_force_configure' from command line to 'False'
[0.976s] Level 5:colcon.colcon_core.verb:set package 'pinky_tmproject' build argument 'ament_cmake_args' from command line to 'None'
[0.976s] Level 5:colcon.colcon_core.verb:set package 'pinky_tmproject' build argument 'catkin_cmake_args' from command line to 'None'
[0.976s] Level 5:colcon.colcon_core.verb:set package 'pinky_tmproject' build argument 'catkin_skip_building_tests' from command line to 'False'
[0.976s] DEBUG:colcon.colcon_core.verb:Building package 'pinky_tmproject' with the following arguments: {'ament_cmake_args': None, 'build_base': '/home/addinedu/pinky/build/pinky_tmproject', 'catkin_cmake_args': None, 'catkin_skip_building_tests': False, 'cmake_args': None, 'cmake_clean_cache': False, 'cmake_clean_first': False, 'cmake_force_configure': False, 'cmake_target': None, 'cmake_target_skip_unavailable': False, 'install_base': '/home/addinedu/pinky/install/pinky_tmproject', 'merge_install': False, 'path': '/home/addinedu/pinky/src/pinky_tmproject', 'symlink_install': False, 'test_result_base': None}
[0.977s] Level 5:colcon.colcon_core.verb:set package 'pinky_gazebo' build argument 'cmake_args' from command line to 'None'
[0.977s] Level 5:colcon.colcon_core.verb:set package 'pinky_gazebo' build argument 'cmake_target' from command line to 'None'
[0.977s] Level 5:colcon.colcon_core.verb:set package 'pinky_gazebo' build argument 'cmake_target_skip_unavailable' from command line to 'False'
[0.977s] Level 5:colcon.colcon_core.verb:set package 'pinky_gazebo' build argument 'cmake_clean_cache' from command line to 'False'
[0.977s] Level 5:colcon.colcon_core.verb:set package 'pinky_gazebo' build argument 'cmake_clean_first' from command line to 'False'
[0.977s] Level 5:colcon.colcon_core.verb:set package 'pinky_gazebo' build argument 'cmake_force_configure' from command line to 'False'
[0.977s] Level 5:colcon.colcon_core.verb:set package 'pinky_gazebo' build argument 'ament_cmake_args' from command line to 'None'
[0.977s] Level 5:colcon.colcon_core.verb:set package 'pinky_gazebo' build argument 'catkin_cmake_args' from command line to 'None'
[0.977s] Level 5:colcon.colcon_core.verb:set package 'pinky_gazebo' build argument 'catkin_skip_building_tests' from command line to 'False'
[0.977s] DEBUG:colcon.colcon_core.verb:Building package 'pinky_gazebo' with the following arguments: {'ament_cmake_args': None, 'build_base': '/home/addinedu/pinky/build/pinky_gazebo', 'catkin_cmake_args': None, 'catkin_skip_building_tests': False, 'cmake_args': None, 'cmake_clean_cache': False, 'cmake_clean_first': False, 'cmake_force_configure': False, 'cmake_target': None, 'cmake_target_skip_unavailable': False, 'install_base': '/home/addinedu/pinky/install/pinky_gazebo', 'merge_install': False, 'path': '/home/addinedu/pinky/src/pinky_for_edu/pinky_gazebo', 'symlink_install': False, 'test_result_base': None}
[0.978s] INFO:colcon.colcon_core.executor:Executing jobs using 'parallel' executor
[0.979s] DEBUG:colcon.colcon_parallel_executor.executor.parallel:run_until_complete
[0.980s] INFO:colcon.colcon_ros.task.ament_cmake.build:Building ROS package in '/home/addinedu/pinky/src/pinky_for_edu/pinky_description' with build type 'ament_cmake'
[0.980s] INFO:colcon.colcon_cmake.task.cmake.build:Building CMake package in '/home/addinedu/pinky/src/pinky_for_edu/pinky_description'
[0.983s] INFO:colcon.colcon_core.plugin_system:Skipping extension 'colcon_core.shell.bat': Not used on non-Windows systems
[0.983s] INFO:colcon.colcon_core.shell:Skip shell extension 'powershell' for command environment: Not usable outside of PowerShell
[0.984s] DEBUG:colcon.colcon_core.shell:Skip shell extension 'dsv' for command environment
[0.991s] INFO:colcon.colcon_ros.task.ament_cmake.build:Building ROS package in '/home/addinedu/pinky/src/pinky_for_edu/pinky_navigation' with build type 'ament_cmake'
[0.991s] INFO:colcon.colcon_cmake.task.cmake.build:Building CMake package in '/home/addinedu/pinky/src/pinky_for_edu/pinky_navigation'
[0.992s] INFO:colcon.colcon_core.shell:Skip shell extension 'powershell' for command environment: Not usable outside of PowerShell
[0.992s] DEBUG:colcon.colcon_core.shell:Skip shell extension 'dsv' for command environment
[1.000s] INFO:colcon.colcon_ros.task.ament_python.build:Building ROS package in '/home/addinedu/pinky/src/pinky_for_edu/pinky_simple_navigator' with build type 'ament_python'
[1.000s] Level 1:colcon.colcon_core.shell:create_environment_hook('pinky_simple_navigator', 'ament_prefix_path')
[1.001s] INFO:colcon.colcon_core.shell:Creating environment hook '/home/addinedu/pinky/install/pinky_simple_navigator/share/pinky_simple_navigator/hook/ament_prefix_path.ps1'
[1.002s] INFO:colcon.colcon_core.shell:Creating environment descriptor '/home/addinedu/pinky/install/pinky_simple_navigator/share/pinky_simple_navigator/hook/ament_prefix_path.dsv'
[1.003s] INFO:colcon.colcon_core.shell:Creating environment hook '/home/addinedu/pinky/install/pinky_simple_navigator/share/pinky_simple_navigator/hook/ament_prefix_path.sh'
[1.004s] INFO:colcon.colcon_core.shell:Skip shell extension 'powershell' for command environment: Not usable outside of PowerShell
[1.004s] DEBUG:colcon.colcon_core.shell:Skip shell extension 'dsv' for command environment
[1.010s] INFO:colcon.colcon_core.task.python.build:Building Python package in '/home/addinedu/pinky/src/pinky_tmpatrol'
[1.010s] INFO:colcon.colcon_core.shell:Skip shell extension 'powershell' for command environment: Not usable outside of PowerShell
[1.010s] DEBUG:colcon.colcon_core.shell:Skip shell extension 'dsv' for command environment
[1.016s] INFO:colcon.colcon_ros.task.ament_python.build:Building ROS package in '/home/addinedu/pinky/src/pinky_tmproject' with build type 'ament_python'
[1.016s] Level 1:colcon.colcon_core.shell:create_environment_hook('pinky_tmproject', 'ament_prefix_path')
[1.017s] INFO:colcon.colcon_core.shell:Creating environment hook '/home/addinedu/pinky/install/pinky_tmproject/share/pinky_tmproject/hook/ament_prefix_path.ps1'
[1.018s] INFO:colcon.colcon_core.shell:Creating environment descriptor '/home/addinedu/pinky/install/pinky_tmproject/share/pinky_tmproject/hook/ament_prefix_path.dsv'
[1.020s] INFO:colcon.colcon_core.shell:Creating environment hook '/home/addinedu/pinky/install/pinky_tmproject/share/pinky_tmproject/hook/ament_prefix_path.sh'
[1.021s] INFO:colcon.colcon_core.shell:Skip shell extension 'powershell' for command environment: Not usable outside of PowerShell
[1.021s] DEBUG:colcon.colcon_core.shell:Skip shell extension 'dsv' for command environment
[1.036s] DEBUG:colcon.colcon_core.event_handler.log_command:Invoking command in '/home/addinedu/pinky/build/pinky_description': CMAKE_PREFIX_PATH=${CMAKE_PREFIX_PATH}:/home/addinedu/dev_ws/ros/install/my_tf:/home/addinedu/dev_ws/ros/install/my_first_package:/home/addinedu/dev_ws/ros/install/controller_tutorials:/opt/ros/jazzy DEBUGINFOD_URLS=https://debuginfod.ubuntu.com /usr/bin/cmake --build /home/addinedu/pinky/build/pinky_description -- -j12 -l12
[1.045s] DEBUG:colcon.colcon_core.event_handler.log_command:Invoking command in '/home/addinedu/pinky/build/pinky_navigation': CMAKE_PREFIX_PATH=${CMAKE_PREFIX_PATH}:/home/addinedu/dev_ws/ros/install/my_tf:/home/addinedu/dev_ws/ros/install/my_first_package:/home/addinedu/dev_ws/ros/install/controller_tutorials:/opt/ros/jazzy DEBUGINFOD_URLS=https://debuginfod.ubuntu.com /usr/bin/cmake --build /home/addinedu/pinky/build/pinky_navigation -- -j12 -l12
[1.524s] INFO:colcon.colcon_core.task.python.build:Building Python package in '/home/addinedu/pinky/src/pinky_for_edu/pinky_simple_navigator'
[1.524s] INFO:colcon.colcon_core.shell:Skip shell extension 'powershell' for command environment: Not usable outside of PowerShell
[1.524s] DEBUG:colcon.colcon_core.shell:Skip shell extension 'dsv' for command environment
[2.505s] INFO:colcon.colcon_core.task.python.build:Building Python package in '/home/addinedu/pinky/src/pinky_tmproject'
[2.506s] INFO:colcon.colcon_core.shell:Skip shell extension 'powershell' for command environment: Not usable outside of PowerShell
[2.506s] DEBUG:colcon.colcon_core.shell:Skip shell extension 'dsv' for command environment
[2.510s] DEBUG:colcon.colcon_core.event_handler.log_command:Invoked command in '/home/addinedu/pinky/build/pinky_description' returned '0': CMAKE_PREFIX_PATH=${CMAKE_PREFIX_PATH}:/home/addinedu/dev_ws/ros/install/my_tf:/home/addinedu/dev_ws/ros/install/my_first_package:/home/addinedu/dev_ws/ros/install/controller_tutorials:/opt/ros/jazzy DEBUGINFOD_URLS=https://debuginfod.ubuntu.com /usr/bin/cmake --build /home/addinedu/pinky/build/pinky_description -- -j12 -l12
[2.530s] DEBUG:colcon.colcon_core.event_handler.log_command:Invoking command in '/home/addinedu/pinky/build/pinky_description': CMAKE_PREFIX_PATH=${CMAKE_PREFIX_PATH}:/home/addinedu/dev_ws/ros/install/my_tf:/home/addinedu/dev_ws/ros/install/my_first_package:/home/addinedu/dev_ws/ros/install/controller_tutorials:/opt/ros/jazzy DEBUGINFOD_URLS=https://debuginfod.ubuntu.com /usr/bin/cmake --install /home/addinedu/pinky/build/pinky_description
[2.532s] DEBUG:colcon.colcon_core.event_handler.log_command:Invoked command in '/home/addinedu/pinky/build/pinky_navigation' returned '0': CMAKE_PREFIX_PATH=${CMAKE_PREFIX_PATH}:/home/addinedu/dev_ws/ros/install/my_tf:/home/addinedu/dev_ws/ros/install/my_first_package:/home/addinedu/dev_ws/ros/install/controller_tutorials:/opt/ros/jazzy DEBUGINFOD_URLS=https://debuginfod.ubuntu.com /usr/bin/cmake --build /home/addinedu/pinky/build/pinky_navigation -- -j12 -l12
[2.533s] DEBUG:colcon.colcon_core.event_handler.log_command:Invoking command in '/home/addinedu/pinky/build/pinky_navigation': CMAKE_PREFIX_PATH=${CMAKE_PREFIX_PATH}:/home/addinedu/dev_ws/ros/install/my_tf:/home/addinedu/dev_ws/ros/install/my_first_package:/home/addinedu/dev_ws/ros/install/controller_tutorials:/opt/ros/jazzy DEBUGINFOD_URLS=https://debuginfod.ubuntu.com /usr/bin/cmake --install /home/addinedu/pinky/build/pinky_navigation
[2.574s] Level 1:colcon.colcon_core.environment:create_environment_scripts_only(pinky_navigation)
[2.575s] DEBUG:colcon.colcon_core.event_handler.log_command:Invoked command in '/home/addinedu/pinky/build/pinky_navigation' returned '0': CMAKE_PREFIX_PATH=${CMAKE_PREFIX_PATH}:/home/addinedu/dev_ws/ros/install/my_tf:/home/addinedu/dev_ws/ros/install/my_first_package:/home/addinedu/dev_ws/ros/install/controller_tutorials:/opt/ros/jazzy DEBUGINFOD_URLS=https://debuginfod.ubuntu.com /usr/bin/cmake --install /home/addinedu/pinky/build/pinky_navigation
[2.579s] Level 1:colcon.colcon_core.environment:checking '/home/addinedu/pinky/install/pinky_navigation' for CMake module files
[2.580s] Level 1:colcon.colcon_core.environment:checking '/home/addinedu/pinky/install/pinky_navigation' for CMake config files
[2.580s] Level 1:colcon.colcon_core.shell:create_environment_hook('pinky_navigation', 'cmake_prefix_path')
[2.580s] INFO:colcon.colcon_core.shell:Creating environment hook '/home/addinedu/pinky/install/pinky_navigation/share/pinky_navigation/hook/cmake_prefix_path.ps1'
[2.581s] INFO:colcon.colcon_core.shell:Creating environment descriptor '/home/addinedu/pinky/install/pinky_navigation/share/pinky_navigation/hook/cmake_prefix_path.dsv'
[2.582s] INFO:colcon.colcon_core.shell:Creating environment hook '/home/addinedu/pinky/install/pinky_navigation/share/pinky_navigation/hook/cmake_prefix_path.sh'
[2.583s] Level 1:colcon.colcon_core.environment:checking '/home/addinedu/pinky/install/pinky_navigation/bin'
[2.584s] Level 1:colcon.colcon_core.environment:checking '/home/addinedu/pinky/install/pinky_navigation/lib/pkgconfig/pinky_navigation.pc'
[2.584s] Level 1:colcon.colcon_core.environment:checking '/home/addinedu/pinky/install/pinky_navigation/lib/python3.12/site-packages'
[2.584s] Level 1:colcon.colcon_core.environment:checking '/home/addinedu/pinky/install/pinky_navigation/bin'
[2.585s] INFO:colcon.colcon_core.shell:Creating package script '/home/addinedu/pinky/install/pinky_navigation/share/pinky_navigation/package.ps1'
[2.586s] INFO:colcon.colcon_core.shell:Creating package descriptor '/home/addinedu/pinky/install/pinky_navigation/share/pinky_navigation/package.dsv'
[2.586s] INFO:colcon.colcon_core.shell:Creating package script '/home/addinedu/pinky/install/pinky_navigation/share/pinky_navigation/package.sh'
[2.588s] INFO:colcon.colcon_core.shell:Creating package script '/home/addinedu/pinky/install/pinky_navigation/share/pinky_navigation/package.bash'
[2.589s] INFO:colcon.colcon_core.shell:Creating package script '/home/addinedu/pinky/install/pinky_navigation/share/pinky_navigation/package.zsh'
[2.590s] Level 1:colcon.colcon_core.environment:create_file_with_runtime_dependencies(/home/addinedu/pinky/install/pinky_navigation/share/colcon-core/packages/pinky_navigation)
[2.591s] Level 1:colcon.colcon_core.environment:create_environment_scripts_only(pinky_navigation)
[2.592s] Level 1:colcon.colcon_core.environment:checking '/home/addinedu/pinky/install/pinky_navigation' for CMake module files
[2.592s] Level 1:colcon.colcon_core.environment:checking '/home/addinedu/pinky/install/pinky_navigation' for CMake config files
[2.593s] Level 1:colcon.colcon_core.shell:create_environment_hook('pinky_navigation', 'cmake_prefix_path')
[2.594s] INFO:colcon.colcon_core.shell:Creating environment hook '/home/addinedu/pinky/install/pinky_navigation/share/pinky_navigation/hook/cmake_prefix_path.ps1'
[2.595s] INFO:colcon.colcon_core.shell:Creating environment descriptor '/home/addinedu/pinky/install/pinky_navigation/share/pinky_navigation/hook/cmake_prefix_path.dsv'
[2.596s] INFO:colcon.colcon_core.shell:Creating environment hook '/home/addinedu/pinky/install/pinky_navigation/share/pinky_navigation/hook/cmake_prefix_path.sh'
[2.597s] Level 1:colcon.colcon_core.environment:checking '/home/addinedu/pinky/install/pinky_navigation/bin'
[2.597s] Level 1:colcon.colcon_core.environment:checking '/home/addinedu/pinky/install/pinky_navigation/lib/pkgconfig/pinky_navigation.pc'
[2.598s] Level 1:colcon.colcon_core.environment:checking '/home/addinedu/pinky/install/pinky_navigation/lib/python3.12/site-packages'
[2.598s] Level 1:colcon.colcon_core.environment:checking '/home/addinedu/pinky/install/pinky_navigation/bin'
[2.599s] INFO:colcon.colcon_core.shell:Creating package script '/home/addinedu/pinky/install/pinky_navigation/share/pinky_navigation/package.ps1'
[2.600s] INFO:colcon.colcon_core.shell:Creating package descriptor '/home/addinedu/pinky/install/pinky_navigation/share/pinky_navigation/package.dsv'
[2.601s] INFO:colcon.colcon_core.shell:Creating package script '/home/addinedu/pinky/install/pinky_navigation/share/pinky_navigation/package.sh'
[2.601s] INFO:colcon.colcon_core.shell:Creating package script '/home/addinedu/pinky/install/pinky_navigation/share/pinky_navigation/package.bash'
[2.602s] INFO:colcon.colcon_core.shell:Creating package script '/home/addinedu/pinky/install/pinky_navigation/share/pinky_navigation/package.zsh'
[2.602s] Level 1:colcon.colcon_core.environment:create_file_with_runtime_dependencies(/home/addinedu/pinky/install/pinky_navigation/share/colcon-core/packages/pinky_navigation)
[2.605s] Level 1:colcon.colcon_core.environment:create_environment_scripts_only(pinky_description)
[2.606s] Level 1:colcon.colcon_core.environment:checking '/home/addinedu/pinky/install/pinky_description' for CMake module files
[2.608s] DEBUG:colcon.colcon_core.event_handler.log_command:Invoked command in '/home/addinedu/pinky/build/pinky_description' returned '0': CMAKE_PREFIX_PATH=${CMAKE_PREFIX_PATH}:/home/addinedu/dev_ws/ros/install/my_tf:/home/addinedu/dev_ws/ros/install/my_first_package:/home/addinedu/dev_ws/ros/install/controller_tutorials:/opt/ros/jazzy DEBUGINFOD_URLS=https://debuginfod.ubuntu.com /usr/bin/cmake --install /home/addinedu/pinky/build/pinky_description
[2.608s] Level 1:colcon.colcon_core.environment:checking '/home/addinedu/pinky/install/pinky_description' for CMake config files
[2.609s] Level 1:colcon.colcon_core.shell:create_environment_hook('pinky_description', 'cmake_prefix_path')
[2.610s] INFO:colcon.colcon_core.shell:Creating environment hook '/home/addinedu/pinky/install/pinky_description/share/pinky_description/hook/cmake_prefix_path.ps1'
[2.611s] INFO:colcon.colcon_core.shell:Creating environment descriptor '/home/addinedu/pinky/install/pinky_description/share/pinky_description/hook/cmake_prefix_path.dsv'
[2.611s] INFO:colcon.colcon_core.shell:Creating environment hook '/home/addinedu/pinky/install/pinky_description/share/pinky_description/hook/cmake_prefix_path.sh'
[2.612s] Level 1:colcon.colcon_core.environment:checking '/home/addinedu/pinky/install/pinky_description/bin'
[2.612s] Level 1:colcon.colcon_core.environment:checking '/home/addinedu/pinky/install/pinky_description/lib/pkgconfig/pinky_description.pc'
[2.613s] Level 1:colcon.colcon_core.environment:checking '/home/addinedu/pinky/install/pinky_description/lib/python3.12/site-packages'
[2.614s] Level 1:colcon.colcon_core.environment:checking '/home/addinedu/pinky/install/pinky_description/bin'
[2.614s] INFO:colcon.colcon_core.shell:Creating package script '/home/addinedu/pinky/install/pinky_description/share/pinky_description/package.ps1'
[2.615s] INFO:colcon.colcon_core.shell:Creating package descriptor '/home/addinedu/pinky/install/pinky_description/share/pinky_description/package.dsv'
[2.616s] INFO:colcon.colcon_core.shell:Creating package script '/home/addinedu/pinky/install/pinky_description/share/pinky_description/package.sh'
[2.618s] INFO:colcon.colcon_core.shell:Creating package script '/home/addinedu/pinky/install/pinky_description/share/pinky_description/package.bash'
[2.618s] INFO:colcon.colcon_core.shell:Creating package script '/home/addinedu/pinky/install/pinky_description/share/pinky_description/package.zsh'
[2.619s] Level 1:colcon.colcon_core.environment:create_file_with_runtime_dependencies(/home/addinedu/pinky/install/pinky_description/share/colcon-core/packages/pinky_description)
[2.620s] Level 1:colcon.colcon_core.environment:create_environment_scripts_only(pinky_description)
[2.620s] Level 1:colcon.colcon_core.environment:checking '/home/addinedu/pinky/install/pinky_description' for CMake module files
[2.621s] Level 1:colcon.colcon_core.environment:checking '/home/addinedu/pinky/install/pinky_description' for CMake config files
[2.622s] Level 1:colcon.colcon_core.shell:create_environment_hook('pinky_description', 'cmake_prefix_path')
[2.622s] INFO:colcon.colcon_core.shell:Creating environment hook '/home/addinedu/pinky/install/pinky_description/share/pinky_description/hook/cmake_prefix_path.ps1'
[2.623s] INFO:colcon.colcon_core.shell:Creating environment descriptor '/home/addinedu/pinky/install/pinky_description/share/pinky_description/hook/cmake_prefix_path.dsv'
[2.623s] INFO:colcon.colcon_core.shell:Creating environment hook '/home/addinedu/pinky/install/pinky_description/share/pinky_description/hook/cmake_prefix_path.sh'
[2.624s] Level 1:colcon.colcon_core.environment:checking '/home/addinedu/pinky/install/pinky_description/bin'
[2.624s] Level 1:colcon.colcon_core.environment:checking '/home/addinedu/pinky/install/pinky_description/lib/pkgconfig/pinky_description.pc'
[2.625s] Level 1:colcon.colcon_core.environment:checking '/home/addinedu/pinky/install/pinky_description/lib/python3.12/site-packages'
[2.625s] Level 1:colcon.colcon_core.environment:checking '/home/addinedu/pinky/install/pinky_description/bin'
[2.626s] INFO:colcon.colcon_core.shell:Creating package script '/home/addinedu/pinky/install/pinky_description/share/pinky_description/package.ps1'
[2.629s] INFO:colcon.colcon_core.shell:Creating package descriptor '/home/addinedu/pinky/install/pinky_description/share/pinky_description/package.dsv'
[2.630s] INFO:colcon.colcon_core.shell:Creating package script '/home/addinedu/pinky/install/pinky_description/share/pinky_description/package.sh'
[2.631s] INFO:colcon.colcon_core.shell:Creating package script '/home/addinedu/pinky/install/pinky_description/share/pinky_description/package.bash'
[2.631s] INFO:colcon.colcon_core.shell:Creating package script '/home/addinedu/pinky/install/pinky_description/share/pinky_description/package.zsh'
[2.632s] Level 1:colcon.colcon_core.environment:create_file_with_runtime_dependencies(/home/addinedu/pinky/install/pinky_description/share/colcon-core/packages/pinky_description)
[2.632s] INFO:colcon.colcon_ros.task.ament_cmake.build:Building ROS package in '/home/addinedu/pinky/src/pinky_for_edu/pinky_gazebo' with build type 'ament_cmake'
[2.633s] INFO:colcon.colcon_cmake.task.cmake.build:Building CMake package in '/home/addinedu/pinky/src/pinky_for_edu/pinky_gazebo'
[2.633s] INFO:colcon.colcon_core.shell:Skip shell extension 'powershell' for command environment: Not usable outside of PowerShell
[2.633s] DEBUG:colcon.colcon_core.shell:Skip shell extension 'dsv' for command environment
[2.649s] DEBUG:colcon.colcon_core.event_handler.log_command:Invoking command in '/home/addinedu/pinky/build/pinky_gazebo': AMENT_PREFIX_PATH=/home/addinedu/pinky/install/pinky_description:${AMENT_PREFIX_PATH} CMAKE_PREFIX_PATH=/home/addinedu/pinky/install/pinky_description:/home/addinedu/dev_ws/ros/install/my_first_package_msgs:/opt/ros/jazzy/opt/gz_sim_vendor:/opt/ros/jazzy/opt/gz_sensors_vendor:/opt/ros/jazzy/opt/gz_physics_vendor:/opt/ros/jazzy/opt/sdformat_vendor:/opt/ros/jazzy/opt/gz_gui_vendor:/opt/ros/jazzy/opt/gz_transport_vendor:/opt/ros/jazzy/opt/gz_rendering_vendor:/opt/ros/jazzy/opt/gz_plugin_vendor:/opt/ros/jazzy/opt/gz_fuel_tools_vendor:/opt/ros/jazzy/opt/gz_msgs_vendor:/opt/ros/jazzy/opt/gz_common_vendor:/opt/ros/jazzy/opt/gz_math_vendor:/opt/ros/jazzy/opt/gz_utils_vendor:/opt/ros/jazzy/opt/gz_tools_vendor:/opt/ros/jazzy/opt/gz_ogre_next_vendor:/opt/ros/jazzy/opt/gz_dartsim_vendor:/opt/ros/jazzy/opt/gz_cmake_vendor:/home/addinedu/dev_ws/ros/install/my_tf:/home/addinedu/dev_ws/ros/install/my_first_package:/home/addinedu/dev_ws/ros/install/controller_tutorials:/opt/ros/jazzy DEBUGINFOD_URLS=https://debuginfod.ubuntu.com /usr/bin/cmake --build /home/addinedu/pinky/build/pinky_gazebo -- -j12 -l12
[2.724s] DEBUG:colcon.colcon_core.event_handler.log_command:Invoked command in '/home/addinedu/pinky/build/pinky_gazebo' returned '0': AMENT_PREFIX_PATH=/home/addinedu/pinky/install/pinky_description:${AMENT_PREFIX_PATH} CMAKE_PREFIX_PATH=/home/addinedu/pinky/install/pinky_description:/home/addinedu/dev_ws/ros/install/my_first_package_msgs:/opt/ros/jazzy/opt/gz_sim_vendor:/opt/ros/jazzy/opt/gz_sensors_vendor:/opt/ros/jazzy/opt/gz_physics_vendor:/opt/ros/jazzy/opt/sdformat_vendor:/opt/ros/jazzy/opt/gz_gui_vendor:/opt/ros/jazzy/opt/gz_transport_vendor:/opt/ros/jazzy/opt/gz_rendering_vendor:/opt/ros/jazzy/opt/gz_plugin_vendor:/opt/ros/jazzy/opt/gz_fuel_tools_vendor:/opt/ros/jazzy/opt/gz_msgs_vendor:/opt/ros/jazzy/opt/gz_common_vendor:/opt/ros/jazzy/opt/gz_math_vendor:/opt/ros/jazzy/opt/gz_utils_vendor:/opt/ros/jazzy/opt/gz_tools_vendor:/opt/ros/jazzy/opt/gz_ogre_next_vendor:/opt/ros/jazzy/opt/gz_dartsim_vendor:/opt/ros/jazzy/opt/gz_cmake_vendor:/home/addinedu/dev_ws/ros/install/my_tf:/home/addinedu/dev_ws/ros/install/my_first_package:/home/addinedu/dev_ws/ros/install/controller_tutorials:/opt/ros/jazzy DEBUGINFOD_URLS=https://debuginfod.ubuntu.com /usr/bin/cmake --build /home/addinedu/pinky/build/pinky_gazebo -- -j12 -l12
[2.726s] DEBUG:colcon.colcon_core.event_handler.log_command:Invoking command in '/home/addinedu/pinky/build/pinky_gazebo': AMENT_PREFIX_PATH=/home/addinedu/pinky/install/pinky_description:${AMENT_PREFIX_PATH} CMAKE_PREFIX_PATH=/home/addinedu/pinky/install/pinky_description:/home/addinedu/dev_ws/ros/install/my_first_package_msgs:/opt/ros/jazzy/opt/gz_sim_vendor:/opt/ros/jazzy/opt/gz_sensors_vendor:/opt/ros/jazzy/opt/gz_physics_vendor:/opt/ros/jazzy/opt/sdformat_vendor:/opt/ros/jazzy/opt/gz_gui_vendor:/opt/ros/jazzy/opt/gz_transport_vendor:/opt/ros/jazzy/opt/gz_rendering_vendor:/opt/ros/jazzy/opt/gz_plugin_vendor:/opt/ros/jazzy/opt/gz_fuel_tools_vendor:/opt/ros/jazzy/opt/gz_msgs_vendor:/opt/ros/jazzy/opt/gz_common_vendor:/opt/ros/jazzy/opt/gz_math_vendor:/opt/ros/jazzy/opt/gz_utils_vendor:/opt/ros/jazzy/opt/gz_tools_vendor:/opt/ros/jazzy/opt/gz_ogre_next_vendor:/opt/ros/jazzy/opt/gz_dartsim_vendor:/opt/ros/jazzy/opt/gz_cmake_vendor:/home/addinedu/dev_ws/ros/install/my_tf:/home/addinedu/dev_ws/ros/install/my_first_package:/home/addinedu/dev_ws/ros/install/controller_tutorials:/opt/ros/jazzy DEBUGINFOD_URLS=https://debuginfod.ubuntu.com /usr/bin/cmake --install /home/addinedu/pinky/build/pinky_gazebo
[2.773s] Level 1:colcon.colcon_core.environment:create_environment_scripts_only(pinky_gazebo)
[2.774s] Level 1:colcon.colcon_core.environment:checking '/home/addinedu/pinky/install/pinky_gazebo' for CMake module files
[2.775s] DEBUG:colcon.colcon_core.event_handler.log_command:Invoked command in '/home/addinedu/pinky/build/pinky_gazebo' returned '0': AMENT_PREFIX_PATH=/home/addinedu/pinky/install/pinky_description:${AMENT_PREFIX_PATH} CMAKE_PREFIX_PATH=/home/addinedu/pinky/install/pinky_description:/home/addinedu/dev_ws/ros/install/my_first_package_msgs:/opt/ros/jazzy/opt/gz_sim_vendor:/opt/ros/jazzy/opt/gz_sensors_vendor:/opt/ros/jazzy/opt/gz_physics_vendor:/opt/ros/jazzy/opt/sdformat_vendor:/opt/ros/jazzy/opt/gz_gui_vendor:/opt/ros/jazzy/opt/gz_transport_vendor:/opt/ros/jazzy/opt/gz_rendering_vendor:/opt/ros/jazzy/opt/gz_plugin_vendor:/opt/ros/jazzy/opt/gz_fuel_tools_vendor:/opt/ros/jazzy/opt/gz_msgs_vendor:/opt/ros/jazzy/opt/gz_common_vendor:/opt/ros/jazzy/opt/gz_math_vendor:/opt/ros/jazzy/opt/gz_utils_vendor:/opt/ros/jazzy/opt/gz_tools_vendor:/opt/ros/jazzy/opt/gz_ogre_next_vendor:/opt/ros/jazzy/opt/gz_dartsim_vendor:/opt/ros/jazzy/opt/gz_cmake_vendor:/home/addinedu/dev_ws/ros/install/my_tf:/home/addinedu/dev_ws/ros/install/my_first_package:/home/addinedu/dev_ws/ros/install/controller_tutorials:/opt/ros/jazzy DEBUGINFOD_URLS=https://debuginfod.ubuntu.com /usr/bin/cmake --install /home/addinedu/pinky/build/pinky_gazebo
[2.776s] Level 1:colcon.colcon_core.environment:checking '/home/addinedu/pinky/install/pinky_gazebo' for CMake config files
[2.776s] Level 1:colcon.colcon_core.shell:create_environment_hook('pinky_gazebo', 'cmake_prefix_path')
[2.777s] INFO:colcon.colcon_core.shell:Creating environment hook '/home/addinedu/pinky/install/pinky_gazebo/share/pinky_gazebo/hook/cmake_prefix_path.ps1'
[2.778s] INFO:colcon.colcon_core.shell:Creating environment descriptor '/home/addinedu/pinky/install/pinky_gazebo/share/pinky_gazebo/hook/cmake_prefix_path.dsv'
[2.779s] INFO:colcon.colcon_core.shell:Creating environment hook '/home/addinedu/pinky/install/pinky_gazebo/share/pinky_gazebo/hook/cmake_prefix_path.sh'
[2.780s] Level 1:colcon.colcon_core.environment:checking '/home/addinedu/pinky/install/pinky_gazebo/bin'
[2.780s] Level 1:colcon.colcon_core.environment:checking '/home/addinedu/pinky/install/pinky_gazebo/lib/pkgconfig/pinky_gazebo.pc'
[2.780s] Level 1:colcon.colcon_core.environment:checking '/home/addinedu/pinky/install/pinky_gazebo/lib/python3.12/site-packages'
[2.781s] Level 1:colcon.colcon_core.environment:checking '/home/addinedu/pinky/install/pinky_gazebo/bin'
[2.782s] INFO:colcon.colcon_core.shell:Creating package script '/home/addinedu/pinky/install/pinky_gazebo/share/pinky_gazebo/package.ps1'
[2.783s] INFO:colcon.colcon_core.shell:Creating package descriptor '/home/addinedu/pinky/install/pinky_gazebo/share/pinky_gazebo/package.dsv'
[2.784s] INFO:colcon.colcon_core.shell:Creating package script '/home/addinedu/pinky/install/pinky_gazebo/share/pinky_gazebo/package.sh'
[2.785s] INFO:colcon.colcon_core.shell:Creating package script '/home/addinedu/pinky/install/pinky_gazebo/share/pinky_gazebo/package.bash'
[2.786s] INFO:colcon.colcon_core.shell:Creating package script '/home/addinedu/pinky/install/pinky_gazebo/share/pinky_gazebo/package.zsh'
[2.787s] Level 1:colcon.colcon_core.environment:create_file_with_runtime_dependencies(/home/addinedu/pinky/install/pinky_gazebo/share/colcon-core/packages/pinky_gazebo)
[2.788s] Level 1:colcon.colcon_core.environment:create_environment_scripts_only(pinky_gazebo)
[2.789s] Level 1:colcon.colcon_core.environment:checking '/home/addinedu/pinky/install/pinky_gazebo' for CMake module files
[2.789s] Level 1:colcon.colcon_core.environment:checking '/home/addinedu/pinky/install/pinky_gazebo' for CMake config files
[2.790s] Level 1:colcon.colcon_core.shell:create_environment_hook('pinky_gazebo', 'cmake_prefix_path')
[2.790s] INFO:colcon.colcon_core.shell:Creating environment hook '/home/addinedu/pinky/install/pinky_gazebo/share/pinky_gazebo/hook/cmake_prefix_path.ps1'
[2.791s] INFO:colcon.colcon_core.shell:Creating environment descriptor '/home/addinedu/pinky/install/pinky_gazebo/share/pinky_gazebo/hook/cmake_prefix_path.dsv'
[2.792s] INFO:colcon.colcon_core.shell:Creating environment hook '/home/addinedu/pinky/install/pinky_gazebo/share/pinky_gazebo/hook/cmake_prefix_path.sh'
[2.793s] Level 1:colcon.colcon_core.environment:checking '/home/addinedu/pinky/install/pinky_gazebo/bin'
[2.793s] Level 1:colcon.colcon_core.environment:checking '/home/addinedu/pinky/install/pinky_gazebo/lib/pkgconfig/pinky_gazebo.pc'
[2.794s] Level 1:colcon.colcon_core.environment:checking '/home/addinedu/pinky/install/pinky_gazebo/lib/python3.12/site-packages'
[2.795s] Level 1:colcon.colcon_core.environment:checking '/home/addinedu/pinky/install/pinky_gazebo/bin'
[2.796s] INFO:colcon.colcon_core.shell:Creating package script '/home/addinedu/pinky/install/pinky_gazebo/share/pinky_gazebo/package.ps1'
[2.796s] INFO:colcon.colcon_core.shell:Creating package descriptor '/home/addinedu/pinky/install/pinky_gazebo/share/pinky_gazebo/package.dsv'
[2.797s] INFO:colcon.colcon_core.shell:Creating package script '/home/addinedu/pinky/install/pinky_gazebo/share/pinky_gazebo/package.sh'
[2.798s] INFO:colcon.colcon_core.shell:Creating package script '/home/addinedu/pinky/install/pinky_gazebo/share/pinky_gazebo/package.bash'
[2.799s] INFO:colcon.colcon_core.shell:Creating package script '/home/addinedu/pinky/install/pinky_gazebo/share/pinky_gazebo/package.zsh'
[2.800s] Level 1:colcon.colcon_core.environment:create_file_with_runtime_dependencies(/home/addinedu/pinky/install/pinky_gazebo/share/colcon-core/packages/pinky_gazebo)
[3.401s] DEBUG:colcon.colcon_core.event_handler.log_command:Invoking command in '/home/addinedu/pinky/src/pinky_tmpatrol': DEBUGINFOD_URLS=https://debuginfod.ubuntu.com PYTHONPATH=/home/addinedu/pinky/build/pinky_tmpatrol/prefix_override:/usr/lib/python3/dist-packages/colcon_core/task/python/colcon_distutils_commands:/home/addinedu/pinky/install/pinky_tmpatrol/lib/python3.12/site-packages:${PYTHONPATH} /usr/bin/python3 -W ignore:setup.py install is deprecated -W ignore:easy_install command is deprecated setup.py egg_info --egg-base ../../build/pinky_tmpatrol build --build-base /home/addinedu/pinky/build/pinky_tmpatrol/build install --record /home/addinedu/pinky/build/pinky_tmpatrol/install.log --single-version-externally-managed install_data
[3.884s] DEBUG:colcon.colcon_core.event_handler.log_command:Invoking command in '/home/addinedu/pinky/src/pinky_for_edu/pinky_simple_navigator': DEBUGINFOD_URLS=https://debuginfod.ubuntu.com PYTHONPATH=/home/addinedu/pinky/build/pinky_simple_navigator/prefix_override:/usr/lib/python3/dist-packages/colcon_core/task/python/colcon_distutils_commands:/home/addinedu/pinky/install/pinky_simple_navigator/lib/python3.12/site-packages:${PYTHONPATH} /usr/bin/python3 -W ignore:setup.py install is deprecated -W ignore:easy_install command is deprecated setup.py egg_info --egg-base ../../../build/pinky_simple_navigator build --build-base /home/addinedu/pinky/build/pinky_simple_navigator/build install --record /home/addinedu/pinky/build/pinky_simple_navigator/install.log --single-version-externally-managed install_data
[3.915s] DEBUG:colcon.colcon_core.event_handler.log_command:Invoking command in '/home/addinedu/pinky/src/pinky_tmproject': DEBUGINFOD_URLS=https://debuginfod.ubuntu.com PYTHONPATH=/home/addinedu/pinky/build/pinky_tmproject/prefix_override:/usr/lib/python3/dist-packages/colcon_core/task/python/colcon_distutils_commands:/home/addinedu/pinky/install/pinky_tmproject/lib/python3.12/site-packages:${PYTHONPATH} /usr/bin/python3 -W ignore:setup.py install is deprecated -W ignore:easy_install command is deprecated setup.py egg_info --egg-base ../../build/pinky_tmproject build --build-base /home/addinedu/pinky/build/pinky_tmproject/build install --record /home/addinedu/pinky/build/pinky_tmproject/install.log --single-version-externally-managed install_data
[4.645s] Level 1:colcon.colcon_core.environment:checking '/home/addinedu/pinky/install/pinky_tmpatrol' for CMake module files
[4.646s] DEBUG:colcon.colcon_core.event_handler.log_command:Invoked command in '/home/addinedu/pinky/src/pinky_tmpatrol' returned '0': DEBUGINFOD_URLS=https://debuginfod.ubuntu.com PYTHONPATH=/home/addinedu/pinky/build/pinky_tmpatrol/prefix_override:/usr/lib/python3/dist-packages/colcon_core/task/python/colcon_distutils_commands:/home/addinedu/pinky/install/pinky_tmpatrol/lib/python3.12/site-packages:${PYTHONPATH} /usr/bin/python3 -W ignore:setup.py install is deprecated -W ignore:easy_install command is deprecated setup.py egg_info --egg-base ../../build/pinky_tmpatrol build --build-base /home/addinedu/pinky/build/pinky_tmpatrol/build install --record /home/addinedu/pinky/build/pinky_tmpatrol/install.log --single-version-externally-managed install_data
[4.646s] Level 1:colcon.colcon_core.environment:checking '/home/addinedu/pinky/install/pinky_tmpatrol' for CMake config files
[4.647s] Level 1:colcon.colcon_core.environment:checking '/home/addinedu/pinky/install/pinky_tmpatrol/lib'
[4.647s] Level 1:colcon.colcon_core.environment:checking '/home/addinedu/pinky/install/pinky_tmpatrol/bin'
[4.648s] Level 1:colcon.colcon_core.environment:checking '/home/addinedu/pinky/install/pinky_tmpatrol/lib/pkgconfig/pinky_tmpatrol.pc'
[4.648s] Level 1:colcon.colcon_core.environment:checking '/home/addinedu/pinky/install/pinky_tmpatrol/lib/python3.12/site-packages'
[4.648s] Level 1:colcon.colcon_core.shell:create_environment_hook('pinky_tmpatrol', 'pythonpath')
[4.648s] INFO:colcon.colcon_core.shell:Creating environment hook '/home/addinedu/pinky/install/pinky_tmpatrol/share/pinky_tmpatrol/hook/pythonpath.ps1'
[4.649s] INFO:colcon.colcon_core.shell:Creating environment descriptor '/home/addinedu/pinky/install/pinky_tmpatrol/share/pinky_tmpatrol/hook/pythonpath.dsv'
[4.650s] INFO:colcon.colcon_core.shell:Creating environment hook '/home/addinedu/pinky/install/pinky_tmpatrol/share/pinky_tmpatrol/hook/pythonpath.sh'
[4.651s] Level 1:colcon.colcon_core.environment:checking '/home/addinedu/pinky/install/pinky_tmpatrol/bin'
[4.651s] Level 1:colcon.colcon_core.environment:create_environment_scripts_only(pinky_tmpatrol)
[4.651s] INFO:colcon.colcon_core.shell:Creating package script '/home/addinedu/pinky/install/pinky_tmpatrol/share/pinky_tmpatrol/package.ps1'
[4.652s] INFO:colcon.colcon_core.shell:Creating package descriptor '/home/addinedu/pinky/install/pinky_tmpatrol/share/pinky_tmpatrol/package.dsv'
[4.652s] INFO:colcon.colcon_core.shell:Creating package script '/home/addinedu/pinky/install/pinky_tmpatrol/share/pinky_tmpatrol/package.sh'
[4.653s] INFO:colcon.colcon_core.shell:Creating package script '/home/addinedu/pinky/install/pinky_tmpatrol/share/pinky_tmpatrol/package.bash'
[4.653s] INFO:colcon.colcon_core.shell:Creating package script '/home/addinedu/pinky/install/pinky_tmpatrol/share/pinky_tmpatrol/package.zsh'
[4.654s] Level 1:colcon.colcon_core.environment:create_file_with_runtime_dependencies(/home/addinedu/pinky/install/pinky_tmpatrol/share/colcon-core/packages/pinky_tmpatrol)
[5.110s] Level 1:colcon.colcon_core.environment:checking '/home/addinedu/pinky/install/pinky_simple_navigator' for CMake module files
[5.111s] DEBUG:colcon.colcon_core.event_handler.log_command:Invoked command in '/home/addinedu/pinky/src/pinky_for_edu/pinky_simple_navigator' returned '0': DEBUGINFOD_URLS=https://debuginfod.ubuntu.com PYTHONPATH=/home/addinedu/pinky/build/pinky_simple_navigator/prefix_override:/usr/lib/python3/dist-packages/colcon_core/task/python/colcon_distutils_commands:/home/addinedu/pinky/install/pinky_simple_navigator/lib/python3.12/site-packages:${PYTHONPATH} /usr/bin/python3 -W ignore:setup.py install is deprecated -W ignore:easy_install command is deprecated setup.py egg_info --egg-base ../../../build/pinky_simple_navigator build --build-base /home/addinedu/pinky/build/pinky_simple_navigator/build install --record /home/addinedu/pinky/build/pinky_simple_navigator/install.log --single-version-externally-managed install_data
[5.111s] Level 1:colcon.colcon_core.environment:checking '/home/addinedu/pinky/install/pinky_simple_navigator' for CMake config files
[5.112s] Level 1:colcon.colcon_core.environment:checking '/home/addinedu/pinky/install/pinky_simple_navigator/lib'
[5.112s] Level 1:colcon.colcon_core.environment:checking '/home/addinedu/pinky/install/pinky_simple_navigator/bin'
[5.112s] Level 1:colcon.colcon_core.environment:checking '/home/addinedu/pinky/install/pinky_simple_navigator/lib/pkgconfig/pinky_simple_navigator.pc'
[5.112s] Level 1:colcon.colcon_core.environment:checking '/home/addinedu/pinky/install/pinky_simple_navigator/lib/python3.12/site-packages'
[5.113s] Level 1:colcon.colcon_core.shell:create_environment_hook('pinky_simple_navigator', 'pythonpath')
[5.113s] INFO:colcon.colcon_core.shell:Creating environment hook '/home/addinedu/pinky/install/pinky_simple_navigator/share/pinky_simple_navigator/hook/pythonpath.ps1'
[5.114s] INFO:colcon.colcon_core.shell:Creating environment descriptor '/home/addinedu/pinky/install/pinky_simple_navigator/share/pinky_simple_navigator/hook/pythonpath.dsv'
[5.115s] INFO:colcon.colcon_core.shell:Creating environment hook '/home/addinedu/pinky/install/pinky_simple_navigator/share/pinky_simple_navigator/hook/pythonpath.sh'
[5.117s] Level 1:colcon.colcon_core.environment:checking '/home/addinedu/pinky/install/pinky_simple_navigator/bin'
[5.118s] Level 1:colcon.colcon_core.environment:create_environment_scripts_only(pinky_simple_navigator)
[5.119s] INFO:colcon.colcon_core.shell:Creating package script '/home/addinedu/pinky/install/pinky_simple_navigator/share/pinky_simple_navigator/package.ps1'
[5.120s] INFO:colcon.colcon_core.shell:Creating package descriptor '/home/addinedu/pinky/install/pinky_simple_navigator/share/pinky_simple_navigator/package.dsv'
[5.121s] INFO:colcon.colcon_core.shell:Creating package script '/home/addinedu/pinky/install/pinky_simple_navigator/share/pinky_simple_navigator/package.sh'
[5.123s] INFO:colcon.colcon_core.shell:Creating package script '/home/addinedu/pinky/install/pinky_simple_navigator/share/pinky_simple_navigator/package.bash'
[5.124s] INFO:colcon.colcon_core.shell:Creating package script '/home/addinedu/pinky/install/pinky_simple_navigator/share/pinky_simple_navigator/package.zsh'
[5.125s] Level 1:colcon.colcon_core.environment:create_file_with_runtime_dependencies(/home/addinedu/pinky/install/pinky_simple_navigator/share/colcon-core/packages/pinky_simple_navigator)
[5.163s] Level 1:colcon.colcon_core.environment:checking '/home/addinedu/pinky/install/pinky_tmproject' for CMake module files
[5.164s] DEBUG:colcon.colcon_core.event_handler.log_command:Invoked command in '/home/addinedu/pinky/src/pinky_tmproject' returned '0': DEBUGINFOD_URLS=https://debuginfod.ubuntu.com PYTHONPATH=/home/addinedu/pinky/build/pinky_tmproject/prefix_override:/usr/lib/python3/dist-packages/colcon_core/task/python/colcon_distutils_commands:/home/addinedu/pinky/install/pinky_tmproject/lib/python3.12/site-packages:${PYTHONPATH} /usr/bin/python3 -W ignore:setup.py install is deprecated -W ignore:easy_install command is deprecated setup.py egg_info --egg-base ../../build/pinky_tmproject build --build-base /home/addinedu/pinky/build/pinky_tmproject/build install --record /home/addinedu/pinky/build/pinky_tmproject/install.log --single-version-externally-managed install_data
[5.164s] Level 1:colcon.colcon_core.environment:checking '/home/addinedu/pinky/install/pinky_tmproject' for CMake config files
[5.165s] Level 1:colcon.colcon_core.environment:checking '/home/addinedu/pinky/install/pinky_tmproject/lib'
[5.165s] Level 1:colcon.colcon_core.environment:checking '/home/addinedu/pinky/install/pinky_tmproject/bin'
[5.165s] Level 1:colcon.colcon_core.environment:checking '/home/addinedu/pinky/install/pinky_tmproject/lib/pkgconfig/pinky_tmproject.pc'
[5.165s] Level 1:colcon.colcon_core.environment:checking '/home/addinedu/pinky/install/pinky_tmproject/lib/python3.12/site-packages'
[5.165s] Level 1:colcon.colcon_core.shell:create_environment_hook('pinky_tmproject', 'pythonpath')
[5.166s] INFO:colcon.colcon_core.shell:Creating environment hook '/home/addinedu/pinky/install/pinky_tmproject/share/pinky_tmproject/hook/pythonpath.ps1'
[5.167s] INFO:colcon.colcon_core.shell:Creating environment descriptor '/home/addinedu/pinky/install/pinky_tmproject/share/pinky_tmproject/hook/pythonpath.dsv'
[5.167s] INFO:colcon.colcon_core.shell:Creating environment hook '/home/addinedu/pinky/install/pinky_tmproject/share/pinky_tmproject/hook/pythonpath.sh'
[5.168s] Level 1:colcon.colcon_core.environment:checking '/home/addinedu/pinky/install/pinky_tmproject/bin'
[5.168s] Level 1:colcon.colcon_core.environment:create_environment_scripts_only(pinky_tmproject)
[5.169s] INFO:colcon.colcon_core.shell:Creating package script '/home/addinedu/pinky/install/pinky_tmproject/share/pinky_tmproject/package.ps1'
[5.170s] INFO:colcon.colcon_core.shell:Creating package descriptor '/home/addinedu/pinky/install/pinky_tmproject/share/pinky_tmproject/package.dsv'
[5.170s] INFO:colcon.colcon_core.shell:Creating package script '/home/addinedu/pinky/install/pinky_tmproject/share/pinky_tmproject/package.sh'
[5.171s] INFO:colcon.colcon_core.shell:Creating package script '/home/addinedu/pinky/install/pinky_tmproject/share/pinky_tmproject/package.bash'
[5.171s] INFO:colcon.colcon_core.shell:Creating package script '/home/addinedu/pinky/install/pinky_tmproject/share/pinky_tmproject/package.zsh'
[5.172s] Level 1:colcon.colcon_core.environment:create_file_with_runtime_dependencies(/home/addinedu/pinky/install/pinky_tmproject/share/colcon-core/packages/pinky_tmproject)
[5.173s] DEBUG:colcon.colcon_parallel_executor.executor.parallel:closing loop
[5.173s] DEBUG:colcon.colcon_parallel_executor.executor.parallel:loop closed
[5.173s] DEBUG:colcon.colcon_parallel_executor.executor.parallel:run_until_complete finished with '0'
[5.173s] DEBUG:colcon.colcon_core.event_reactor:joining thread
[5.217s] INFO:colcon.colcon_core.plugin_system:Skipping extension 'colcon_notification.desktop_notification.terminal_notifier': Not used on non-Darwin systems
[5.217s] INFO:colcon.colcon_core.plugin_system:Skipping extension 'colcon_notification.desktop_notification.win32': Not used on non-Windows systems
[5.217s] INFO:colcon.colcon_notification.desktop_notification:Sending desktop notification using 'notify2'
[5.239s] DEBUG:colcon.colcon_core.event_reactor:joined thread
[5.239s] INFO:colcon.colcon_core.shell:Creating prefix script '/home/addinedu/pinky/install/local_setup.ps1'
[5.240s] INFO:colcon.colcon_core.shell:Creating prefix util module '/home/addinedu/pinky/install/_local_setup_util_ps1.py'
[5.241s] INFO:colcon.colcon_core.shell:Creating prefix chain script '/home/addinedu/pinky/install/setup.ps1'
[5.242s] INFO:colcon.colcon_core.shell:Creating prefix script '/home/addinedu/pinky/install/local_setup.sh'
[5.243s] INFO:colcon.colcon_core.shell:Creating prefix util module '/home/addinedu/pinky/install/_local_setup_util_sh.py'
[5.243s] INFO:colcon.colcon_core.shell:Creating prefix chain script '/home/addinedu/pinky/install/setup.sh'
[5.244s] INFO:colcon.colcon_core.shell:Creating prefix script '/home/addinedu/pinky/install/local_setup.bash'
[5.245s] INFO:colcon.colcon_core.shell:Creating prefix chain script '/home/addinedu/pinky/install/setup.bash'
[5.246s] INFO:colcon.colcon_core.shell:Creating prefix script '/home/addinedu/pinky/install/local_setup.zsh'
[5.246s] INFO:colcon.colcon_core.shell:Creating prefix chain script '/home/addinedu/pinky/install/setup.zsh'
