[2.812s] Invoking command in '/home/addinedu/pinky/src/pinky_tmproject': DEBUGINFOD_URLS=https://debuginfod.ubuntu.com PYTHONPATH=/home/addinedu/pinky/build/pinky_tmproject/prefix_override:/usr/lib/python3/dist-packages/colcon_core/task/python/colcon_distutils_commands:/home/addinedu/pinky/install/pinky_tmproject/lib/python3.12/site-packages:${PYTHONPATH} /usr/bin/python3 -W ignore:setup.py install is deprecated -W ignore:easy_install command is deprecated setup.py egg_info --egg-base ../../build/pinky_tmproject build --build-base /home/addinedu/pinky/build/pinky_tmproject/build install --record /home/addinedu/pinky/build/pinky_tmproject/install.log --single-version-externally-managed install_data
[3.387s] running egg_info
[3.434s] writing ../../build/pinky_tmproject/pinky_tmproject.egg-info/PKG-INFO
[3.434s] writing dependency_links to ../../build/pinky_tmproject/pinky_tmproject.egg-info/dependency_links.txt
[3.435s] writing entry points to ../../build/pinky_tmproject/pinky_tmproject.egg-info/entry_points.txt
[3.435s] writing requirements to ../../build/pinky_tmproject/pinky_tmproject.egg-info/requires.txt
[3.436s] writing top-level names to ../../build/pinky_tmproject/pinky_tmproject.egg-info/top_level.txt
[3.534s] reading manifest file '../../build/pinky_tmproject/pinky_tmproject.egg-info/SOURCES.txt'
[3.536s] writing manifest file '../../build/pinky_tmproject/pinky_tmproject.egg-info/SOURCES.txt'
[3.536s] running build
[3.536s] running build_py
[3.537s] copying pinky_tmproject/tm_navigator.py -> /home/addinedu/pinky/build/pinky_tmproject/build/lib/pinky_tmproject
[3.537s] running install
[3.550s] running install_lib
[3.599s] copying /home/addinedu/pinky/build/pinky_tmproject/build/lib/pinky_tmproject/tm_navigator.py -> /home/addinedu/pinky/install/pinky_tmproject/lib/python3.12/site-packages/pinky_tmproject
[3.600s] byte-compiling /home/addinedu/pinky/install/pinky_tmproject/lib/python3.12/site-packages/pinky_tmproject/tm_navigator.py to tm_navigator.cpython-312.pyc
[3.603s] running install_data
[3.604s] running install_egg_info
[3.651s] removing '/home/addinedu/pinky/install/pinky_tmproject/lib/python3.12/site-packages/pinky_tmproject-0.1.0-py3.12.egg-info' (and everything under it)
[3.652s] Copying ../../build/pinky_tmproject/pinky_tmproject.egg-info to /home/addinedu/pinky/install/pinky_tmproject/lib/python3.12/site-packages/pinky_tmproject-0.1.0-py3.12.egg-info
[3.654s] running install_scripts
[3.930s] Installing tm_centerline_nav script to /home/addinedu/pinky/install/pinky_tmproject/lib/pinky_tmproject
[3.931s] writing list of installed files to '/home/addinedu/pinky/build/pinky_tmproject/install.log'
[4.036s] Invoked command in '/home/addinedu/pinky/src/pinky_tmproject' returned '0': DEBUGINFOD_URLS=https://debuginfod.ubuntu.com PYTHONPATH=/home/addinedu/pinky/build/pinky_tmproject/prefix_override:/usr/lib/python3/dist-packages/colcon_core/task/python/colcon_distutils_commands:/home/addinedu/pinky/install/pinky_tmproject/lib/python3.12/site-packages:${PYTHONPATH} /usr/bin/python3 -W ignore:setup.py install is deprecated -W ignore:easy_install command is deprecated setup.py egg_info --egg-base ../../build/pinky_tmproject build --build-base /home/addinedu/pinky/build/pinky_tmproject/build install --record /home/addinedu/pinky/build/pinky_tmproject/install.log --single-version-externally-managed install_data
