running develop
/usr/lib/python3/dist-packages/setuptools/command/easy_install.py:363: UserWarning: Unbuilt egg for pytest-repeat [unknown version] (/usr/lib/python3/dist-packages)
  self.local_index = Environment(self.shadow_path + sys.path)
Removing /home/addinedu/pinky/install/pinky_simple_navigator/lib/python3.12/site-packages/pinky-simple-navigator.egg-link (link to .)
running egg_info
writing ../../../build/pinky_simple_navigator/pinky_simple_navigator.egg-info/PKG-INFO
writing dependency_links to ../../../build/pinky_simple_navigator/pinky_simple_navigator.egg-info/dependency_links.txt
writing entry points to ../../../build/pinky_simple_navigator/pinky_simple_navigator.egg-info/entry_points.txt
writing requirements to ../../../build/pinky_simple_navigator/pinky_simple_navigator.egg-info/requires.txt
writing top-level names to ../../../build/pinky_simple_navigator/pinky_simple_navigator.egg-info/top_level.txt
reading manifest file '../../../build/pinky_simple_navigator/pinky_simple_navigator.egg-info/SOURCES.txt'
writing manifest file '../../../build/pinky_simple_navigator/pinky_simple_navigator.egg-info/SOURCES.txt'
running build
running build_py
creating /home/addinedu/pinky/build/pinky_simple_navigator/build
creating /home/addinedu/pinky/build/pinky_simple_navigator/build/lib
creating /home/addinedu/pinky/build/pinky_simple_navigator/build/lib/pinky_simple_navigator
copying pinky_simple_navigator/__init__.py -> /home/addinedu/pinky/build/pinky_simple_navigator/build/lib/pinky_simple_navigator
copying pinky_simple_navigator/simple_navigator.py -> /home/addinedu/pinky/build/pinky_simple_navigator/build/lib/pinky_simple_navigator
running install
running install_lib
creating /home/addinedu/pinky/install/pinky_simple_navigator/lib/python3.12/site-packages/pinky_simple_navigator
copying /home/addinedu/pinky/build/pinky_simple_navigator/build/lib/pinky_simple_navigator/__init__.py -> /home/addinedu/pinky/install/pinky_simple_navigator/lib/python3.12/site-packages/pinky_simple_navigator
copying /home/addinedu/pinky/build/pinky_simple_navigator/build/lib/pinky_simple_navigator/simple_navigator.py -> /home/addinedu/pinky/install/pinky_simple_navigator/lib/python3.12/site-packages/pinky_simple_navigator
byte-compiling /home/addinedu/pinky/install/pinky_simple_navigator/lib/python3.12/site-packages/pinky_simple_navigator/__init__.py to __init__.cpython-312.pyc
byte-compiling /home/addinedu/pinky/install/pinky_simple_navigator/lib/python3.12/site-packages/pinky_simple_navigator/simple_navigator.py to simple_navigator.cpython-312.pyc
running install_data
copying resource/pinky_simple_navigator -> /home/addinedu/pinky/install/pinky_simple_navigator/share/ament_index/resource_index/packages
copying package.xml -> /home/addinedu/pinky/install/pinky_simple_navigator/share/pinky_simple_navigator
copying launch/simple_drive.launch.xml -> /home/addinedu/pinky/install/pinky_simple_navigator/share/pinky_simple_navigator/launch
running install_egg_info
Copying ../../../build/pinky_simple_navigator/pinky_simple_navigator.egg-info to /home/addinedu/pinky/install/pinky_simple_navigator/lib/python3.12/site-packages/pinky_simple_navigator-0.0.0-py3.12.egg-info
running install_scripts
Installing simple_navigator script to /home/addinedu/pinky/install/pinky_simple_navigator/lib/pinky_simple_navigator
writing list of installed files to '/home/addinedu/pinky/build/pinky_simple_navigator/install.log'
