[0.124s] DEBUG:colcon:Command line arguments: ['/usr/bin/colcon', 'build']
[0.124s] DEBUG:colcon:Parsed command line arguments: Namespace(log_base=None, log_level=None, verb_name='build', build_base='build', install_base='install', merge_install=False, symlink_install=False, test_result_base=None, continue_on_error=False, executor='parallel', parallel_workers=12, event_handlers=None, ignore_user_meta=False, metas=['./colcon.meta'], base_paths=['.'], packages_ignore=None, packages_ignore_regex=None, paths=None, packages_up_to=None, packages_up_to_regex=None, packages_above=None, packages_above_and_dependencies=None, packages_above_depth=None, packages_select_by_dep=None, packages_skip_by_dep=None, packages_skip_up_to=None, packages_select_build_failed=False, packages_skip_build_finished=False, packages_select_test_failures=False, packages_skip_test_passed=False, packages_select=None, packages_skip=None, packages_select_regex=None, packages_skip_regex=None, packages_start=None, packages_end=None, allow_overriding=[], cmake_args=None, cmake_target=None, cmake_target_skip_unavailable=False, cmake_clean_cache=False, cmake_clean_first=False, cmake_force_configure=False, ament_cmake_args=None, catkin_cmake_args=None, catkin_skip_building_tests=False, mixin_files=None, mixin=None, verb_parser=<colcon_mixin.mixin.mixin_argument.MixinArgumentDecorator object at 0x75baab396cf0>, verb_extension=<colcon_core.verb.build.BuildVerb object at 0x75baab396990>, main=<bound method BuildVerb.main of <colcon_core.verb.build.BuildVerb object at 0x75baab396990>>, mixin_verb=('build',))
[0.169s] Level 1:colcon.colcon_core.package_discovery:discover_packages(colcon_meta) check parameters
[0.169s] Level 1:colcon.colcon_core.package_discovery:discover_packages(recursive) check parameters
[0.169s] Level 1:colcon.colcon_core.package_discovery:discover_packages(ignore) check parameters
[0.169s] Level 1:colcon.colcon_core.package_discovery:discover_packages(path) check parameters
[0.169s] Level 1:colcon.colcon_core.package_discovery:discover_packages(colcon_meta) discover
[0.169s] Level 1:colcon.colcon_core.package_discovery:discover_packages(recursive) discover
[0.169s] INFO:colcon.colcon_core.package_discovery:Crawling recursively for packages in '/home/addinedu/pinky/src'
[0.169s] Level 1:colcon.colcon_core.package_identification:_identify(.) by extensions ['ignore', 'ignore_ament_install']
[0.169s] Level 1:colcon.colcon_core.package_identification:_identify(.) by extension 'ignore'
[0.170s] Level 1:colcon.colcon_core.package_identification:_identify(.) by extension 'ignore_ament_install'
[0.170s] Level 1:colcon.colcon_core.package_identification:_identify(.) by extensions ['colcon_pkg']
[0.170s] Level 1:colcon.colcon_core.package_identification:_identify(.) by extension 'colcon_pkg'
[0.170s] Level 1:colcon.colcon_core.package_identification:_identify(.) by extensions ['colcon_meta']
[0.170s] Level 1:colcon.colcon_core.package_identification:_identify(.) by extension 'colcon_meta'
[0.170s] Level 1:colcon.colcon_core.package_identification:_identify(.) by extensions ['ros']
[0.170s] Level 1:colcon.colcon_core.package_identification:_identify(.) by extension 'ros'
[0.191s] Level 1:colcon.colcon_core.package_identification:_identify(.) by extensions ['cmake', 'python']
[0.191s] Level 1:colcon.colcon_core.package_identification:_identify(.) by extension 'cmake'
[0.191s] Level 1:colcon.colcon_core.package_identification:_identify(.) by extension 'python'
[0.191s] Level 1:colcon.colcon_core.package_identification:_identify(.) by extensions ['python_setup_py']
[0.191s] Level 1:colcon.colcon_core.package_identification:_identify(.) by extension 'python_setup_py'
[0.191s] Level 1:colcon.colcon_core.package_identification:_identify(build) by extensions ['ignore', 'ignore_ament_install']
[0.191s] Level 1:colcon.colcon_core.package_identification:_identify(build) by extension 'ignore'
[0.192s] Level 1:colcon.colcon_core.package_identification:_identify(build) ignored
[0.192s] Level 1:colcon.colcon_core.package_identification:_identify(install) by extensions ['ignore', 'ignore_ament_install']
[0.192s] Level 1:colcon.colcon_core.package_identification:_identify(install) by extension 'ignore'
[0.192s] Level 1:colcon.colcon_core.package_identification:_identify(install) ignored
[0.192s] Level 1:colcon.colcon_core.package_identification:_identify(log) by extensions ['ignore', 'ignore_ament_install']
[0.192s] Level 1:colcon.colcon_core.package_identification:_identify(log) by extension 'ignore'
[0.192s] Level 1:colcon.colcon_core.package_identification:_identify(log) ignored
[0.192s] Level 1:colcon.colcon_core.package_identification:_identify(pinky_for_edu) by extensions ['ignore', 'ignore_ament_install']
[0.192s] Level 1:colcon.colcon_core.package_identification:_identify(pinky_for_edu) by extension 'ignore'
[0.192s] Level 1:colcon.colcon_core.package_identification:_identify(pinky_for_edu) by extension 'ignore_ament_install'
[0.192s] Level 1:colcon.colcon_core.package_identification:_identify(pinky_for_edu) by extensions ['colcon_pkg']
[0.192s] Level 1:colcon.colcon_core.package_identification:_identify(pinky_for_edu) by extension 'colcon_pkg'
[0.192s] Level 1:colcon.colcon_core.package_identification:_identify(pinky_for_edu) by extensions ['colcon_meta']
[0.192s] Level 1:colcon.colcon_core.package_identification:_identify(pinky_for_edu) by extension 'colcon_meta'
[0.192s] Level 1:colcon.colcon_core.package_identification:_identify(pinky_for_edu) by extensions ['ros']
[0.192s] Level 1:colcon.colcon_core.package_identification:_identify(pinky_for_edu) by extension 'ros'
[0.192s] Level 1:colcon.colcon_core.package_identification:_identify(pinky_for_edu) by extensions ['cmake', 'python']
[0.192s] Level 1:colcon.colcon_core.package_identification:_identify(pinky_for_edu) by extension 'cmake'
[0.192s] Level 1:colcon.colcon_core.package_identification:_identify(pinky_for_edu) by extension 'python'
[0.193s] Level 1:colcon.colcon_core.package_identification:_identify(pinky_for_edu) by extensions ['python_setup_py']
[0.193s] Level 1:colcon.colcon_core.package_identification:_identify(pinky_for_edu) by extension 'python_setup_py'
[0.193s] Level 1:colcon.colcon_core.package_identification:_identify(pinky_for_edu/pinky_description) by extensions ['ignore', 'ignore_ament_install']
[0.193s] Level 1:colcon.colcon_core.package_identification:_identify(pinky_for_edu/pinky_description) by extension 'ignore'
[0.193s] Level 1:colcon.colcon_core.package_identification:_identify(pinky_for_edu/pinky_description) by extension 'ignore_ament_install'
[0.193s] Level 1:colcon.colcon_core.package_identification:_identify(pinky_for_edu/pinky_description) by extensions ['colcon_pkg']
[0.193s] Level 1:colcon.colcon_core.package_identification:_identify(pinky_for_edu/pinky_description) by extension 'colcon_pkg'
[0.193s] Level 1:colcon.colcon_core.package_identification:_identify(pinky_for_edu/pinky_description) by extensions ['colcon_meta']
[0.193s] Level 1:colcon.colcon_core.package_identification:_identify(pinky_for_edu/pinky_description) by extension 'colcon_meta'
[0.193s] Level 1:colcon.colcon_core.package_identification:_identify(pinky_for_edu/pinky_description) by extensions ['ros']
[0.193s] Level 1:colcon.colcon_core.package_identification:_identify(pinky_for_edu/pinky_description) by extension 'ros'
[0.195s] DEBUG:colcon.colcon_core.package_identification:Package 'pinky_for_edu/pinky_description' with type 'ros.ament_cmake' and name 'pinky_description'
[0.196s] Level 1:colcon.colcon_core.package_identification:_identify(pinky_for_edu/pinky_gazebo) by extensions ['ignore', 'ignore_ament_install']
[0.196s] Level 1:colcon.colcon_core.package_identification:_identify(pinky_for_edu/pinky_gazebo) by extension 'ignore'
[0.196s] Level 1:colcon.colcon_core.package_identification:_identify(pinky_for_edu/pinky_gazebo) by extension 'ignore_ament_install'
[0.196s] Level 1:colcon.colcon_core.package_identification:_identify(pinky_for_edu/pinky_gazebo) by extensions ['colcon_pkg']
[0.196s] Level 1:colcon.colcon_core.package_identification:_identify(pinky_for_edu/pinky_gazebo) by extension 'colcon_pkg'
[0.196s] Level 1:colcon.colcon_core.package_identification:_identify(pinky_for_edu/pinky_gazebo) by extensions ['colcon_meta']
[0.196s] Level 1:colcon.colcon_core.package_identification:_identify(pinky_for_edu/pinky_gazebo) by extension 'colcon_meta'
[0.196s] Level 1:colcon.colcon_core.package_identification:_identify(pinky_for_edu/pinky_gazebo) by extensions ['ros']
[0.196s] Level 1:colcon.colcon_core.package_identification:_identify(pinky_for_edu/pinky_gazebo) by extension 'ros'
[0.197s] DEBUG:colcon.colcon_core.package_identification:Package 'pinky_for_edu/pinky_gazebo' with type 'ros.ament_cmake' and name 'pinky_gazebo'
[0.197s] Level 1:colcon.colcon_core.package_identification:_identify(pinky_for_edu/pinky_navigation) by extensions ['ignore', 'ignore_ament_install']
[0.197s] Level 1:colcon.colcon_core.package_identification:_identify(pinky_for_edu/pinky_navigation) by extension 'ignore'
[0.197s] Level 1:colcon.colcon_core.package_identification:_identify(pinky_for_edu/pinky_navigation) by extension 'ignore_ament_install'
[0.197s] Level 1:colcon.colcon_core.package_identification:_identify(pinky_for_edu/pinky_navigation) by extensions ['colcon_pkg']
[0.197s] Level 1:colcon.colcon_core.package_identification:_identify(pinky_for_edu/pinky_navigation) by extension 'colcon_pkg'
[0.197s] Level 1:colcon.colcon_core.package_identification:_identify(pinky_for_edu/pinky_navigation) by extensions ['colcon_meta']
[0.197s] Level 1:colcon.colcon_core.package_identification:_identify(pinky_for_edu/pinky_navigation) by extension 'colcon_meta'
[0.197s] Level 1:colcon.colcon_core.package_identification:_identify(pinky_for_edu/pinky_navigation) by extensions ['ros']
[0.197s] Level 1:colcon.colcon_core.package_identification:_identify(pinky_for_edu/pinky_navigation) by extension 'ros'
[0.198s] DEBUG:colcon.colcon_core.package_identification:Package 'pinky_for_edu/pinky_navigation' with type 'ros.ament_cmake' and name 'pinky_navigation'
[0.198s] Level 1:colcon.colcon_core.package_identification:_identify(pinky_for_edu/pinky_simple_navigator) by extensions ['ignore', 'ignore_ament_install']
[0.198s] Level 1:colcon.colcon_core.package_identification:_identify(pinky_for_edu/pinky_simple_navigator) by extension 'ignore'
[0.198s] Level 1:colcon.colcon_core.package_identification:_identify(pinky_for_edu/pinky_simple_navigator) by extension 'ignore_ament_install'
[0.198s] Level 1:colcon.colcon_core.package_identification:_identify(pinky_for_edu/pinky_simple_navigator) by extensions ['colcon_pkg']
[0.198s] Level 1:colcon.colcon_core.package_identification:_identify(pinky_for_edu/pinky_simple_navigator) by extension 'colcon_pkg'
[0.198s] Level 1:colcon.colcon_core.package_identification:_identify(pinky_for_edu/pinky_simple_navigator) by extensions ['colcon_meta']
[0.198s] Level 1:colcon.colcon_core.package_identification:_identify(pinky_for_edu/pinky_simple_navigator) by extension 'colcon_meta'
[0.198s] Level 1:colcon.colcon_core.package_identification:_identify(pinky_for_edu/pinky_simple_navigator) by extensions ['ros']
[0.198s] Level 1:colcon.colcon_core.package_identification:_identify(pinky_for_edu/pinky_simple_navigator) by extension 'ros'
[0.199s] DEBUG:colcon.colcon_core.package_identification:Package 'pinky_for_edu/pinky_simple_navigator' with type 'ros.ament_python' and name 'pinky_simple_navigator'
[0.199s] Level 1:colcon.colcon_core.package_discovery:discover_packages(recursive) using defaults
[0.199s] Level 1:colcon.colcon_core.package_discovery:discover_packages(ignore) discover
[0.199s] Level 1:colcon.colcon_core.package_discovery:discover_packages(ignore) using defaults
[0.199s] Level 1:colcon.colcon_core.package_discovery:discover_packages(path) discover
[0.199s] Level 1:colcon.colcon_core.package_discovery:discover_packages(path) using defaults
[0.217s] Level 1:colcon.colcon_core.package_discovery:discover_packages(prefix_path) check parameters
[0.217s] Level 1:colcon.colcon_core.package_discovery:discover_packages(prefix_path) discover
[0.219s] DEBUG:colcon.colcon_installed_package_information.package_discovery:Found 4 installed packages in /home/addinedu/dev_ws/ros/install
[0.220s] DEBUG:colcon.colcon_installed_package_information.package_discovery:Found 352 installed packages in /opt/ros/jazzy
[0.221s] Level 1:colcon.colcon_core.package_discovery:discover_packages(prefix_path) using defaults
[0.263s] Level 5:colcon.colcon_core.verb:set package 'pinky_description' build argument 'cmake_args' from command line to 'None'
[0.263s] Level 5:colcon.colcon_core.verb:set package 'pinky_description' build argument 'cmake_target' from command line to 'None'
[0.263s] Level 5:colcon.colcon_core.verb:set package 'pinky_description' build argument 'cmake_target_skip_unavailable' from command line to 'False'
[0.263s] Level 5:colcon.colcon_core.verb:set package 'pinky_description' build argument 'cmake_clean_cache' from command line to 'False'
[0.263s] Level 5:colcon.colcon_core.verb:set package 'pinky_description' build argument 'cmake_clean_first' from command line to 'False'
[0.263s] Level 5:colcon.colcon_core.verb:set package 'pinky_description' build argument 'cmake_force_configure' from command line to 'False'
[0.263s] Level 5:colcon.colcon_core.verb:set package 'pinky_description' build argument 'ament_cmake_args' from command line to 'None'
[0.263s] Level 5:colcon.colcon_core.verb:set package 'pinky_description' build argument 'catkin_cmake_args' from command line to 'None'
[0.263s] Level 5:colcon.colcon_core.verb:set package 'pinky_description' build argument 'catkin_skip_building_tests' from command line to 'False'
[0.263s] DEBUG:colcon.colcon_core.verb:Building package 'pinky_description' with the following arguments: {'ament_cmake_args': None, 'build_base': '/home/addinedu/pinky/src/build/pinky_description', 'catkin_cmake_args': None, 'catkin_skip_building_tests': False, 'cmake_args': None, 'cmake_clean_cache': False, 'cmake_clean_first': False, 'cmake_force_configure': False, 'cmake_target': None, 'cmake_target_skip_unavailable': False, 'install_base': '/home/addinedu/pinky/src/install/pinky_description', 'merge_install': False, 'path': '/home/addinedu/pinky/src/pinky_for_edu/pinky_description', 'symlink_install': False, 'test_result_base': None}
[0.264s] Level 5:colcon.colcon_core.verb:set package 'pinky_navigation' build argument 'cmake_args' from command line to 'None'
[0.264s] Level 5:colcon.colcon_core.verb:set package 'pinky_navigation' build argument 'cmake_target' from command line to 'None'
[0.264s] Level 5:colcon.colcon_core.verb:set package 'pinky_navigation' build argument 'cmake_target_skip_unavailable' from command line to 'False'
[0.264s] Level 5:colcon.colcon_core.verb:set package 'pinky_navigation' build argument 'cmake_clean_cache' from command line to 'False'
[0.264s] Level 5:colcon.colcon_core.verb:set package 'pinky_navigation' build argument 'cmake_clean_first' from command line to 'False'
[0.264s] Level 5:colcon.colcon_core.verb:set package 'pinky_navigation' build argument 'cmake_force_configure' from command line to 'False'
[0.264s] Level 5:colcon.colcon_core.verb:set package 'pinky_navigation' build argument 'ament_cmake_args' from command line to 'None'
[0.264s] Level 5:colcon.colcon_core.verb:set package 'pinky_navigation' build argument 'catkin_cmake_args' from command line to 'None'
[0.264s] Level 5:colcon.colcon_core.verb:set package 'pinky_navigation' build argument 'catkin_skip_building_tests' from command line to 'False'
[0.264s] DEBUG:colcon.colcon_core.verb:Building package 'pinky_navigation' with the following arguments: {'ament_cmake_args': None, 'build_base': '/home/addinedu/pinky/src/build/pinky_navigation', 'catkin_cmake_args': None, 'catkin_skip_building_tests': False, 'cmake_args': None, 'cmake_clean_cache': False, 'cmake_clean_first': False, 'cmake_force_configure': False, 'cmake_target': None, 'cmake_target_skip_unavailable': False, 'install_base': '/home/addinedu/pinky/src/install/pinky_navigation', 'merge_install': False, 'path': '/home/addinedu/pinky/src/pinky_for_edu/pinky_navigation', 'symlink_install': False, 'test_result_base': None}
[0.264s] Level 5:colcon.colcon_core.verb:set package 'pinky_simple_navigator' build argument 'cmake_args' from command line to 'None'
[0.264s] Level 5:colcon.colcon_core.verb:set package 'pinky_simple_navigator' build argument 'cmake_target' from command line to 'None'
[0.264s] Level 5:colcon.colcon_core.verb:set package 'pinky_simple_navigator' build argument 'cmake_target_skip_unavailable' from command line to 'False'
[0.264s] Level 5:colcon.colcon_core.verb:set package 'pinky_simple_navigator' build argument 'cmake_clean_cache' from command line to 'False'
[0.264s] Level 5:colcon.colcon_core.verb:set package 'pinky_simple_navigator' build argument 'cmake_clean_first' from command line to 'False'
[0.264s] Level 5:colcon.colcon_core.verb:set package 'pinky_simple_navigator' build argument 'cmake_force_configure' from command line to 'False'
[0.264s] Level 5:colcon.colcon_core.verb:set package 'pinky_simple_navigator' build argument 'ament_cmake_args' from command line to 'None'
[0.264s] Level 5:colcon.colcon_core.verb:set package 'pinky_simple_navigator' build argument 'catkin_cmake_args' from command line to 'None'
[0.264s] Level 5:colcon.colcon_core.verb:set package 'pinky_simple_navigator' build argument 'catkin_skip_building_tests' from command line to 'False'
[0.264s] DEBUG:colcon.colcon_core.verb:Building package 'pinky_simple_navigator' with the following arguments: {'ament_cmake_args': None, 'build_base': '/home/addinedu/pinky/src/build/pinky_simple_navigator', 'catkin_cmake_args': None, 'catkin_skip_building_tests': False, 'cmake_args': None, 'cmake_clean_cache': False, 'cmake_clean_first': False, 'cmake_force_configure': False, 'cmake_target': None, 'cmake_target_skip_unavailable': False, 'install_base': '/home/addinedu/pinky/src/install/pinky_simple_navigator', 'merge_install': False, 'path': '/home/addinedu/pinky/src/pinky_for_edu/pinky_simple_navigator', 'symlink_install': False, 'test_result_base': None}
[0.264s] Level 5:colcon.colcon_core.verb:set package 'pinky_gazebo' build argument 'cmake_args' from command line to 'None'
[0.264s] Level 5:colcon.colcon_core.verb:set package 'pinky_gazebo' build argument 'cmake_target' from command line to 'None'
[0.264s] Level 5:colcon.colcon_core.verb:set package 'pinky_gazebo' build argument 'cmake_target_skip_unavailable' from command line to 'False'
[0.264s] Level 5:colcon.colcon_core.verb:set package 'pinky_gazebo' build argument 'cmake_clean_cache' from command line to 'False'
[0.264s] Level 5:colcon.colcon_core.verb:set package 'pinky_gazebo' build argument 'cmake_clean_first' from command line to 'False'
[0.264s] Level 5:colcon.colcon_core.verb:set package 'pinky_gazebo' build argument 'cmake_force_configure' from command line to 'False'
[0.264s] Level 5:colcon.colcon_core.verb:set package 'pinky_gazebo' build argument 'ament_cmake_args' from command line to 'None'
[0.264s] Level 5:colcon.colcon_core.verb:set package 'pinky_gazebo' build argument 'catkin_cmake_args' from command line to 'None'
[0.264s] Level 5:colcon.colcon_core.verb:set package 'pinky_gazebo' build argument 'catkin_skip_building_tests' from command line to 'False'
[0.264s] DEBUG:colcon.colcon_core.verb:Building package 'pinky_gazebo' with the following arguments: {'ament_cmake_args': None, 'build_base': '/home/addinedu/pinky/src/build/pinky_gazebo', 'catkin_cmake_args': None, 'catkin_skip_building_tests': False, 'cmake_args': None, 'cmake_clean_cache': False, 'cmake_clean_first': False, 'cmake_force_configure': False, 'cmake_target': None, 'cmake_target_skip_unavailable': False, 'install_base': '/home/addinedu/pinky/src/install/pinky_gazebo', 'merge_install': False, 'path': '/home/addinedu/pinky/src/pinky_for_edu/pinky_gazebo', 'symlink_install': False, 'test_result_base': None}
[0.264s] INFO:colcon.colcon_core.executor:Executing jobs using 'parallel' executor
[0.265s] DEBUG:colcon.colcon_parallel_executor.executor.parallel:run_until_complete
[0.265s] INFO:colcon.colcon_ros.task.ament_cmake.build:Building ROS package in '/home/addinedu/pinky/src/pinky_for_edu/pinky_description' with build type 'ament_cmake'
[0.265s] INFO:colcon.colcon_cmake.task.cmake.build:Building CMake package in '/home/addinedu/pinky/src/pinky_for_edu/pinky_description'
[0.269s] INFO:colcon.colcon_core.plugin_system:Skipping extension 'colcon_core.shell.bat': Not used on non-Windows systems
[0.270s] INFO:colcon.colcon_core.shell:Skip shell extension 'powershell' for command environment: Not usable outside of PowerShell
[0.270s] DEBUG:colcon.colcon_core.shell:Skip shell extension 'dsv' for command environment
[0.273s] INFO:colcon.colcon_ros.task.ament_cmake.build:Building ROS package in '/home/addinedu/pinky/src/pinky_for_edu/pinky_navigation' with build type 'ament_cmake'
[0.273s] INFO:colcon.colcon_cmake.task.cmake.build:Building CMake package in '/home/addinedu/pinky/src/pinky_for_edu/pinky_navigation'
[0.273s] INFO:colcon.colcon_core.shell:Skip shell extension 'powershell' for command environment: Not usable outside of PowerShell
[0.273s] DEBUG:colcon.colcon_core.shell:Skip shell extension 'dsv' for command environment
[0.276s] INFO:colcon.colcon_ros.task.ament_python.build:Building ROS package in '/home/addinedu/pinky/src/pinky_for_edu/pinky_simple_navigator' with build type 'ament_python'
[0.276s] Level 1:colcon.colcon_core.shell:create_environment_hook('pinky_simple_navigator', 'ament_prefix_path')
[0.276s] INFO:colcon.colcon_core.shell:Creating environment hook '/home/addinedu/pinky/src/install/pinky_simple_navigator/share/pinky_simple_navigator/hook/ament_prefix_path.ps1'
[0.277s] INFO:colcon.colcon_core.shell:Creating environment descriptor '/home/addinedu/pinky/src/install/pinky_simple_navigator/share/pinky_simple_navigator/hook/ament_prefix_path.dsv'
[0.277s] INFO:colcon.colcon_core.shell:Creating environment hook '/home/addinedu/pinky/src/install/pinky_simple_navigator/share/pinky_simple_navigator/hook/ament_prefix_path.sh'
[0.278s] INFO:colcon.colcon_core.shell:Skip shell extension 'powershell' for command environment: Not usable outside of PowerShell
[0.278s] DEBUG:colcon.colcon_core.shell:Skip shell extension 'dsv' for command environment
[0.283s] DEBUG:colcon.colcon_core.event_handler.log_command:Invoking command in '/home/addinedu/pinky/src/build/pinky_description': CMAKE_PREFIX_PATH=${CMAKE_PREFIX_PATH}:/home/addinedu/dev_ws/ros/install/my_tf:/home/addinedu/dev_ws/ros/install/my_first_package:/home/addinedu/dev_ws/ros/install/controller_tutorials:/opt/ros/jazzy DEBUGINFOD_URLS=https://debuginfod.ubuntu.com /usr/bin/cmake /home/addinedu/pinky/src/pinky_for_edu/pinky_description -DCMAKE_INSTALL_PREFIX=/home/addinedu/pinky/src/install/pinky_description
[0.286s] DEBUG:colcon.colcon_core.event_handler.log_command:Invoking command in '/home/addinedu/pinky/src/build/pinky_navigation': CMAKE_PREFIX_PATH=${CMAKE_PREFIX_PATH}:/home/addinedu/dev_ws/ros/install/my_tf:/home/addinedu/dev_ws/ros/install/my_first_package:/home/addinedu/dev_ws/ros/install/controller_tutorials:/opt/ros/jazzy DEBUGINFOD_URLS=https://debuginfod.ubuntu.com /usr/bin/cmake /home/addinedu/pinky/src/pinky_for_edu/pinky_navigation -DCMAKE_INSTALL_PREFIX=/home/addinedu/pinky/src/install/pinky_navigation
[0.489s] INFO:colcon.colcon_core.task.python.build:Building Python package in '/home/addinedu/pinky/src/pinky_for_edu/pinky_simple_navigator'
[0.489s] INFO:colcon.colcon_core.shell:Skip shell extension 'powershell' for command environment: Not usable outside of PowerShell
[0.489s] DEBUG:colcon.colcon_core.shell:Skip shell extension 'dsv' for command environment
[1.055s] DEBUG:colcon.colcon_core.event_handler.log_command:Invoked command in '/home/addinedu/pinky/src/build/pinky_navigation' returned '0': CMAKE_PREFIX_PATH=${CMAKE_PREFIX_PATH}:/home/addinedu/dev_ws/ros/install/my_tf:/home/addinedu/dev_ws/ros/install/my_first_package:/home/addinedu/dev_ws/ros/install/controller_tutorials:/opt/ros/jazzy DEBUGINFOD_URLS=https://debuginfod.ubuntu.com /usr/bin/cmake /home/addinedu/pinky/src/pinky_for_edu/pinky_navigation -DCMAKE_INSTALL_PREFIX=/home/addinedu/pinky/src/install/pinky_navigation
[1.056s] DEBUG:colcon.colcon_core.event_handler.log_command:Invoking command in '/home/addinedu/pinky/src/build/pinky_navigation': CMAKE_PREFIX_PATH=${CMAKE_PREFIX_PATH}:/home/addinedu/dev_ws/ros/install/my_tf:/home/addinedu/dev_ws/ros/install/my_first_package:/home/addinedu/dev_ws/ros/install/controller_tutorials:/opt/ros/jazzy DEBUGINFOD_URLS=https://debuginfod.ubuntu.com /usr/bin/cmake --build /home/addinedu/pinky/src/build/pinky_navigation -- -j12 -l12
[1.056s] DEBUG:colcon.colcon_core.event_handler.log_command:Invoked command in '/home/addinedu/pinky/src/build/pinky_description' returned '0': CMAKE_PREFIX_PATH=${CMAKE_PREFIX_PATH}:/home/addinedu/dev_ws/ros/install/my_tf:/home/addinedu/dev_ws/ros/install/my_first_package:/home/addinedu/dev_ws/ros/install/controller_tutorials:/opt/ros/jazzy DEBUGINFOD_URLS=https://debuginfod.ubuntu.com /usr/bin/cmake /home/addinedu/pinky/src/pinky_for_edu/pinky_description -DCMAKE_INSTALL_PREFIX=/home/addinedu/pinky/src/install/pinky_description
[1.057s] DEBUG:colcon.colcon_core.event_handler.log_command:Invoking command in '/home/addinedu/pinky/src/build/pinky_description': CMAKE_PREFIX_PATH=${CMAKE_PREFIX_PATH}:/home/addinedu/dev_ws/ros/install/my_tf:/home/addinedu/dev_ws/ros/install/my_first_package:/home/addinedu/dev_ws/ros/install/controller_tutorials:/opt/ros/jazzy DEBUGINFOD_URLS=https://debuginfod.ubuntu.com /usr/bin/cmake --build /home/addinedu/pinky/src/build/pinky_description -- -j12 -l12
[1.086s] DEBUG:colcon.colcon_core.event_handler.log_command:Invoked command in '/home/addinedu/pinky/src/build/pinky_description' returned '0': CMAKE_PREFIX_PATH=${CMAKE_PREFIX_PATH}:/home/addinedu/dev_ws/ros/install/my_tf:/home/addinedu/dev_ws/ros/install/my_first_package:/home/addinedu/dev_ws/ros/install/controller_tutorials:/opt/ros/jazzy DEBUGINFOD_URLS=https://debuginfod.ubuntu.com /usr/bin/cmake --build /home/addinedu/pinky/src/build/pinky_description -- -j12 -l12
[1.094s] DEBUG:colcon.colcon_core.event_handler.log_command:Invoking command in '/home/addinedu/pinky/src/build/pinky_description': CMAKE_PREFIX_PATH=${CMAKE_PREFIX_PATH}:/home/addinedu/dev_ws/ros/install/my_tf:/home/addinedu/dev_ws/ros/install/my_first_package:/home/addinedu/dev_ws/ros/install/controller_tutorials:/opt/ros/jazzy DEBUGINFOD_URLS=https://debuginfod.ubuntu.com /usr/bin/cmake --install /home/addinedu/pinky/src/build/pinky_description
[1.095s] DEBUG:colcon.colcon_core.event_handler.log_command:Invoked command in '/home/addinedu/pinky/src/build/pinky_navigation' returned '0': CMAKE_PREFIX_PATH=${CMAKE_PREFIX_PATH}:/home/addinedu/dev_ws/ros/install/my_tf:/home/addinedu/dev_ws/ros/install/my_first_package:/home/addinedu/dev_ws/ros/install/controller_tutorials:/opt/ros/jazzy DEBUGINFOD_URLS=https://debuginfod.ubuntu.com /usr/bin/cmake --build /home/addinedu/pinky/src/build/pinky_navigation -- -j12 -l12
[1.095s] DEBUG:colcon.colcon_core.event_handler.log_command:Invoking command in '/home/addinedu/pinky/src/build/pinky_navigation': CMAKE_PREFIX_PATH=${CMAKE_PREFIX_PATH}:/home/addinedu/dev_ws/ros/install/my_tf:/home/addinedu/dev_ws/ros/install/my_first_package:/home/addinedu/dev_ws/ros/install/controller_tutorials:/opt/ros/jazzy DEBUGINFOD_URLS=https://debuginfod.ubuntu.com /usr/bin/cmake --install /home/addinedu/pinky/src/build/pinky_navigation
[1.106s] Level 1:colcon.colcon_core.environment:create_environment_scripts_only(pinky_navigation)
[1.107s] DEBUG:colcon.colcon_core.event_handler.log_command:Invoked command in '/home/addinedu/pinky/src/build/pinky_navigation' returned '0': CMAKE_PREFIX_PATH=${CMAKE_PREFIX_PATH}:/home/addinedu/dev_ws/ros/install/my_tf:/home/addinedu/dev_ws/ros/install/my_first_package:/home/addinedu/dev_ws/ros/install/controller_tutorials:/opt/ros/jazzy DEBUGINFOD_URLS=https://debuginfod.ubuntu.com /usr/bin/cmake --install /home/addinedu/pinky/src/build/pinky_navigation
[1.113s] Level 1:colcon.colcon_core.environment:checking '/home/addinedu/pinky/src/install/pinky_navigation' for CMake module files
[1.113s] Level 1:colcon.colcon_core.environment:checking '/home/addinedu/pinky/src/install/pinky_navigation' for CMake config files
[1.113s] Level 1:colcon.colcon_core.shell:create_environment_hook('pinky_navigation', 'cmake_prefix_path')
[1.114s] INFO:colcon.colcon_core.shell:Creating environment hook '/home/addinedu/pinky/src/install/pinky_navigation/share/pinky_navigation/hook/cmake_prefix_path.ps1'
[1.114s] INFO:colcon.colcon_core.shell:Creating environment descriptor '/home/addinedu/pinky/src/install/pinky_navigation/share/pinky_navigation/hook/cmake_prefix_path.dsv'
[1.114s] INFO:colcon.colcon_core.shell:Creating environment hook '/home/addinedu/pinky/src/install/pinky_navigation/share/pinky_navigation/hook/cmake_prefix_path.sh'
[1.115s] Level 1:colcon.colcon_core.environment:checking '/home/addinedu/pinky/src/install/pinky_navigation/bin'
[1.115s] Level 1:colcon.colcon_core.environment:checking '/home/addinedu/pinky/src/install/pinky_navigation/lib/pkgconfig/pinky_navigation.pc'
[1.116s] Level 1:colcon.colcon_core.environment:checking '/home/addinedu/pinky/src/install/pinky_navigation/lib/python3.12/site-packages'
[1.116s] Level 1:colcon.colcon_core.environment:checking '/home/addinedu/pinky/src/install/pinky_navigation/bin'
[1.116s] INFO:colcon.colcon_core.shell:Creating package script '/home/addinedu/pinky/src/install/pinky_navigation/share/pinky_navigation/package.ps1'
[1.117s] INFO:colcon.colcon_core.shell:Creating package descriptor '/home/addinedu/pinky/src/install/pinky_navigation/share/pinky_navigation/package.dsv'
[1.117s] INFO:colcon.colcon_core.shell:Creating package script '/home/addinedu/pinky/src/install/pinky_navigation/share/pinky_navigation/package.sh'
[1.118s] INFO:colcon.colcon_core.shell:Creating package script '/home/addinedu/pinky/src/install/pinky_navigation/share/pinky_navigation/package.bash'
[1.119s] INFO:colcon.colcon_core.shell:Creating package script '/home/addinedu/pinky/src/install/pinky_navigation/share/pinky_navigation/package.zsh'
[1.120s] Level 1:colcon.colcon_core.environment:create_file_with_runtime_dependencies(/home/addinedu/pinky/src/install/pinky_navigation/share/colcon-core/packages/pinky_navigation)
[1.120s] Level 1:colcon.colcon_core.environment:create_environment_scripts_only(pinky_navigation)
[1.120s] Level 1:colcon.colcon_core.environment:checking '/home/addinedu/pinky/src/install/pinky_navigation' for CMake module files
[1.121s] Level 1:colcon.colcon_core.environment:checking '/home/addinedu/pinky/src/install/pinky_navigation' for CMake config files
[1.121s] Level 1:colcon.colcon_core.shell:create_environment_hook('pinky_navigation', 'cmake_prefix_path')
[1.121s] INFO:colcon.colcon_core.shell:Creating environment hook '/home/addinedu/pinky/src/install/pinky_navigation/share/pinky_navigation/hook/cmake_prefix_path.ps1'
[1.121s] INFO:colcon.colcon_core.shell:Creating environment descriptor '/home/addinedu/pinky/src/install/pinky_navigation/share/pinky_navigation/hook/cmake_prefix_path.dsv'
[1.121s] INFO:colcon.colcon_core.shell:Creating environment hook '/home/addinedu/pinky/src/install/pinky_navigation/share/pinky_navigation/hook/cmake_prefix_path.sh'
[1.122s] Level 1:colcon.colcon_core.environment:checking '/home/addinedu/pinky/src/install/pinky_navigation/bin'
[1.122s] Level 1:colcon.colcon_core.environment:checking '/home/addinedu/pinky/src/install/pinky_navigation/lib/pkgconfig/pinky_navigation.pc'
[1.122s] Level 1:colcon.colcon_core.environment:checking '/home/addinedu/pinky/src/install/pinky_navigation/lib/python3.12/site-packages'
[1.122s] Level 1:colcon.colcon_core.environment:checking '/home/addinedu/pinky/src/install/pinky_navigation/bin'
[1.123s] INFO:colcon.colcon_core.shell:Creating package script '/home/addinedu/pinky/src/install/pinky_navigation/share/pinky_navigation/package.ps1'
[1.123s] INFO:colcon.colcon_core.shell:Creating package descriptor '/home/addinedu/pinky/src/install/pinky_navigation/share/pinky_navigation/package.dsv'
[1.123s] INFO:colcon.colcon_core.shell:Creating package script '/home/addinedu/pinky/src/install/pinky_navigation/share/pinky_navigation/package.sh'
[1.124s] INFO:colcon.colcon_core.shell:Creating package script '/home/addinedu/pinky/src/install/pinky_navigation/share/pinky_navigation/package.bash'
[1.124s] INFO:colcon.colcon_core.shell:Creating package script '/home/addinedu/pinky/src/install/pinky_navigation/share/pinky_navigation/package.zsh'
[1.124s] Level 1:colcon.colcon_core.environment:create_file_with_runtime_dependencies(/home/addinedu/pinky/src/install/pinky_navigation/share/colcon-core/packages/pinky_navigation)
[1.132s] Level 1:colcon.colcon_core.environment:create_environment_scripts_only(pinky_description)
[1.132s] Level 1:colcon.colcon_core.environment:checking '/home/addinedu/pinky/src/install/pinky_description' for CMake module files
[1.132s] DEBUG:colcon.colcon_core.event_handler.log_command:Invoked command in '/home/addinedu/pinky/src/build/pinky_description' returned '0': CMAKE_PREFIX_PATH=${CMAKE_PREFIX_PATH}:/home/addinedu/dev_ws/ros/install/my_tf:/home/addinedu/dev_ws/ros/install/my_first_package:/home/addinedu/dev_ws/ros/install/controller_tutorials:/opt/ros/jazzy DEBUGINFOD_URLS=https://debuginfod.ubuntu.com /usr/bin/cmake --install /home/addinedu/pinky/src/build/pinky_description
[1.133s] Level 1:colcon.colcon_core.environment:checking '/home/addinedu/pinky/src/install/pinky_description' for CMake config files
[1.133s] Level 1:colcon.colcon_core.shell:create_environment_hook('pinky_description', 'cmake_prefix_path')
[1.133s] INFO:colcon.colcon_core.shell:Creating environment hook '/home/addinedu/pinky/src/install/pinky_description/share/pinky_description/hook/cmake_prefix_path.ps1'
[1.133s] INFO:colcon.colcon_core.shell:Creating environment descriptor '/home/addinedu/pinky/src/install/pinky_description/share/pinky_description/hook/cmake_prefix_path.dsv'
[1.134s] INFO:colcon.colcon_core.shell:Creating environment hook '/home/addinedu/pinky/src/install/pinky_description/share/pinky_description/hook/cmake_prefix_path.sh'
[1.134s] Level 1:colcon.colcon_core.environment:checking '/home/addinedu/pinky/src/install/pinky_description/bin'
[1.134s] Level 1:colcon.colcon_core.environment:checking '/home/addinedu/pinky/src/install/pinky_description/lib/pkgconfig/pinky_description.pc'
[1.134s] Level 1:colcon.colcon_core.environment:checking '/home/addinedu/pinky/src/install/pinky_description/lib/python3.12/site-packages'
[1.135s] Level 1:colcon.colcon_core.environment:checking '/home/addinedu/pinky/src/install/pinky_description/bin'
[1.135s] INFO:colcon.colcon_core.shell:Creating package script '/home/addinedu/pinky/src/install/pinky_description/share/pinky_description/package.ps1'
[1.135s] INFO:colcon.colcon_core.shell:Creating package descriptor '/home/addinedu/pinky/src/install/pinky_description/share/pinky_description/package.dsv'
[1.135s] INFO:colcon.colcon_core.shell:Creating package script '/home/addinedu/pinky/src/install/pinky_description/share/pinky_description/package.sh'
[1.136s] INFO:colcon.colcon_core.shell:Creating package script '/home/addinedu/pinky/src/install/pinky_description/share/pinky_description/package.bash'
[1.136s] INFO:colcon.colcon_core.shell:Creating package script '/home/addinedu/pinky/src/install/pinky_description/share/pinky_description/package.zsh'
[1.136s] Level 1:colcon.colcon_core.environment:create_file_with_runtime_dependencies(/home/addinedu/pinky/src/install/pinky_description/share/colcon-core/packages/pinky_description)
[1.136s] Level 1:colcon.colcon_core.environment:create_environment_scripts_only(pinky_description)
[1.137s] Level 1:colcon.colcon_core.environment:checking '/home/addinedu/pinky/src/install/pinky_description' for CMake module files
[1.137s] Level 1:colcon.colcon_core.environment:checking '/home/addinedu/pinky/src/install/pinky_description' for CMake config files
[1.137s] Level 1:colcon.colcon_core.shell:create_environment_hook('pinky_description', 'cmake_prefix_path')
[1.137s] INFO:colcon.colcon_core.shell:Creating environment hook '/home/addinedu/pinky/src/install/pinky_description/share/pinky_description/hook/cmake_prefix_path.ps1'
[1.138s] INFO:colcon.colcon_core.shell:Creating environment descriptor '/home/addinedu/pinky/src/install/pinky_description/share/pinky_description/hook/cmake_prefix_path.dsv'
[1.138s] INFO:colcon.colcon_core.shell:Creating environment hook '/home/addinedu/pinky/src/install/pinky_description/share/pinky_description/hook/cmake_prefix_path.sh'
[1.138s] Level 1:colcon.colcon_core.environment:checking '/home/addinedu/pinky/src/install/pinky_description/bin'
[1.138s] Level 1:colcon.colcon_core.environment:checking '/home/addinedu/pinky/src/install/pinky_description/lib/pkgconfig/pinky_description.pc'
[1.138s] Level 1:colcon.colcon_core.environment:checking '/home/addinedu/pinky/src/install/pinky_description/lib/python3.12/site-packages'
[1.139s] Level 1:colcon.colcon_core.environment:checking '/home/addinedu/pinky/src/install/pinky_description/bin'
[1.139s] INFO:colcon.colcon_core.shell:Creating package script '/home/addinedu/pinky/src/install/pinky_description/share/pinky_description/package.ps1'
[1.139s] INFO:colcon.colcon_core.shell:Creating package descriptor '/home/addinedu/pinky/src/install/pinky_description/share/pinky_description/package.dsv'
[1.140s] INFO:colcon.colcon_core.shell:Creating package script '/home/addinedu/pinky/src/install/pinky_description/share/pinky_description/package.sh'
[1.140s] INFO:colcon.colcon_core.shell:Creating package script '/home/addinedu/pinky/src/install/pinky_description/share/pinky_description/package.bash'
[1.140s] INFO:colcon.colcon_core.shell:Creating package script '/home/addinedu/pinky/src/install/pinky_description/share/pinky_description/package.zsh'
[1.141s] Level 1:colcon.colcon_core.environment:create_file_with_runtime_dependencies(/home/addinedu/pinky/src/install/pinky_description/share/colcon-core/packages/pinky_description)
[1.141s] INFO:colcon.colcon_ros.task.ament_cmake.build:Building ROS package in '/home/addinedu/pinky/src/pinky_for_edu/pinky_gazebo' with build type 'ament_cmake'
[1.141s] INFO:colcon.colcon_cmake.task.cmake.build:Building CMake package in '/home/addinedu/pinky/src/pinky_for_edu/pinky_gazebo'
[1.141s] INFO:colcon.colcon_core.shell:Skip shell extension 'powershell' for command environment: Not usable outside of PowerShell
[1.141s] DEBUG:colcon.colcon_core.shell:Skip shell extension 'dsv' for command environment
[1.148s] DEBUG:colcon.colcon_core.event_handler.log_command:Invoking command in '/home/addinedu/pinky/src/build/pinky_gazebo': AMENT_PREFIX_PATH=/home/addinedu/pinky/src/install/pinky_description:${AMENT_PREFIX_PATH} CMAKE_PREFIX_PATH=/home/addinedu/pinky/src/install/pinky_description:/home/addinedu/dev_ws/ros/install/my_first_package_msgs:/opt/ros/jazzy/opt/gz_sim_vendor:/opt/ros/jazzy/opt/gz_sensors_vendor:/opt/ros/jazzy/opt/gz_physics_vendor:/opt/ros/jazzy/opt/sdformat_vendor:/opt/ros/jazzy/opt/gz_gui_vendor:/opt/ros/jazzy/opt/gz_transport_vendor:/opt/ros/jazzy/opt/gz_rendering_vendor:/opt/ros/jazzy/opt/gz_plugin_vendor:/opt/ros/jazzy/opt/gz_fuel_tools_vendor:/opt/ros/jazzy/opt/gz_msgs_vendor:/opt/ros/jazzy/opt/gz_common_vendor:/opt/ros/jazzy/opt/gz_math_vendor:/opt/ros/jazzy/opt/gz_utils_vendor:/opt/ros/jazzy/opt/gz_tools_vendor:/opt/ros/jazzy/opt/gz_ogre_next_vendor:/opt/ros/jazzy/opt/gz_dartsim_vendor:/opt/ros/jazzy/opt/gz_cmake_vendor:/home/addinedu/dev_ws/ros/install/my_tf:/home/addinedu/dev_ws/ros/install/my_first_package:/home/addinedu/dev_ws/ros/install/controller_tutorials:/opt/ros/jazzy DEBUGINFOD_URLS=https://debuginfod.ubuntu.com /usr/bin/cmake /home/addinedu/pinky/src/pinky_for_edu/pinky_gazebo -DCMAKE_INSTALL_PREFIX=/home/addinedu/pinky/src/install/pinky_gazebo
[1.204s] DEBUG:colcon.colcon_core.event_handler.log_command:Invoking command in '/home/addinedu/pinky/src/pinky_for_edu/pinky_simple_navigator': DEBUGINFOD_URLS=https://debuginfod.ubuntu.com PYTHONPATH=/home/addinedu/pinky/src/build/pinky_simple_navigator/prefix_override:/usr/lib/python3/dist-packages/colcon_core/task/python/colcon_distutils_commands:/home/addinedu/pinky/src/install/pinky_simple_navigator/lib/python3.12/site-packages:${PYTHONPATH} /usr/bin/python3 -W ignore:setup.py install is deprecated -W ignore:easy_install command is deprecated setup.py egg_info --egg-base ../../build/pinky_simple_navigator build --build-base /home/addinedu/pinky/src/build/pinky_simple_navigator/build install --record /home/addinedu/pinky/src/build/pinky_simple_navigator/install.log --single-version-externally-managed install_data
[1.723s] Level 1:colcon.colcon_core.environment:checking '/home/addinedu/pinky/src/install/pinky_simple_navigator' for CMake module files
[1.723s] DEBUG:colcon.colcon_core.event_handler.log_command:Invoked command in '/home/addinedu/pinky/src/pinky_for_edu/pinky_simple_navigator' returned '0': DEBUGINFOD_URLS=https://debuginfod.ubuntu.com PYTHONPATH=/home/addinedu/pinky/src/build/pinky_simple_navigator/prefix_override:/usr/lib/python3/dist-packages/colcon_core/task/python/colcon_distutils_commands:/home/addinedu/pinky/src/install/pinky_simple_navigator/lib/python3.12/site-packages:${PYTHONPATH} /usr/bin/python3 -W ignore:setup.py install is deprecated -W ignore:easy_install command is deprecated setup.py egg_info --egg-base ../../build/pinky_simple_navigator build --build-base /home/addinedu/pinky/src/build/pinky_simple_navigator/build install --record /home/addinedu/pinky/src/build/pinky_simple_navigator/install.log --single-version-externally-managed install_data
[1.724s] Level 1:colcon.colcon_core.environment:checking '/home/addinedu/pinky/src/install/pinky_simple_navigator' for CMake config files
[1.724s] Level 1:colcon.colcon_core.environment:checking '/home/addinedu/pinky/src/install/pinky_simple_navigator/lib'
[1.724s] Level 1:colcon.colcon_core.environment:checking '/home/addinedu/pinky/src/install/pinky_simple_navigator/bin'
[1.724s] Level 1:colcon.colcon_core.environment:checking '/home/addinedu/pinky/src/install/pinky_simple_navigator/lib/pkgconfig/pinky_simple_navigator.pc'
[1.725s] Level 1:colcon.colcon_core.environment:checking '/home/addinedu/pinky/src/install/pinky_simple_navigator/lib/python3.12/site-packages'
[1.725s] Level 1:colcon.colcon_core.shell:create_environment_hook('pinky_simple_navigator', 'pythonpath')
[1.725s] INFO:colcon.colcon_core.shell:Creating environment hook '/home/addinedu/pinky/src/install/pinky_simple_navigator/share/pinky_simple_navigator/hook/pythonpath.ps1'
[1.725s] INFO:colcon.colcon_core.shell:Creating environment descriptor '/home/addinedu/pinky/src/install/pinky_simple_navigator/share/pinky_simple_navigator/hook/pythonpath.dsv'
[1.725s] INFO:colcon.colcon_core.shell:Creating environment hook '/home/addinedu/pinky/src/install/pinky_simple_navigator/share/pinky_simple_navigator/hook/pythonpath.sh'
[1.726s] Level 1:colcon.colcon_core.environment:checking '/home/addinedu/pinky/src/install/pinky_simple_navigator/bin'
[1.726s] Level 1:colcon.colcon_core.environment:create_environment_scripts_only(pinky_simple_navigator)
[1.726s] INFO:colcon.colcon_core.shell:Creating package script '/home/addinedu/pinky/src/install/pinky_simple_navigator/share/pinky_simple_navigator/package.ps1'
[1.727s] INFO:colcon.colcon_core.shell:Creating package descriptor '/home/addinedu/pinky/src/install/pinky_simple_navigator/share/pinky_simple_navigator/package.dsv'
[1.727s] INFO:colcon.colcon_core.shell:Creating package script '/home/addinedu/pinky/src/install/pinky_simple_navigator/share/pinky_simple_navigator/package.sh'
[1.727s] INFO:colcon.colcon_core.shell:Creating package script '/home/addinedu/pinky/src/install/pinky_simple_navigator/share/pinky_simple_navigator/package.bash'
[1.727s] INFO:colcon.colcon_core.shell:Creating package script '/home/addinedu/pinky/src/install/pinky_simple_navigator/share/pinky_simple_navigator/package.zsh'
[1.728s] Level 1:colcon.colcon_core.environment:create_file_with_runtime_dependencies(/home/addinedu/pinky/src/install/pinky_simple_navigator/share/colcon-core/packages/pinky_simple_navigator)
[1.731s] DEBUG:colcon.colcon_core.event_handler.log_command:Invoked command in '/home/addinedu/pinky/src/build/pinky_gazebo' returned '0': AMENT_PREFIX_PATH=/home/addinedu/pinky/src/install/pinky_description:${AMENT_PREFIX_PATH} CMAKE_PREFIX_PATH=/home/addinedu/pinky/src/install/pinky_description:/home/addinedu/dev_ws/ros/install/my_first_package_msgs:/opt/ros/jazzy/opt/gz_sim_vendor:/opt/ros/jazzy/opt/gz_sensors_vendor:/opt/ros/jazzy/opt/gz_physics_vendor:/opt/ros/jazzy/opt/sdformat_vendor:/opt/ros/jazzy/opt/gz_gui_vendor:/opt/ros/jazzy/opt/gz_transport_vendor:/opt/ros/jazzy/opt/gz_rendering_vendor:/opt/ros/jazzy/opt/gz_plugin_vendor:/opt/ros/jazzy/opt/gz_fuel_tools_vendor:/opt/ros/jazzy/opt/gz_msgs_vendor:/opt/ros/jazzy/opt/gz_common_vendor:/opt/ros/jazzy/opt/gz_math_vendor:/opt/ros/jazzy/opt/gz_utils_vendor:/opt/ros/jazzy/opt/gz_tools_vendor:/opt/ros/jazzy/opt/gz_ogre_next_vendor:/opt/ros/jazzy/opt/gz_dartsim_vendor:/opt/ros/jazzy/opt/gz_cmake_vendor:/home/addinedu/dev_ws/ros/install/my_tf:/home/addinedu/dev_ws/ros/install/my_first_package:/home/addinedu/dev_ws/ros/install/controller_tutorials:/opt/ros/jazzy DEBUGINFOD_URLS=https://debuginfod.ubuntu.com /usr/bin/cmake /home/addinedu/pinky/src/pinky_for_edu/pinky_gazebo -DCMAKE_INSTALL_PREFIX=/home/addinedu/pinky/src/install/pinky_gazebo
[1.732s] DEBUG:colcon.colcon_core.event_handler.log_command:Invoking command in '/home/addinedu/pinky/src/build/pinky_gazebo': AMENT_PREFIX_PATH=/home/addinedu/pinky/src/install/pinky_description:${AMENT_PREFIX_PATH} CMAKE_PREFIX_PATH=/home/addinedu/pinky/src/install/pinky_description:/home/addinedu/dev_ws/ros/install/my_first_package_msgs:/opt/ros/jazzy/opt/gz_sim_vendor:/opt/ros/jazzy/opt/gz_sensors_vendor:/opt/ros/jazzy/opt/gz_physics_vendor:/opt/ros/jazzy/opt/sdformat_vendor:/opt/ros/jazzy/opt/gz_gui_vendor:/opt/ros/jazzy/opt/gz_transport_vendor:/opt/ros/jazzy/opt/gz_rendering_vendor:/opt/ros/jazzy/opt/gz_plugin_vendor:/opt/ros/jazzy/opt/gz_fuel_tools_vendor:/opt/ros/jazzy/opt/gz_msgs_vendor:/opt/ros/jazzy/opt/gz_common_vendor:/opt/ros/jazzy/opt/gz_math_vendor:/opt/ros/jazzy/opt/gz_utils_vendor:/opt/ros/jazzy/opt/gz_tools_vendor:/opt/ros/jazzy/opt/gz_ogre_next_vendor:/opt/ros/jazzy/opt/gz_dartsim_vendor:/opt/ros/jazzy/opt/gz_cmake_vendor:/home/addinedu/dev_ws/ros/install/my_tf:/home/addinedu/dev_ws/ros/install/my_first_package:/home/addinedu/dev_ws/ros/install/controller_tutorials:/opt/ros/jazzy DEBUGINFOD_URLS=https://debuginfod.ubuntu.com /usr/bin/cmake --build /home/addinedu/pinky/src/build/pinky_gazebo -- -j12 -l12
[1.761s] DEBUG:colcon.colcon_core.event_handler.log_command:Invoked command in '/home/addinedu/pinky/src/build/pinky_gazebo' returned '0': AMENT_PREFIX_PATH=/home/addinedu/pinky/src/install/pinky_description:${AMENT_PREFIX_PATH} CMAKE_PREFIX_PATH=/home/addinedu/pinky/src/install/pinky_description:/home/addinedu/dev_ws/ros/install/my_first_package_msgs:/opt/ros/jazzy/opt/gz_sim_vendor:/opt/ros/jazzy/opt/gz_sensors_vendor:/opt/ros/jazzy/opt/gz_physics_vendor:/opt/ros/jazzy/opt/sdformat_vendor:/opt/ros/jazzy/opt/gz_gui_vendor:/opt/ros/jazzy/opt/gz_transport_vendor:/opt/ros/jazzy/opt/gz_rendering_vendor:/opt/ros/jazzy/opt/gz_plugin_vendor:/opt/ros/jazzy/opt/gz_fuel_tools_vendor:/opt/ros/jazzy/opt/gz_msgs_vendor:/opt/ros/jazzy/opt/gz_common_vendor:/opt/ros/jazzy/opt/gz_math_vendor:/opt/ros/jazzy/opt/gz_utils_vendor:/opt/ros/jazzy/opt/gz_tools_vendor:/opt/ros/jazzy/opt/gz_ogre_next_vendor:/opt/ros/jazzy/opt/gz_dartsim_vendor:/opt/ros/jazzy/opt/gz_cmake_vendor:/home/addinedu/dev_ws/ros/install/my_tf:/home/addinedu/dev_ws/ros/install/my_first_package:/home/addinedu/dev_ws/ros/install/controller_tutorials:/opt/ros/jazzy DEBUGINFOD_URLS=https://debuginfod.ubuntu.com /usr/bin/cmake --build /home/addinedu/pinky/src/build/pinky_gazebo -- -j12 -l12
[1.762s] DEBUG:colcon.colcon_core.event_handler.log_command:Invoking command in '/home/addinedu/pinky/src/build/pinky_gazebo': AMENT_PREFIX_PATH=/home/addinedu/pinky/src/install/pinky_description:${AMENT_PREFIX_PATH} CMAKE_PREFIX_PATH=/home/addinedu/pinky/src/install/pinky_description:/home/addinedu/dev_ws/ros/install/my_first_package_msgs:/opt/ros/jazzy/opt/gz_sim_vendor:/opt/ros/jazzy/opt/gz_sensors_vendor:/opt/ros/jazzy/opt/gz_physics_vendor:/opt/ros/jazzy/opt/sdformat_vendor:/opt/ros/jazzy/opt/gz_gui_vendor:/opt/ros/jazzy/opt/gz_transport_vendor:/opt/ros/jazzy/opt/gz_rendering_vendor:/opt/ros/jazzy/opt/gz_plugin_vendor:/opt/ros/jazzy/opt/gz_fuel_tools_vendor:/opt/ros/jazzy/opt/gz_msgs_vendor:/opt/ros/jazzy/opt/gz_common_vendor:/opt/ros/jazzy/opt/gz_math_vendor:/opt/ros/jazzy/opt/gz_utils_vendor:/opt/ros/jazzy/opt/gz_tools_vendor:/opt/ros/jazzy/opt/gz_ogre_next_vendor:/opt/ros/jazzy/opt/gz_dartsim_vendor:/opt/ros/jazzy/opt/gz_cmake_vendor:/home/addinedu/dev_ws/ros/install/my_tf:/home/addinedu/dev_ws/ros/install/my_first_package:/home/addinedu/dev_ws/ros/install/controller_tutorials:/opt/ros/jazzy DEBUGINFOD_URLS=https://debuginfod.ubuntu.com /usr/bin/cmake --install /home/addinedu/pinky/src/build/pinky_gazebo
[1.815s] Level 1:colcon.colcon_core.environment:create_environment_scripts_only(pinky_gazebo)
[1.816s] DEBUG:colcon.colcon_core.event_handler.log_command:Invoked command in '/home/addinedu/pinky/src/build/pinky_gazebo' returned '0': AMENT_PREFIX_PATH=/home/addinedu/pinky/src/install/pinky_description:${AMENT_PREFIX_PATH} CMAKE_PREFIX_PATH=/home/addinedu/pinky/src/install/pinky_description:/home/addinedu/dev_ws/ros/install/my_first_package_msgs:/opt/ros/jazzy/opt/gz_sim_vendor:/opt/ros/jazzy/opt/gz_sensors_vendor:/opt/ros/jazzy/opt/gz_physics_vendor:/opt/ros/jazzy/opt/sdformat_vendor:/opt/ros/jazzy/opt/gz_gui_vendor:/opt/ros/jazzy/opt/gz_transport_vendor:/opt/ros/jazzy/opt/gz_rendering_vendor:/opt/ros/jazzy/opt/gz_plugin_vendor:/opt/ros/jazzy/opt/gz_fuel_tools_vendor:/opt/ros/jazzy/opt/gz_msgs_vendor:/opt/ros/jazzy/opt/gz_common_vendor:/opt/ros/jazzy/opt/gz_math_vendor:/opt/ros/jazzy/opt/gz_utils_vendor:/opt/ros/jazzy/opt/gz_tools_vendor:/opt/ros/jazzy/opt/gz_ogre_next_vendor:/opt/ros/jazzy/opt/gz_dartsim_vendor:/opt/ros/jazzy/opt/gz_cmake_vendor:/home/addinedu/dev_ws/ros/install/my_tf:/home/addinedu/dev_ws/ros/install/my_first_package:/home/addinedu/dev_ws/ros/install/controller_tutorials:/opt/ros/jazzy DEBUGINFOD_URLS=https://debuginfod.ubuntu.com /usr/bin/cmake --install /home/addinedu/pinky/src/build/pinky_gazebo
[1.816s] Level 1:colcon.colcon_core.environment:checking '/home/addinedu/pinky/src/install/pinky_gazebo' for CMake module files
[1.816s] Level 1:colcon.colcon_core.environment:checking '/home/addinedu/pinky/src/install/pinky_gazebo' for CMake config files
[1.816s] Level 1:colcon.colcon_core.shell:create_environment_hook('pinky_gazebo', 'cmake_prefix_path')
[1.817s] INFO:colcon.colcon_core.shell:Creating environment hook '/home/addinedu/pinky/src/install/pinky_gazebo/share/pinky_gazebo/hook/cmake_prefix_path.ps1'
[1.817s] INFO:colcon.colcon_core.shell:Creating environment descriptor '/home/addinedu/pinky/src/install/pinky_gazebo/share/pinky_gazebo/hook/cmake_prefix_path.dsv'
[1.817s] INFO:colcon.colcon_core.shell:Creating environment hook '/home/addinedu/pinky/src/install/pinky_gazebo/share/pinky_gazebo/hook/cmake_prefix_path.sh'
[1.818s] Level 1:colcon.colcon_core.environment:checking '/home/addinedu/pinky/src/install/pinky_gazebo/bin'
[1.818s] Level 1:colcon.colcon_core.environment:checking '/home/addinedu/pinky/src/install/pinky_gazebo/lib/pkgconfig/pinky_gazebo.pc'
[1.818s] Level 1:colcon.colcon_core.environment:checking '/home/addinedu/pinky/src/install/pinky_gazebo/lib/python3.12/site-packages'
[1.818s] Level 1:colcon.colcon_core.environment:checking '/home/addinedu/pinky/src/install/pinky_gazebo/bin'
[1.818s] INFO:colcon.colcon_core.shell:Creating package script '/home/addinedu/pinky/src/install/pinky_gazebo/share/pinky_gazebo/package.ps1'
[1.818s] INFO:colcon.colcon_core.shell:Creating package descriptor '/home/addinedu/pinky/src/install/pinky_gazebo/share/pinky_gazebo/package.dsv'
[1.819s] INFO:colcon.colcon_core.shell:Creating package script '/home/addinedu/pinky/src/install/pinky_gazebo/share/pinky_gazebo/package.sh'
[1.819s] INFO:colcon.colcon_core.shell:Creating package script '/home/addinedu/pinky/src/install/pinky_gazebo/share/pinky_gazebo/package.bash'
[1.819s] INFO:colcon.colcon_core.shell:Creating package script '/home/addinedu/pinky/src/install/pinky_gazebo/share/pinky_gazebo/package.zsh'
[1.819s] Level 1:colcon.colcon_core.environment:create_file_with_runtime_dependencies(/home/addinedu/pinky/src/install/pinky_gazebo/share/colcon-core/packages/pinky_gazebo)
[1.820s] Level 1:colcon.colcon_core.environment:create_environment_scripts_only(pinky_gazebo)
[1.820s] Level 1:colcon.colcon_core.environment:checking '/home/addinedu/pinky/src/install/pinky_gazebo' for CMake module files
[1.820s] Level 1:colcon.colcon_core.environment:checking '/home/addinedu/pinky/src/install/pinky_gazebo' for CMake config files
[1.820s] Level 1:colcon.colcon_core.shell:create_environment_hook('pinky_gazebo', 'cmake_prefix_path')
[1.820s] INFO:colcon.colcon_core.shell:Creating environment hook '/home/addinedu/pinky/src/install/pinky_gazebo/share/pinky_gazebo/hook/cmake_prefix_path.ps1'
[1.821s] INFO:colcon.colcon_core.shell:Creating environment descriptor '/home/addinedu/pinky/src/install/pinky_gazebo/share/pinky_gazebo/hook/cmake_prefix_path.dsv'
[1.821s] INFO:colcon.colcon_core.shell:Creating environment hook '/home/addinedu/pinky/src/install/pinky_gazebo/share/pinky_gazebo/hook/cmake_prefix_path.sh'
[1.821s] Level 1:colcon.colcon_core.environment:checking '/home/addinedu/pinky/src/install/pinky_gazebo/bin'
[1.821s] Level 1:colcon.colcon_core.environment:checking '/home/addinedu/pinky/src/install/pinky_gazebo/lib/pkgconfig/pinky_gazebo.pc'
[1.822s] Level 1:colcon.colcon_core.environment:checking '/home/addinedu/pinky/src/install/pinky_gazebo/lib/python3.12/site-packages'
[1.822s] Level 1:colcon.colcon_core.environment:checking '/home/addinedu/pinky/src/install/pinky_gazebo/bin'
[1.822s] INFO:colcon.colcon_core.shell:Creating package script '/home/addinedu/pinky/src/install/pinky_gazebo/share/pinky_gazebo/package.ps1'
[1.822s] INFO:colcon.colcon_core.shell:Creating package descriptor '/home/addinedu/pinky/src/install/pinky_gazebo/share/pinky_gazebo/package.dsv'
[1.823s] INFO:colcon.colcon_core.shell:Creating package script '/home/addinedu/pinky/src/install/pinky_gazebo/share/pinky_gazebo/package.sh'
[1.823s] INFO:colcon.colcon_core.shell:Creating package script '/home/addinedu/pinky/src/install/pinky_gazebo/share/pinky_gazebo/package.bash'
[1.823s] INFO:colcon.colcon_core.shell:Creating package script '/home/addinedu/pinky/src/install/pinky_gazebo/share/pinky_gazebo/package.zsh'
[1.823s] Level 1:colcon.colcon_core.environment:create_file_with_runtime_dependencies(/home/addinedu/pinky/src/install/pinky_gazebo/share/colcon-core/packages/pinky_gazebo)
[1.824s] DEBUG:colcon.colcon_parallel_executor.executor.parallel:closing loop
[1.824s] DEBUG:colcon.colcon_parallel_executor.executor.parallel:loop closed
[1.824s] DEBUG:colcon.colcon_parallel_executor.executor.parallel:run_until_complete finished with '0'
[1.824s] DEBUG:colcon.colcon_core.event_reactor:joining thread
[1.829s] INFO:colcon.colcon_core.plugin_system:Skipping extension 'colcon_notification.desktop_notification.terminal_notifier': Not used on non-Darwin systems
[1.829s] INFO:colcon.colcon_core.plugin_system:Skipping extension 'colcon_notification.desktop_notification.win32': Not used on non-Windows systems
[1.830s] INFO:colcon.colcon_notification.desktop_notification:Sending desktop notification using 'notify2'
[1.846s] DEBUG:colcon.colcon_core.event_reactor:joined thread
[1.846s] INFO:colcon.colcon_core.shell:Creating prefix script '/home/addinedu/pinky/src/install/local_setup.ps1'
[1.847s] INFO:colcon.colcon_core.shell:Creating prefix util module '/home/addinedu/pinky/src/install/_local_setup_util_ps1.py'
[1.848s] INFO:colcon.colcon_core.shell:Creating prefix chain script '/home/addinedu/pinky/src/install/setup.ps1'
[1.849s] INFO:colcon.colcon_core.shell:Creating prefix script '/home/addinedu/pinky/src/install/local_setup.sh'
[1.849s] INFO:colcon.colcon_core.shell:Creating prefix util module '/home/addinedu/pinky/src/install/_local_setup_util_sh.py'
[1.850s] INFO:colcon.colcon_core.shell:Creating prefix chain script '/home/addinedu/pinky/src/install/setup.sh'
[1.851s] INFO:colcon.colcon_core.shell:Creating prefix script '/home/addinedu/pinky/src/install/local_setup.bash'
[1.851s] INFO:colcon.colcon_core.shell:Creating prefix chain script '/home/addinedu/pinky/src/install/setup.bash'
[1.852s] INFO:colcon.colcon_core.shell:Creating prefix script '/home/addinedu/pinky/src/install/local_setup.zsh'
[1.852s] INFO:colcon.colcon_core.shell:Creating prefix chain script '/home/addinedu/pinky/src/install/setup.zsh'
